2023-03-14 00:06:50 [development] info: Method:GET URL:/api/user/640d00913c71c387f72724d0 
2023-03-14 00:06:51 [development] info: Method:GET URL:/api/job?page=1&limit=5 
2023-03-14 00:07:07 [development] info: Method:GET URL:/api/user/640d00913c71c387f72724d0 
2023-03-14 00:07:07 [development] info: Method:GET URL:/api/job?page=1&limit=5 
2023-03-14 00:07:20 [development] info: Method:GET URL:/api/user/640d00913c71c387f72724d0 
2023-03-14 00:07:21 [development] info: Method:GET URL:/api/job?page=1&limit=5 
2023-03-14 00:07:35 [development] info: Method:GET URL:/api/user/640d00913c71c387f72724d0 
2023-03-14 00:07:35 [development] info: Method:POST URL:/api/job/getJobsByEmployer 
2023-03-14 00:07:35 [development] info: Method:POST URL:/api/job/getJobsByEmployer 
2023-03-14 00:07:36 [development] info: Method:GET URL:/api/job?page=1&limit=5 
2023-03-14 00:07:36 [development] info: Method:GET URL:/api/user/640d00913c71c387f72724d0 
2023-03-14 00:07:36 [development] info: Method:GET URL:/api/job?page=1&limit=5 
2023-03-14 00:07:37 [development] info: Method:GET URL:/api/user/640d00913c71c387f72724d0 
2023-03-14 00:07:37 [development] info: Method:GET URL:/api/job?page=1&limit=5 
2023-03-14 00:08:44 [development] info: Method:GET URL:/api/user/640d00913c71c387f72724d0 
2023-03-14 00:08:44 [development] info: Method:GET URL:/api/job?page=1&limit=5 
2023-03-14 00:09:32 [development] info: Method:POST URL:/api/job/getJobsByEmployer 
2023-03-14 00:10:42 [development] info: Method:GET URL:/api/user/640d00913c71c387f72724d0 
2023-03-14 00:10:42 [development] info: Method:GET URL:/api/job?page=1&limit=5 
2023-03-14 00:10:46 [development] info: Method:GET URL:/api/user/640d00913c71c387f72724d0 
2023-03-14 00:10:46 [development] info: Method:GET URL:/api/job?page=1&limit=5 
2023-03-14 00:10:49 [development] info: Method:GET URL:/api/user/640d00913c71c387f72724d0 
2023-03-14 00:10:50 [development] info: Method:GET URL:/api/job?page=1&limit=5 
2023-03-14 00:10:53 [development] info: Method:GET URL:/api/user/640d00913c71c387f72724d0 
2023-03-14 00:10:53 [development] info: Method:GET URL:/api/job?page=1&limit=5 
2023-03-14 00:10:57 [development] info: Method:GET URL:/api/user/640d00913c71c387f72724d0 
2023-03-14 00:10:57 [development] info: Method:GET URL:/api/job?page=1&limit=5 
2023-03-14 00:22:35 [development] info: Method:POST URL:/api/job/getJobsByEmployer 
2023-03-14 00:22:35 [development] info: Method:POST URL:/api/job/getJobsByEmployer 
2023-03-14 00:24:55 [development] info: Method:GET URL:/api/user/640d00913c71c387f72724d0 
2023-03-14 00:24:55 [development] info: Method:GET URL:/api/job?page=1&limit=5 
2023-03-14 00:24:59 [development] info: Method:GET URL:/api/user/640d00913c71c387f72724d0 
2023-03-14 00:24:59 [development] info: Method:GET URL:/api/job?page=1&limit=5 
2023-03-14 00:25:02 [development] info: Method:GET URL:/api/user/640d00913c71c387f72724d0 
2023-03-14 00:25:02 [development] info: Method:GET URL:/api/job?page=1&limit=5 
2023-03-14 00:25:05 [development] info: Method:GET URL:/api/user/640d00913c71c387f72724d0 
2023-03-14 00:25:06 [development] info: Method:GET URL:/api/job?page=1&limit=5 
2023-03-14 00:25:08 [development] info: Method:GET URL:/api/user/640d00913c71c387f72724d0 
2023-03-14 00:25:08 [development] info: Method:GET URL:/api/job?page=1&limit=5 
2023-03-14 00:25:12 [development] info: Method:GET URL:/api/user/640d00913c71c387f72724d0 
2023-03-14 00:25:12 [development] info: Method:GET URL:/api/job?page=1&limit=5 
2023-03-14 00:25:15 [development] info: Method:GET URL:/api/user/640d00913c71c387f72724d0 
2023-03-14 00:25:15 [development] info: Method:GET URL:/api/job?page=1&limit=5 
2023-03-14 00:26:25 [development] info: Method:POST URL:/api/job/getJobsByEmployer 
2023-03-14 00:26:26 [development] info: Method:POST URL:/api/job/getJobsByEmployer 
2023-03-14 00:26:26 [development] info: Method:GET URL:/api/user/640d00913c71c387f72724d0 
2023-03-14 00:26:26 [development] info: Method:GET URL:/api/job?page=1&limit=5 
2023-03-14 00:26:30 [development] info: Method:GET URL:/api/user/640d00913c71c387f72724d0 
2023-03-14 00:26:30 [development] info: Method:GET URL:/api/job?page=1&limit=5 
2023-03-14 00:26:33 [development] info: Method:GET URL:/api/user/640d00913c71c387f72724d0 
2023-03-14 00:26:33 [development] info: Method:GET URL:/api/job?page=1&limit=5 
2023-03-14 00:29:13 [development] info: Method:POST URL:/api/job/getJobsByEmployer 
2023-03-14 00:29:14 [development] info: Method:GET URL:/api/job?page=2&limit=5 
2023-03-14 00:29:16 [development] info: Method:POST URL:/api/job/getJobsByEmployer 
2023-03-14 00:29:16 [development] info: Method:POST URL:/api/job/getJobsByEmployer 
2023-03-14 00:37:13 [development] info: Method:POST URL:/api/job/getJobsByEmployer 
2023-03-14 00:37:16 [development] info: Method:POST URL:/api/job/getJobsByEmployer 
2023-03-14 00:37:16 [development] info: Method:POST URL:/api/job/getJobsByEmployer 
2023-03-14 00:37:17 [development] info: Method:GET URL:/api/user/640d00913c71c387f72724d0 
2023-03-14 00:37:17 [development] info: Method:GET URL:/api/job?page=1&limit=5 
2023-03-14 00:37:20 [development] info: Method:GET URL:/api/user/640d00913c71c387f72724d0 
2023-03-14 00:37:20 [development] info: Method:GET URL:/api/job?page=1&limit=5 
2023-03-14 00:37:23 [development] info: Method:GET URL:/api/user/640d00913c71c387f72724d0 
2023-03-14 00:37:23 [development] info: Method:GET URL:/api/job?page=1&limit=5 
2023-03-14 00:37:26 [development] info: Method:GET URL:/api/user/640d00913c71c387f72724d0 
2023-03-14 00:37:26 [development] info: Method:GET URL:/api/job?page=1&limit=5 
2023-03-14 00:37:30 [development] info: Method:GET URL:/api/user/640d00913c71c387f72724d0 
2023-03-14 00:37:30 [development] info: Method:GET URL:/api/job?page=1&limit=5 
2023-03-14 00:38:01 [development] info: Method:GET URL:/api/user/640d00913c71c387f72724d0 
2023-03-14 00:38:01 [development] info: Method:GET URL:/api/job?page=1&limit=5 
2023-03-14 00:38:04 [development] info: Method:POST URL:/api/job/getJobsByEmployer 
2023-03-14 00:38:04 [development] info: Method:POST URL:/api/job/getJobsByEmployer 
2023-03-14 00:38:06 [development] info: Method:GET URL:/api/user/640d00913c71c387f72724d0 
2023-03-14 00:38:06 [development] info: Method:GET URL:/api/job?page=1&limit=5 
2023-03-14 00:38:09 [development] info: Method:GET URL:/api/user/640d00913c71c387f72724d0 
2023-03-14 00:38:09 [development] info: Method:GET URL:/api/job?page=1&limit=5 
2023-03-14 00:38:13 [development] info: Method:GET URL:/api/user/640d00913c71c387f72724d0 
2023-03-14 00:38:13 [development] info: Method:GET URL:/api/job?page=1&limit=5 
2023-03-14 00:38:26 [development] info: Method:GET URL:/api/user/640d00913c71c387f72724d0 
2023-03-14 00:38:26 [development] info: Method:GET URL:/api/job?page=1&limit=5 
2023-03-14 00:38:30 [development] info: Method:GET URL:/api/user/640d00913c71c387f72724d0 
2023-03-14 00:38:31 [development] info: Method:GET URL:/api/job?page=1&limit=5 
2023-03-14 00:38:34 [development] info: Method:GET URL:/api/user/640d00913c71c387f72724d0 
2023-03-14 00:38:34 [development] info: Method:GET URL:/api/job?page=1&limit=5 
2023-03-14 00:40:07 [development] info: Method:GET URL:/api/search?searchCollection=jobs&searchTerm=new&searchField=title 
2023-03-14 00:40:14 [development] info: Method:GET URL:/api/job?page=1&limit=5 
2023-03-14 00:41:23 [development] info: Method:POST URL:/api/job/getJobsByEmployer 
2023-03-14 00:41:23 [development] info: Method:POST URL:/api/job/getJobsByEmployer 
2023-03-14 00:45:36 [development] info: Method:POST URL:/api/job/getJobsByEmployer 
2023-03-14 00:45:36 [development] info: Method:POST URL:/api/job/getJobsByEmployer 
2023-03-14 00:45:59 [development] info: Method:GET URL:/api/user/640d00913c71c387f72724d0 
2023-03-14 00:45:59 [development] info: Method:GET URL:/api/job?page=1&limit=5 
2023-03-14 00:46:08 [development] info: Method:GET URL:/api/search?searchCollection=jobs&searchTerm=new&searchField=title 
2023-03-14 00:46:38 [development] info: Method:GET URL:/api/search?searchCollection=jobs&searchTerm=ireland&searchField=location 
2023-03-14 00:47:00 [development] info: Method:GET URL:/api/job?page=1&limit=5 
2023-03-14 00:47:14 [development] info: Method:GET URL:/api/job?page=1&limit=5 
2023-03-14 00:48:36 [development] info: Method:GET URL:/api/job?page=1&limit=5 
2023-03-14 00:48:40 [development] info: Method:GET URL:/api/job?page=2&limit=5 
2023-03-14 00:51:56 [development] info: Method:POST URL:/api/job/getJobsByEmployer 
2023-03-14 00:51:56 [development] info: Method:POST URL:/api/job/getJobsByEmployer 
2023-03-14 00:53:32 [development] info: Method:POST URL:/api/job/getJobsByEmployer 
2023-03-14 00:53:58 [development] info: Method:GET URL:/api/user/640d00913c71c387f72724d0 
2023-03-14 00:53:58 [development] info: Method:GET URL:/api/job?page=1&limit=5 
2023-03-14 00:54:02 [development] info: Method:GET URL:/api/job?page=2&limit=5 
2023-03-14 00:54:17 [development] info: Method:GET URL:/api/user/640d00913c71c387f72724d0 
2023-03-14 00:54:17 [development] info: Method:GET URL:/api/job?page=1&limit=5 
2023-03-14 01:09:12 [development] info: Method:GET URL:/api/user/640d00913c71c387f72724d0 
2023-03-14 01:09:12 [development] info: Method:GET URL:/api/job?page=1&limit=5 
2023-03-14 01:09:12 [development] error: TypeError: data.countDocuments is not a function
    at Object.getAlljobs [as get] (webpack-internal:///(api)/./pages/api/job/index.js:27:31)
    at runMicrotasks (<anonymous>)
    at processTicksAndRejections (node:internal/process/task_queues:96:5)
    at async eval (webpack-internal:///(api)/./utils/api-handler.js:20:13)
    at async Object.apiResolver (C:\Users\Shiblee\Desktop\Senior_Manager\senior_manager\node_modules\next\dist\server\api-utils\node.js:372:9)
    at async DevServer.runApi (C:\Users\Shiblee\Desktop\Senior_Manager\senior_manager\node_modules\next\dist\server\next-server.js:488:9)
    at async Object.fn (C:\Users\Shiblee\Desktop\Senior_Manager\senior_manager\node_modules\next\dist\server\next-server.js:751:37)
    at async Router.execute (C:\Users\Shiblee\Desktop\Senior_Manager\senior_manager\node_modules\next\dist\server\router.js:253:36)
    at async DevServer.run (C:\Users\Shiblee\Desktop\Senior_Manager\senior_manager\node_modules\next\dist\server\base-server.js:384:29)
    at async DevServer.run (C:\Users\Shiblee\Desktop\Senior_Manager\senior_manager\node_modules\next\dist\server\dev\next-dev-server.js:743:20)
    at async DevServer.handleRequest (C:\Users\Shiblee\Desktop\Senior_Manager\senior_manager\node_modules\next\dist\server\base-server.js:322:20)
2023-03-14 01:12:14 [development] info: Method:GET URL:/api/user/640d00913c71c387f72724d0 
2023-03-14 01:12:14 [development] info: Method:GET URL:/api/job?page=1&limit=5 
2023-03-14 01:12:15 [development] error: TypeError: Cannot read properties of undefined (reading 'countDocuments')
    at Object.getAlljobs [as get] (webpack-internal:///(api)/./pages/api/job/index.js:29:79)
    at runMicrotasks (<anonymous>)
    at processTicksAndRejections (node:internal/process/task_queues:96:5)
    at async eval (webpack-internal:///(api)/./utils/api-handler.js:20:13)
    at async Object.apiResolver (C:\Users\Shiblee\Desktop\Senior_Manager\senior_manager\node_modules\next\dist\server\api-utils\node.js:372:9)
    at async DevServer.runApi (C:\Users\Shiblee\Desktop\Senior_Manager\senior_manager\node_modules\next\dist\server\next-server.js:488:9)
    at async Object.fn (C:\Users\Shiblee\Desktop\Senior_Manager\senior_manager\node_modules\next\dist\server\next-server.js:751:37)
    at async Router.execute (C:\Users\Shiblee\Desktop\Senior_Manager\senior_manager\node_modules\next\dist\server\router.js:253:36)
    at async DevServer.run (C:\Users\Shiblee\Desktop\Senior_Manager\senior_manager\node_modules\next\dist\server\base-server.js:384:29)
    at async DevServer.run (C:\Users\Shiblee\Desktop\Senior_Manager\senior_manager\node_modules\next\dist\server\dev\next-dev-server.js:743:20)
    at async DevServer.handleRequest (C:\Users\Shiblee\Desktop\Senior_Manager\senior_manager\node_modules\next\dist\server\base-server.js:322:20)
2023-03-14 01:13:05 [development] info: Method:GET URL:/api/user/640d00913c71c387f72724d0 
2023-03-14 01:13:05 [development] info: Method:GET URL:/api/job?page=1&limit=5 
2023-03-14 01:13:06 [development] error: TypeError: Cannot read properties of undefined (reading 'countDocuments')
    at Object.getAlljobs [as get] (webpack-internal:///(api)/./pages/api/job/index.js:29:78)
    at runMicrotasks (<anonymous>)
    at processTicksAndRejections (node:internal/process/task_queues:96:5)
    at async eval (webpack-internal:///(api)/./utils/api-handler.js:20:13)
    at async Object.apiResolver (C:\Users\Shiblee\Desktop\Senior_Manager\senior_manager\node_modules\next\dist\server\api-utils\node.js:372:9)
    at async DevServer.runApi (C:\Users\Shiblee\Desktop\Senior_Manager\senior_manager\node_modules\next\dist\server\next-server.js:488:9)
    at async Object.fn (C:\Users\Shiblee\Desktop\Senior_Manager\senior_manager\node_modules\next\dist\server\next-server.js:751:37)
    at async Router.execute (C:\Users\Shiblee\Desktop\Senior_Manager\senior_manager\node_modules\next\dist\server\router.js:253:36)
    at async DevServer.run (C:\Users\Shiblee\Desktop\Senior_Manager\senior_manager\node_modules\next\dist\server\base-server.js:384:29)
    at async DevServer.run (C:\Users\Shiblee\Desktop\Senior_Manager\senior_manager\node_modules\next\dist\server\dev\next-dev-server.js:743:20)
    at async DevServer.handleRequest (C:\Users\Shiblee\Desktop\Senior_Manager\senior_manager\node_modules\next\dist\server\base-server.js:322:20)
2023-03-14 01:13:27 [development] info: Method:GET URL:/api/user/640d00913c71c387f72724d0 
2023-03-14 01:13:27 [development] info: Method:GET URL:/api/job?page=1&limit=5 
2023-03-14 01:13:27 [development] error: TypeError: Cannot read properties of undefined (reading 'countDocuments')
    at Object.getAlljobs [as get] (webpack-internal:///(api)/./pages/api/job/index.js:29:78)
    at runMicrotasks (<anonymous>)
    at processTicksAndRejections (node:internal/process/task_queues:96:5)
    at async eval (webpack-internal:///(api)/./utils/api-handler.js:20:13)
    at async Object.apiResolver (C:\Users\Shiblee\Desktop\Senior_Manager\senior_manager\node_modules\next\dist\server\api-utils\node.js:372:9)
    at async DevServer.runApi (C:\Users\Shiblee\Desktop\Senior_Manager\senior_manager\node_modules\next\dist\server\next-server.js:488:9)
    at async Object.fn (C:\Users\Shiblee\Desktop\Senior_Manager\senior_manager\node_modules\next\dist\server\next-server.js:751:37)
    at async Router.execute (C:\Users\Shiblee\Desktop\Senior_Manager\senior_manager\node_modules\next\dist\server\router.js:253:36)
    at async DevServer.run (C:\Users\Shiblee\Desktop\Senior_Manager\senior_manager\node_modules\next\dist\server\base-server.js:384:29)
    at async DevServer.run (C:\Users\Shiblee\Desktop\Senior_Manager\senior_manager\node_modules\next\dist\server\dev\next-dev-server.js:743:20)
    at async DevServer.handleRequest (C:\Users\Shiblee\Desktop\Senior_Manager\senior_manager\node_modules\next\dist\server\base-server.js:322:20)
2023-03-14 01:17:58 [development] info: Method:GET URL:/api/user/640d00913c71c387f72724d0 
2023-03-14 01:17:58 [development] info: Method:GET URL:/api/job?page=1&limit=5 
2023-03-14 01:17:58 [development] error: TypeError: Cannot read properties of undefined (reading 'where')
    at Object.getAlljobs [as get] (webpack-internal:///(api)/./pages/api/job/index.js:29:78)
    at runMicrotasks (<anonymous>)
    at processTicksAndRejections (node:internal/process/task_queues:96:5)
    at async eval (webpack-internal:///(api)/./utils/api-handler.js:20:13)
    at async Object.apiResolver (C:\Users\Shiblee\Desktop\Senior_Manager\senior_manager\node_modules\next\dist\server\api-utils\node.js:372:9)
    at async DevServer.runApi (C:\Users\Shiblee\Desktop\Senior_Manager\senior_manager\node_modules\next\dist\server\next-server.js:488:9)
    at async Object.fn (C:\Users\Shiblee\Desktop\Senior_Manager\senior_manager\node_modules\next\dist\server\next-server.js:751:37)
    at async Router.execute (C:\Users\Shiblee\Desktop\Senior_Manager\senior_manager\node_modules\next\dist\server\router.js:253:36)
    at async DevServer.run (C:\Users\Shiblee\Desktop\Senior_Manager\senior_manager\node_modules\next\dist\server\base-server.js:384:29)
    at async DevServer.run (C:\Users\Shiblee\Desktop\Senior_Manager\senior_manager\node_modules\next\dist\server\dev\next-dev-server.js:743:20)
    at async DevServer.handleRequest (C:\Users\Shiblee\Desktop\Senior_Manager\senior_manager\node_modules\next\dist\server\base-server.js:322:20)
2023-03-14 01:22:04 [development] info: Method:GET URL:/api/user/640d00913c71c387f72724d0 
2023-03-14 01:22:04 [development] info: Method:GET URL:/api/job?page=1&limit=5 
2023-03-14 01:22:04 [development] error: ReferenceError: query is not defined
    at findAllJobs (webpack-internal:///(api)/./services/db/jobServices.js:40:22)
    at runMicrotasks (<anonymous>)
    at processTicksAndRejections (node:internal/process/task_queues:96:5)
    at async Object.getAlljobs [as get] (webpack-internal:///(api)/./pages/api/job/index.js:28:16)
    at async eval (webpack-internal:///(api)/./utils/api-handler.js:20:13)
    at async Object.apiResolver (C:\Users\Shiblee\Desktop\Senior_Manager\senior_manager\node_modules\next\dist\server\api-utils\node.js:372:9)
    at async DevServer.runApi (C:\Users\Shiblee\Desktop\Senior_Manager\senior_manager\node_modules\next\dist\server\next-server.js:488:9)
    at async Object.fn (C:\Users\Shiblee\Desktop\Senior_Manager\senior_manager\node_modules\next\dist\server\next-server.js:751:37)
    at async Router.execute (C:\Users\Shiblee\Desktop\Senior_Manager\senior_manager\node_modules\next\dist\server\router.js:253:36)
    at async DevServer.run (C:\Users\Shiblee\Desktop\Senior_Manager\senior_manager\node_modules\next\dist\server\base-server.js:384:29)
    at async DevServer.run (C:\Users\Shiblee\Desktop\Senior_Manager\senior_manager\node_modules\next\dist\server\dev\next-dev-server.js:743:20)
    at async DevServer.handleRequest (C:\Users\Shiblee\Desktop\Senior_Manager\senior_manager\node_modules\next\dist\server\base-server.js:322:20)
2023-03-14 01:23:00 [development] info: Method:GET URL:/api/user/640d00913c71c387f72724d0 
2023-03-14 01:23:00 [development] info: Method:GET URL:/api/job?page=1&limit=5 
2023-03-14 01:23:00 [development] error: TypeError: foundJobs.countDocuments is not a function
    at findAllJobs (webpack-internal:///(api)/./services/db/jobServices.js:40:38)
    at runMicrotasks (<anonymous>)
    at processTicksAndRejections (node:internal/process/task_queues:96:5)
    at async Object.getAlljobs [as get] (webpack-internal:///(api)/./pages/api/job/index.js:28:16)
    at async eval (webpack-internal:///(api)/./utils/api-handler.js:20:13)
    at async Object.apiResolver (C:\Users\Shiblee\Desktop\Senior_Manager\senior_manager\node_modules\next\dist\server\api-utils\node.js:372:9)
    at async DevServer.runApi (C:\Users\Shiblee\Desktop\Senior_Manager\senior_manager\node_modules\next\dist\server\next-server.js:488:9)
    at async Object.fn (C:\Users\Shiblee\Desktop\Senior_Manager\senior_manager\node_modules\next\dist\server\next-server.js:751:37)
    at async Router.execute (C:\Users\Shiblee\Desktop\Senior_Manager\senior_manager\node_modules\next\dist\server\router.js:253:36)
    at async DevServer.run (C:\Users\Shiblee\Desktop\Senior_Manager\senior_manager\node_modules\next\dist\server\base-server.js:384:29)
    at async DevServer.run (C:\Users\Shiblee\Desktop\Senior_Manager\senior_manager\node_modules\next\dist\server\dev\next-dev-server.js:743:20)
    at async DevServer.handleRequest (C:\Users\Shiblee\Desktop\Senior_Manager\senior_manager\node_modules\next\dist\server\base-server.js:322:20)
2023-03-14 01:23:25 [development] info: Method:GET URL:/api/user/640d00913c71c387f72724d0 
2023-03-14 01:23:25 [development] info: Method:GET URL:/api/job?page=1&limit=5 
2023-03-14 01:24:48 [development] info: Method:GET URL:/api/user/640d00913c71c387f72724d0 
2023-03-14 01:24:48 [development] info: Method:GET URL:/api/job?page=1&limit=5 
2023-03-14 01:29:56 [development] info: Method:GET URL:/api/job?page=2&limit=5 
2023-03-14 01:29:58 [development] info: Method:GET URL:/api/job?page=3&limit=5 
2023-03-14 01:31:14 [development] info: Method:GET URL:/api/user/640d00913c71c387f72724d0 
2023-03-14 01:31:14 [development] info: Method:GET URL:/api/job?page=1&limit=5 
2023-03-14 01:31:21 [development] info: Method:GET URL:/api/job?page=2&limit=5 
2023-03-14 01:31:51 [development] info: Method:GET URL:/api/user/640d00913c71c387f72724d0 
2023-03-14 01:31:51 [development] info: Method:GET URL:/api/job?page=1&limit=5 
2023-03-14 01:31:58 [development] info: Method:GET URL:/api/user/640d00913c71c387f72724d0 
2023-03-14 01:31:58 [development] info: Method:GET URL:/api/job?page=1&limit=5 
2023-03-14 01:32:05 [development] info: Method:GET URL:/api/job?page=2&limit=5 
2023-03-14 01:33:05 [development] info: Method:GET URL:/api/user/640d00913c71c387f72724d0 
2023-03-14 01:33:05 [development] info: Method:GET URL:/api/job?page=1&limit=5 
2023-03-14 01:33:59 [development] info: Method:GET URL:/api/user/640d00913c71c387f72724d0 
2023-03-14 01:33:59 [development] info: Method:POST URL:/api/job/getJobsByEmployer 
2023-03-14 01:33:59 [development] info: Method:GET URL:/api/user/640d00913c71c387f72724d0 
2023-03-14 01:33:59 [development] info: Method:GET URL:/api/user/640d00913c71c387f72724d0 
2023-03-14 01:33:59 [development] info: Method:GET URL:/api/user/640d00913c71c387f72724d0 
2023-03-14 01:33:59 [development] info: Method:GET URL:/api/user/640d00913c71c387f72724d0 
2023-03-14 01:33:59 [development] info: Method:GET URL:/api/user/640d00913c71c387f72724d0 
2023-03-14 01:33:59 [development] info: Method:GET URL:/api/user/640d00913c71c387f72724d0 
2023-03-14 01:33:59 [development] info: Method:POST URL:/api/job/getJobsByEmployer 
2023-03-14 01:34:00 [development] info: Method:GET URL:/api/job?page=1&limit=5 
2023-03-14 01:34:00 [development] info: Method:GET URL:/api/job?page=1&limit=5 
2023-03-14 01:34:01 [development] info: Method:GET URL:/api/job?page=1&limit=5 
2023-03-14 01:34:01 [development] info: Method:GET URL:/api/job?page=1&limit=5 
2023-03-14 01:34:01 [development] info: Method:GET URL:/api/job?page=1&limit=5 
2023-03-14 01:34:01 [development] info: Method:GET URL:/api/job?page=1&limit=5 
2023-03-14 01:34:03 [development] info: Method:GET URL:/api/job?page=1&limit=5 
2023-03-14 01:34:04 [development] info: Method:GET URL:/api/user/640d00913c71c387f72724d0 
2023-03-14 01:34:04 [development] info: Method:GET URL:/api/job?page=1&limit=5 
2023-03-14 01:34:14 [development] info: Method:GET URL:/api/job?page=2&limit=5 
2023-03-14 01:36:28 [development] info: Method:POST URL:/api/job/getJobsByEmployer 
2023-03-14 01:36:28 [development] info: Method:POST URL:/api/job/getJobsByEmployer 
2023-03-14 01:36:30 [development] info: Method:GET URL:/api/user/640d00913c71c387f72724d0 
2023-03-14 01:36:30 [development] info: Method:GET URL:/api/job?page=1&limit=5 
2023-03-14 01:36:35 [development] info: Method:GET URL:/api/job?page=2&limit=5 
2023-03-14 01:40:33 [development] info: Method:GET URL:/api/user/640d00913c71c387f72724d0 
2023-03-14 01:40:33 [development] info: Method:GET URL:/api/job?page=1&limit=5 
2023-03-14 01:40:40 [development] info: Method:GET URL:/api/job?page=2&limit=5 
2023-03-14 01:40:48 [development] info: Method:GET URL:/api/job?page=3&limit=5 
2023-03-14 01:40:48 [development] info: Method:GET URL:/api/job?page=4&limit=5 
2023-03-14 01:40:49 [development] info: Method:GET URL:/api/job?page=5&limit=5 
2023-03-14 01:40:49 [development] info: Method:GET URL:/api/job?page=6&limit=5 
2023-03-14 01:40:51 [development] info: Method:GET URL:/api/job?page=7&limit=5 
2023-03-14 01:40:54 [development] info: Method:GET URL:/api/job?page=8&limit=5 
2023-03-14 01:40:55 [development] info: Method:GET URL:/api/job?page=9&limit=5 
2023-03-14 01:40:55 [development] info: Method:GET URL:/api/job?page=10&limit=5 
2023-03-14 01:42:23 [development] info: Method:GET URL:/api/user/640d00913c71c387f72724d0 
2023-03-14 01:42:23 [development] info: Method:GET URL:/api/job?page=1&limit=5 
2023-03-14 01:42:27 [development] info: Method:GET URL:/api/job?page=2&limit=5 
2023-03-14 01:42:31 [development] info: Method:POST URL:/api/job/getJobsByEmployer 
2023-03-14 01:43:13 [development] info: Method:PUT URL:/api/user/applySave/640d00913c71c387f72724d0 
2023-03-14 01:43:19 [development] info: Method:PUT URL:/api/user/applySave/640d00913c71c387f72724d0 
2023-03-14 01:43:46 [development] info: Method:GET URL:/api/user/640d00913c71c387f72724d0 
2023-03-14 01:43:46 [development] info: Method:GET URL:/api/job?page=1&limit=5 
2023-03-14 01:45:36 [development] info: Method:POST URL:/api/job/getJobsByEmployer 
2023-03-14 01:45:36 [development] info: Method:POST URL:/api/job/getJobsByEmployer 
2023-03-14 01:48:45 [development] info: Method:GET URL:/api/user/640d00913c71c387f72724d0 
2023-03-14 01:48:45 [development] info: Method:GET URL:/api/job?page=1&limit=5 
2023-03-14 01:48:49 [development] info: Method:GET URL:/api/user/640d00913c71c387f72724d0 
2023-03-14 01:48:49 [development] info: Method:GET URL:/api/job?page=1&limit=5 
2023-03-14 01:48:54 [development] info: Method:GET URL:/api/user/640d00913c71c387f72724d0 
2023-03-14 01:48:54 [development] info: Method:GET URL:/api/job?page=1&limit=5 
2023-03-14 01:51:40 [development] info: Method:POST URL:/api/job/getJobsByEmployer 
2023-03-14 01:51:40 [development] info: Method:POST URL:/api/job/getJobsByEmployer 
2023-03-14 01:51:47 [development] info: Method:GET URL:/api/user/640d00913c71c387f72724d0 
2023-03-14 01:51:48 [development] info: Method:GET URL:/api/job?page=1&limit=5 
2023-03-14 01:51:56 [development] info: Method:GET URL:/api/user/640d00913c71c387f72724d0 
2023-03-14 01:51:56 [development] info: Method:GET URL:/api/job?page=1&limit=5 
2023-03-14 01:52:00 [development] info: Method:GET URL:/api/user/640d00913c71c387f72724d0 
2023-03-14 01:52:00 [development] info: Method:GET URL:/api/job?page=1&limit=5 
2023-03-14 01:58:35 [development] info: Method:POST URL:/api/job/getJobsByEmployer 
2023-03-14 01:58:37 [development] info: Method:GET URL:/api/user/640d00913c71c387f72724d0 
2023-03-14 01:58:37 [development] info: Method:GET URL:/api/job?page=1&limit=5 
2023-03-14 01:58:38 [development] info: Method:POST URL:/api/job/getJobsByEmployer 
2023-03-14 01:58:38 [development] info: Method:POST URL:/api/job/getJobsByEmployer 
2023-03-14 01:58:54 [development] info: Method:GET URL:/api/user/640d00913c71c387f72724d0 
2023-03-14 01:58:54 [development] info: Method:GET URL:/api/job?page=1&limit=5 
2023-03-14 02:06:52 [development] info: Method:POST URL:/api/job/getJobsByEmployer 
2023-03-14 02:06:54 [development] info: Method:POST URL:/api/job/getJobsByEmployer 
2023-03-14 02:06:54 [development] info: Method:POST URL:/api/job/getJobsByEmployer 
2023-03-14 02:08:30 [development] info: Method:GET URL:/api/user/640d00913c71c387f72724d0 
2023-03-14 02:08:30 [development] info: Method:GET URL:/api/job?page=1&limit=5 
2023-03-14 02:08:32 [development] info: Method:POST URL:/api/job/getJobsByEmployer 
2023-03-14 02:10:53 [development] info: Method:GET URL:/api/user/640d00913c71c387f72724d0 
2023-03-14 02:10:53 [development] info: Method:GET URL:/api/job?page=1&limit=5 
2023-03-14 02:10:57 [development] info: Method:GET URL:/api/user/640d00913c71c387f72724d0 
2023-03-14 02:10:57 [development] info: Method:GET URL:/api/job?page=1&limit=5 
2023-03-14 02:14:27 [development] info: Method:GET URL:/api/user/640d00913c71c387f72724d0 
2023-03-14 02:14:27 [development] info: Method:GET URL:/api/job?page=1&limit=5 
2023-03-14 02:15:03 [development] info: Method:GET URL:/api/user/640d00913c71c387f72724d0 
2023-03-14 02:15:03 [development] info: Method:GET URL:/api/user/640d00913c71c387f72724d0 
2023-03-14 02:15:03 [development] info: Method:GET URL:/api/job?page=1&limit=5 
2023-03-14 02:15:04 [development] info: Method:GET URL:/api/job?page=1&limit=5 
2023-03-14 02:16:36 [development] info: Method:POST URL:/api/job/getJobsByEmployer 
2023-03-14 02:16:36 [development] info: Method:POST URL:/api/job/getJobsByEmployer 
2023-03-14 02:21:04 [development] info: Method:POST URL:/api/job/getJobsByEmployer 
2023-03-14 02:21:04 [development] info: Method:POST URL:/api/job/getJobsByEmployer 
2023-03-14 02:21:09 [development] info: Method:GET URL:/api/user/640d00913c71c387f72724d0 
2023-03-14 02:21:09 [development] info: Method:GET URL:/api/job?page=1&limit=5 
2023-03-14 02:22:02 [development] info: Method:GET URL:/api/user/640d00913c71c387f72724d0 
2023-03-14 02:22:02 [development] info: Method:GET URL:/api/job?page=1&limit=5 
2023-03-14 02:22:31 [development] info: Method:POST URL:/api/job/getJobsByEmployer 
2023-03-14 02:26:38 [development] info: Method:GET URL:/api/user/640d00913c71c387f72724d0 
2023-03-14 02:26:39 [development] info: Method:GET URL:/api/job?page=1&limit=5 
2023-03-14 02:29:35 [development] info: Method:POST URL:/api/job/getJobsByEmployer 
2023-03-14 02:29:35 [development] info: Method:POST URL:/api/job/getJobsByEmployer 
2023-03-14 02:30:14 [development] info: Method:POST URL:/api/job/getJobsByEmployer 
2023-03-14 02:30:14 [development] info: Method:POST URL:/api/job/getJobsByEmployer 
2023-03-14 02:31:31 [development] info: Method:POST URL:/api/job/getJobsByEmployer 
2023-03-14 02:31:42 [development] info: Method:GET URL:/api/user/640d00913c71c387f72724d0 
2023-03-14 02:31:42 [development] info: Method:GET URL:/api/job?page=1&limit=5 
2023-03-14 02:32:08 [development] info: Method:GET URL:/api/user/640d00913c71c387f72724d0 
2023-03-14 02:32:08 [development] info: Method:GET URL:/api/job?page=1&limit=5 
2023-03-14 02:38:17 [development] info: Method:GET URL:/api/job?page=2&limit=5 
2023-03-14 02:40:54 [development] info: Method:GET URL:/api/user/640d00913c71c387f72724d0 
2023-03-14 02:40:54 [development] info: Method:GET URL:/api/job?page=1&limit=5 
2023-03-14 10:50:18 [development] info: Method:POST URL:/api/job/getJobsByEmployer 
2023-03-14 10:50:18 [development] info: Method:POST URL:/api/job/getJobsByEmployer 
2023-03-14 10:51:47 [development] info: Method:POST URL:/api/job/getJobsByEmployer 
2023-03-14 10:51:47 [development] info: Method:POST URL:/api/job/getJobsByEmployer 
2023-03-14 11:01:31 [development] info: Method:POST URL:/api/job/getJobsByEmployer 
2023-03-14 11:01:31 [development] info: Method:POST URL:/api/job/getJobsByEmployer 
2023-03-14 11:06:43 [development] info: Method:POST URL:/api/job/getJobsByEmployer 
2023-03-14 11:06:43 [development] info: Method:POST URL:/api/job/getJobsByEmployer 
2023-03-14 12:13:19 [development] info: Method:POST URL:/api/job/getJobsByEmployer 
2023-03-14 12:46:18 [development] info: Method:POST URL:/api/job/getJobsByEmployer 
2023-03-14 12:46:18 [development] info: Method:POST URL:/api/job/getJobsByEmployer 
2023-03-14 12:46:21 [development] info: Method:GET URL:/api/user/640d00913c71c387f72724d0 
2023-03-14 12:46:21 [development] info: Method:GET URL:/api/job?page=1&limit=5 
2023-03-14 12:46:22 [development] info: Method:GET URL:/api/user/640d00913c71c387f72724d0 
2023-03-14 12:46:22 [development] info: Method:GET URL:/api/job?page=1&limit=5 
2023-03-14 12:48:49 [development] info: Method:GET URL:/api/user/640d00913c71c387f72724d0 
2023-03-14 12:48:49 [development] info: Method:GET URL:/api/job?page=1&limit=5 
2023-03-14 12:56:16 [development] info: Method:GET URL:/api/user/63f4e315b8d06f42a93d3ee8 
2023-03-14 12:56:16 [development] info: Method:GET URL:/api/user/63f4e315b8d06f42a93d3ee8 
2023-03-14 13:00:48 [development] info: Method:GET URL:/api/user/63f4e315b8d06f42a93d3ee8 
2023-03-14 13:00:48 [development] info: Method:GET URL:/api/user/63f4e315b8d06f42a93d3ee8 
2023-03-14 13:00:54 [development] info: Method:GET URL:/api/user/63f4e315b8d06f42a93d3ee8 
2023-03-14 13:00:54 [development] info: Method:GET URL:/api/user/63f4e315b8d06f42a93d3ee8 
2023-03-14 13:01:00 [development] info: Method:GET URL:/api/user/63f4e315b8d06f42a93d3ee8 
2023-03-14 13:01:01 [development] info: Method:GET URL:/api/user/63f4e315b8d06f42a93d3ee8 
2023-03-14 13:01:03 [development] info: Method:GET URL:/api/user/63f4e315b8d06f42a93d3ee8 
2023-03-14 13:01:03 [development] info: Method:GET URL:/api/user/63f4e315b8d06f42a93d3ee8 
2023-03-14 13:01:34 [development] info: Method:GET URL:/api/user/63f4e315b8d06f42a93d3ee8 
2023-03-14 13:01:34 [development] info: Method:GET URL:/api/user/63f4e315b8d06f42a93d3ee8 
2023-03-14 13:13:53 [development] info: Method:GET URL:/api/user/63f4e315b8d06f42a93d3ee8 
2023-03-14 13:13:53 [development] info: Method:GET URL:/api/user/63f4e315b8d06f42a93d3ee8 
2023-03-14 13:17:06 [development] info: Method:GET URL:/api/user/63f4e315b8d06f42a93d3ee8 
2023-03-14 13:17:07 [development] info: Method:GET URL:/api/user/63f4e315b8d06f42a93d3ee8 
2023-03-14 13:18:20 [development] info: Method:GET URL:/api/user/640d00913c71c387f72724d0 
2023-03-14 13:18:21 [development] info: Method:GET URL:/api/job?page=1&limit=5 
2023-03-14 13:18:22 [development] info: Method:GET URL:/api/user/640d00913c71c387f72724d0 
2023-03-14 13:18:22 [development] info: Method:GET URL:/api/job?page=1&limit=5 
2023-03-14 13:18:28 [development] info: Method:GET URL:/api/user/63f4e315b8d06f42a93d3ee8 
2023-03-14 13:18:28 [development] info: Method:GET URL:/api/user/63f4e315b8d06f42a93d3ee8 
2023-03-14 13:53:01 [development] info: Method:GET URL:/api/user/640d00913c71c387f72724d0 
2023-03-14 13:53:02 [development] info: Method:POST URL:/api/job/getJobsByEmployer 
2023-03-14 13:53:02 [development] info: Method:POST URL:/api/job/getJobsByEmployer 
2023-03-14 13:53:02 [development] info: Method:GET URL:/api/job?page=1&limit=5 
2023-03-14 13:56:45 [development] info: Method:POST URL:/api/job/getJobsByEmployer 
2023-03-14 13:56:45 [development] info: Method:POST URL:/api/job/getJobsByEmployer 
2023-03-14 13:56:57 [development] info: Method:GET URL:/api/user/63f4e315b8d06f42a93d3ee8 
2023-03-14 13:56:57 [development] info: Method:GET URL:/api/job?page=1&limit=5 
2023-03-14 13:57:39 [development] info: Method:GET URL:/api/job?page=2&limit=5 
2023-03-14 13:58:00 [development] info: Method:GET URL:/api/user/63f4e315b8d06f42a93d3ee8 
2023-03-14 13:58:00 [development] info: Method:GET URL:/api/user/63f4e315b8d06f42a93d3ee8 
2023-03-14 13:58:06 [development] info: Method:POST URL:/api/job/getJobsByEmployer 
2023-03-14 13:58:06 [development] info: Method:POST URL:/api/job/getJobsByEmployer 
2023-03-14 13:59:21 [development] info: Method:PUT URL:/api/job/6408a9a6c2675f6cc0210361 
2023-03-14 13:59:28 [development] info: Method:GET URL:/api/user/63f4e315b8d06f42a93d3ee8 
2023-03-14 13:59:28 [development] info: Method:GET URL:/api/job?page=1&limit=5 
2023-03-14 14:00:32 [development] info: Method:GET URL:/api/user/63f4e315b8d06f42a93d3ee8 
2023-03-14 14:00:33 [development] info: Method:GET URL:/api/job?page=1&limit=5 
2023-03-14 14:00:41 [development] info: Method:GET URL:/api/user/63f4e315b8d06f42a93d3ee8 
2023-03-14 14:00:41 [development] info: Method:GET URL:/api/job?page=1&limit=5 
2023-03-14 14:01:16 [development] info: Method:GET URL:/api/search?searchCollection=jobs&searchTerm=new&searchField=location 
2023-03-14 14:01:29 [development] info: Method:GET URL:/api/job?page=1&limit=5 
2023-03-14 14:04:02 [development] info: Method:GET URL:/api/job?page=1&limit=5 
2023-03-14 14:06:21 [development] info: Method:GET URL:/api/search?searchCollection=jobs&searchTerm=new&searchField=location 
2023-03-14 14:06:29 [development] info: Method:GET URL:/api/job?page=1&limit=5 
2023-03-14 14:07:28 [development] info: Method:GET URL:/api/user/getJobList/640d00913c71c387f72724d0 
2023-03-14 14:07:28 [development] info: Method:GET URL:/api/user/getJobList/640d00913c71c387f72724d0 
2023-03-14 14:19:41 [development] info: Method:PUT URL:/api/user/applySave/640d00913c71c387f72724d0 
2023-03-14 14:19:42 [development] info: Method:PUT URL:/api/user/applySave/640d00913c71c387f72724d0 
2023-03-14 14:19:44 [development] info: Method:PUT URL:/api/user/applySave/640d00913c71c387f72724d0 
2023-03-14 14:19:51 [development] info: Method:PUT URL:/api/user/applySave/640d00913c71c387f72724d0 
2023-03-14 14:19:52 [development] info: Method:PUT URL:/api/user/applySave/640d00913c71c387f72724d0 
2023-03-14 14:19:53 [development] info: Method:PUT URL:/api/user/applySave/640d00913c71c387f72724d0 
2023-03-14 14:35:16 [development] info: Method:GET URL:/api/user/640d00913c71c387f72724d0 
2023-03-14 14:35:16 [development] info: Method:GET URL:/api/user/640d00913c71c387f72724d0 
2023-03-14 14:35:20 [development] info: Method:GET URL:/api/user/getJobList/640d00913c71c387f72724d0 
2023-03-14 14:35:20 [development] info: Method:GET URL:/api/user/getJobList/640d00913c71c387f72724d0 
2023-03-14 14:35:25 [development] info: Method:GET URL:/api/job?page=1&limit=5 
2023-03-14 14:36:21 [development] info: Method:GET URL:/api/job?page=1&limit=5 
2023-03-14 14:36:25 [development] info: Method:GET URL:/api/job?page=1&limit=5 
2023-03-14 14:36:36 [development] info: Method:GET URL:/api/job?page=1&limit=5 
2023-03-14 14:36:54 [development] info: Method:GET URL:/api/job?page=1&limit=5 
2023-03-14 23:22:22 [development] info: Method:GET URL:/api/job?page=1&limit=5 
2023-03-14 23:22:52 [development] info: Method:GET URL:/api/job?page=1&limit=5 
2023-03-14 23:23:08 [development] info: Method:GET URL:/api/job?page=1&limit=5 
2023-03-14 23:23:26 [development] info: Method:GET URL:/api/job?page=1&limit=5 
2023-03-14 23:24:52 [development] info: Method:GET URL:/api/user/640d00913c71c387f72724d0 
2023-03-14 23:24:52 [development] info: Method:GET URL:/api/job?page=1&limit=5 
2023-03-14 23:26:14 [development] info: Method:POST URL:/api/job/getJobsByEmployer 
2023-03-14 23:26:14 [development] info: Method:POST URL:/api/job/getJobsByEmployer 
2023-03-14 23:33:31 [development] info: Method:POST URL:/api/job/getJobsByEmployer 
2023-03-14 23:33:51 [development] info: Method:POST URL:/api/job/getJobsByEmployer 
2023-03-14 23:47:43 [development] info: Method:POST URL:/api/job/getJobsByEmployer 
2023-03-14 23:47:43 [development] info: Method:POST URL:/api/job/getJobsByEmployer 
