2023-03-05 01:09:50 [development] info: Method:POST URL:/api/job/getJobsByEmployer 
2023-03-05 01:09:50 [development] info: Method:POST URL:/api/job/getJobsByEmployer 
2023-03-05 21:22:59 [development] info: Method:POST URL:/api/job/getJobsByEmployer 
2023-03-05 21:22:59 [development] info: Method:POST URL:/api/job/getJobsByEmployer 
2023-03-05 22:03:56 [development] info: Method:POST URL:/api/job/getJobsByEmployer 
2023-03-05 22:03:56 [development] info: Method:POST URL:/api/job/getJobsByEmployer 
2023-03-05 22:04:12 [development] info: Method:POST URL:/api/job/getJobsByEmployer 
2023-03-05 22:04:12 [development] info: Method:POST URL:/api/job/getJobsByEmployer 
2023-03-05 22:04:49 [development] info: Method:POST URL:/api/job/getJobsByEmployer 
2023-03-05 22:04:49 [development] info: Method:POST URL:/api/job/getJobsByEmployer 
2023-03-05 22:06:00 [development] info: Method:POST URL:/api/job/getJobsByEmployer 
2023-03-05 22:06:00 [development] info: Method:POST URL:/api/job/getJobsByEmployer 
2023-03-05 22:06:12 [development] info: Method:POST URL:/api/job/getJobsByEmployer 
2023-03-05 22:06:12 [development] info: Method:POST URL:/api/job/getJobsByEmployer 
2023-03-05 22:08:04 [development] info: Method:POST URL:/api/job/getJobsByEmployer 
2023-03-05 22:08:04 [development] info: Method:POST URL:/api/job/getJobsByEmployer 
2023-03-05 22:08:12 [development] info: Method:POST URL:/api/job/getJobsByEmployer 
2023-03-05 22:08:12 [development] info: Method:POST URL:/api/job/getJobsByEmployer 
2023-03-05 22:11:19 [development] info: Method:POST URL:/api/job/getJobsByEmployer 
2023-03-05 22:11:19 [development] info: Method:POST URL:/api/job/getJobsByEmployer 
2023-03-05 22:11:22 [development] info: Method:POST URL:/api/job/getJobsByEmployer 
2023-03-05 22:11:22 [development] info: Method:POST URL:/api/job/getJobsByEmployer 
2023-03-05 22:12:09 [development] info: Method:POST URL:/api/job/getJobsByEmployer 
2023-03-05 22:12:09 [development] info: Method:POST URL:/api/job/getJobsByEmployer 
2023-03-05 22:12:50 [development] info: Method:POST URL:/api/job/getJobsByEmployer 
2023-03-05 22:12:50 [development] info: Method:POST URL:/api/job/getJobsByEmployer 
2023-03-05 22:13:15 [development] info: Method:POST URL:/api/job/getJobsByEmployer 
2023-03-05 22:13:15 [development] info: Method:POST URL:/api/job/getJobsByEmployer 
2023-03-05 22:14:45 [development] info: Method:POST URL:/api/job/getJobsByEmployer 
2023-03-05 22:14:45 [development] info: Method:POST URL:/api/job/getJobsByEmployer 
2023-03-05 22:20:13 [development] info: Method:POST URL:/api/job/getJobsByEmployer 
2023-03-05 22:20:13 [development] info: Method:POST URL:/api/job/getJobsByEmployer 
2023-03-05 22:20:39 [development] info: Method:POST URL:/api/job/getJobsByEmployer 
2023-03-05 22:20:39 [development] info: Method:POST URL:/api/job/getJobsByEmployer 
2023-03-05 22:21:23 [development] info: Method:POST URL:/api/job/getJobsByEmployer 
2023-03-05 22:21:23 [development] info: Method:POST URL:/api/job/getJobsByEmployer 
2023-03-05 22:22:12 [development] info: Method:POST URL:/api/job/getJobsByEmployer 
2023-03-05 22:22:12 [development] info: Method:POST URL:/api/job/getJobsByEmployer 
2023-03-05 22:22:35 [development] info: Method:POST URL:/api/job/getJobsByEmployer 
2023-03-05 22:22:35 [development] info: Method:POST URL:/api/job/getJobsByEmployer 
2023-03-05 22:23:19 [development] info: Method:POST URL:/api/job/getJobsByEmployer 
2023-03-05 22:23:19 [development] info: Method:POST URL:/api/job/getJobsByEmployer 
2023-03-05 22:24:12 [development] info: Method:POST URL:/api/job/getJobsByEmployer 
2023-03-05 22:24:12 [development] info: Method:POST URL:/api/job/getJobsByEmployer 
2023-03-05 22:26:40 [development] info: Method:POST URL:/api/job/getJobsByEmployer 
2023-03-05 22:26:40 [development] info: Method:POST URL:/api/job/getJobsByEmployer 
2023-03-05 22:27:22 [development] info: Method:POST URL:/api/job/getJobsByEmployer 
2023-03-05 22:27:22 [development] info: Method:POST URL:/api/job/getJobsByEmployer 
2023-03-05 22:28:13 [development] info: Method:POST URL:/api/job/getJobsByEmployer 
2023-03-05 22:28:13 [development] info: Method:POST URL:/api/job/getJobsByEmployer 
2023-03-05 22:31:01 [development] info: Method:POST URL:/api/job/getJobsByEmployer 
2023-03-05 22:31:01 [development] info: Method:POST URL:/api/job/getJobsByEmployer 
2023-03-05 22:31:34 [development] info: Method:POST URL:/api/job/getJobsByEmployer 
2023-03-05 22:31:34 [development] info: Method:POST URL:/api/job/getJobsByEmployer 
2023-03-05 22:35:05 [development] info: Method:POST URL:/api/job/getJobsByEmployer 
2023-03-05 22:35:05 [development] info: Method:POST URL:/api/job/getJobsByEmployer 
2023-03-05 22:39:40 [development] info: Method:POST URL:/api/job/getJobsByEmployer 
2023-03-05 22:39:40 [development] info: Method:POST URL:/api/job/getJobsByEmployer 
2023-03-05 22:41:49 [development] info: Method:POST URL:/api/job/getJobsByEmployer 
2023-03-05 22:41:49 [development] info: Method:POST URL:/api/job/getJobsByEmployer 
2023-03-05 22:42:27 [development] info: Method:POST URL:/api/job/getJobsByEmployer 
2023-03-05 22:42:27 [development] info: Method:POST URL:/api/job/getJobsByEmployer 
2023-03-05 22:43:14 [development] info: Method:POST URL:/api/job/getJobsByEmployer 
2023-03-05 22:43:14 [development] info: Method:POST URL:/api/job/getJobsByEmployer 
2023-03-05 22:44:01 [development] info: Method:POST URL:/api/job/getJobsByEmployer 
2023-03-05 22:44:01 [development] info: Method:POST URL:/api/job/getJobsByEmployer 
2023-03-05 22:44:27 [development] info: Method:POST URL:/api/job/getJobsByEmployer 
2023-03-05 22:44:27 [development] info: Method:POST URL:/api/job/getJobsByEmployer 
2023-03-05 22:45:15 [development] info: Method:POST URL:/api/job/getJobsByEmployer 
2023-03-05 22:45:15 [development] info: Method:POST URL:/api/job/getJobsByEmployer 
2023-03-05 22:45:20 [development] error: MongooseServerSelectionError: Could not connect to any servers in your MongoDB Atlas cluster. One common reason is that you're trying to access the database from an IP that isn't whitelisted. Make sure your current IP address is on your Atlas cluster's IP whitelist: https://docs.atlas.mongodb.com/security-whitelist/
    at Function.Model.$wrapCallback (C:\Users\Shiblee\Desktop\Senior_Manager\senior_manager\node_modules\mongoose\lib\model.js:5286:32)
    at C:\Users\Shiblee\Desktop\Senior_Manager\senior_manager\node_modules\mongoose\lib\query.js:4930:21
    at C:\Users\Shiblee\Desktop\Senior_Manager\senior_manager\node_modules\mongoose\lib\helpers\promiseOrCallback.js:41:5
    at new Promise (<anonymous>)
    at promiseOrCallback (C:\Users\Shiblee\Desktop\Senior_Manager\senior_manager\node_modules\mongoose\lib\helpers\promiseOrCallback.js:40:10)
    at model.Query.exec (C:\Users\Shiblee\Desktop\Senior_Manager\senior_manager\node_modules\mongoose\lib\query.js:4929:10)
    at findJobs (webpack-internal:///(api)/./services/db/jobServices.js:22:95)
    at Object.getJobsByEmloyer [as post] (webpack-internal:///(api)/./pages/api/job/getJobsByEmployer.js:17:94)
    at runMicrotasks (<anonymous>)
    at processTicksAndRejections (node:internal/process/task_queues:96:5)
    at async eval (webpack-internal:///(api)/./utils/api-handler.js:20:13)
    at async Object.apiResolver (C:\Users\Shiblee\Desktop\Senior_Manager\senior_manager\node_modules\next\dist\server\api-utils\node.js:372:9)
    at async DevServer.runApi (C:\Users\Shiblee\Desktop\Senior_Manager\senior_manager\node_modules\next\dist\server\next-server.js:488:9)
    at async Object.fn (C:\Users\Shiblee\Desktop\Senior_Manager\senior_manager\node_modules\next\dist\server\next-server.js:751:37)
    at async Router.execute (C:\Users\Shiblee\Desktop\Senior_Manager\senior_manager\node_modules\next\dist\server\router.js:253:36)
    at async DevServer.run (C:\Users\Shiblee\Desktop\Senior_Manager\senior_manager\node_modules\next\dist\server\base-server.js:384:29)
    at async DevServer.run (C:\Users\Shiblee\Desktop\Senior_Manager\senior_manager\node_modules\next\dist\server\dev\next-dev-server.js:743:20)
    at async DevServer.handleRequest (C:\Users\Shiblee\Desktop\Senior_Manager\senior_manager\node_modules\next\dist\server\base-server.js:322:20)
2023-03-05 22:45:20 [development] error: MongooseServerSelectionError: Could not connect to any servers in your MongoDB Atlas cluster. One common reason is that you're trying to access the database from an IP that isn't whitelisted. Make sure your current IP address is on your Atlas cluster's IP whitelist: https://docs.atlas.mongodb.com/security-whitelist/
    at Function.Model.$wrapCallback (C:\Users\Shiblee\Desktop\Senior_Manager\senior_manager\node_modules\mongoose\lib\model.js:5286:32)
    at C:\Users\Shiblee\Desktop\Senior_Manager\senior_manager\node_modules\mongoose\lib\query.js:4930:21
    at C:\Users\Shiblee\Desktop\Senior_Manager\senior_manager\node_modules\mongoose\lib\helpers\promiseOrCallback.js:41:5
    at new Promise (<anonymous>)
    at promiseOrCallback (C:\Users\Shiblee\Desktop\Senior_Manager\senior_manager\node_modules\mongoose\lib\helpers\promiseOrCallback.js:40:10)
    at model.Query.exec (C:\Users\Shiblee\Desktop\Senior_Manager\senior_manager\node_modules\mongoose\lib\query.js:4929:10)
    at findJobs (webpack-internal:///(api)/./services/db/jobServices.js:22:95)
    at Object.getJobsByEmloyer [as post] (webpack-internal:///(api)/./pages/api/job/getJobsByEmployer.js:17:94)
    at runMicrotasks (<anonymous>)
    at processTicksAndRejections (node:internal/process/task_queues:96:5)
    at async eval (webpack-internal:///(api)/./utils/api-handler.js:20:13)
    at async Object.apiResolver (C:\Users\Shiblee\Desktop\Senior_Manager\senior_manager\node_modules\next\dist\server\api-utils\node.js:372:9)
    at async DevServer.runApi (C:\Users\Shiblee\Desktop\Senior_Manager\senior_manager\node_modules\next\dist\server\next-server.js:488:9)
    at async Object.fn (C:\Users\Shiblee\Desktop\Senior_Manager\senior_manager\node_modules\next\dist\server\next-server.js:751:37)
    at async Router.execute (C:\Users\Shiblee\Desktop\Senior_Manager\senior_manager\node_modules\next\dist\server\router.js:253:36)
    at async DevServer.run (C:\Users\Shiblee\Desktop\Senior_Manager\senior_manager\node_modules\next\dist\server\base-server.js:384:29)
    at async DevServer.run (C:\Users\Shiblee\Desktop\Senior_Manager\senior_manager\node_modules\next\dist\server\dev\next-dev-server.js:743:20)
    at async DevServer.handleRequest (C:\Users\Shiblee\Desktop\Senior_Manager\senior_manager\node_modules\next\dist\server\base-server.js:322:20)
2023-03-05 22:45:45 [development] error: MongooseServerSelectionError: Could not connect to any servers in your MongoDB Atlas cluster. One common reason is that you're trying to access the database from an IP that isn't whitelisted. Make sure your current IP address is on your Atlas cluster's IP whitelist: https://docs.atlas.mongodb.com/security-whitelist/
    at Function.Model.$wrapCallback (C:\Users\Shiblee\Desktop\Senior_Manager\senior_manager\node_modules\mongoose\lib\model.js:5286:32)
    at C:\Users\Shiblee\Desktop\Senior_Manager\senior_manager\node_modules\mongoose\lib\query.js:4930:21
    at C:\Users\Shiblee\Desktop\Senior_Manager\senior_manager\node_modules\mongoose\lib\helpers\promiseOrCallback.js:41:5
    at new Promise (<anonymous>)
    at promiseOrCallback (C:\Users\Shiblee\Desktop\Senior_Manager\senior_manager\node_modules\mongoose\lib\helpers\promiseOrCallback.js:40:10)
    at model.Query.exec (C:\Users\Shiblee\Desktop\Senior_Manager\senior_manager\node_modules\mongoose\lib\query.js:4929:10)
    at findJobs (webpack-internal:///(api)/./services/db/jobServices.js:22:95)
    at Object.getJobsByEmloyer [as post] (webpack-internal:///(api)/./pages/api/job/getJobsByEmployer.js:17:94)
    at runMicrotasks (<anonymous>)
    at processTicksAndRejections (node:internal/process/task_queues:96:5)
    at async eval (webpack-internal:///(api)/./utils/api-handler.js:20:13)
    at async Object.apiResolver (C:\Users\Shiblee\Desktop\Senior_Manager\senior_manager\node_modules\next\dist\server\api-utils\node.js:372:9)
    at async DevServer.runApi (C:\Users\Shiblee\Desktop\Senior_Manager\senior_manager\node_modules\next\dist\server\next-server.js:488:9)
    at async Object.fn (C:\Users\Shiblee\Desktop\Senior_Manager\senior_manager\node_modules\next\dist\server\next-server.js:751:37)
    at async Router.execute (C:\Users\Shiblee\Desktop\Senior_Manager\senior_manager\node_modules\next\dist\server\router.js:253:36)
    at async DevServer.run (C:\Users\Shiblee\Desktop\Senior_Manager\senior_manager\node_modules\next\dist\server\base-server.js:384:29)
    at async DevServer.run (C:\Users\Shiblee\Desktop\Senior_Manager\senior_manager\node_modules\next\dist\server\dev\next-dev-server.js:743:20)
    at async DevServer.handleRequest (C:\Users\Shiblee\Desktop\Senior_Manager\senior_manager\node_modules\next\dist\server\base-server.js:322:20)
2023-03-05 22:45:45 [development] error: MongooseServerSelectionError: Could not connect to any servers in your MongoDB Atlas cluster. One common reason is that you're trying to access the database from an IP that isn't whitelisted. Make sure your current IP address is on your Atlas cluster's IP whitelist: https://docs.atlas.mongodb.com/security-whitelist/
    at Function.Model.$wrapCallback (C:\Users\Shiblee\Desktop\Senior_Manager\senior_manager\node_modules\mongoose\lib\model.js:5286:32)
    at C:\Users\Shiblee\Desktop\Senior_Manager\senior_manager\node_modules\mongoose\lib\query.js:4930:21
    at C:\Users\Shiblee\Desktop\Senior_Manager\senior_manager\node_modules\mongoose\lib\helpers\promiseOrCallback.js:41:5
    at new Promise (<anonymous>)
    at promiseOrCallback (C:\Users\Shiblee\Desktop\Senior_Manager\senior_manager\node_modules\mongoose\lib\helpers\promiseOrCallback.js:40:10)
    at model.Query.exec (C:\Users\Shiblee\Desktop\Senior_Manager\senior_manager\node_modules\mongoose\lib\query.js:4929:10)
    at findJobs (webpack-internal:///(api)/./services/db/jobServices.js:22:95)
    at Object.getJobsByEmloyer [as post] (webpack-internal:///(api)/./pages/api/job/getJobsByEmployer.js:17:94)
    at runMicrotasks (<anonymous>)
    at processTicksAndRejections (node:internal/process/task_queues:96:5)
    at async eval (webpack-internal:///(api)/./utils/api-handler.js:20:13)
    at async Object.apiResolver (C:\Users\Shiblee\Desktop\Senior_Manager\senior_manager\node_modules\next\dist\server\api-utils\node.js:372:9)
    at async DevServer.runApi (C:\Users\Shiblee\Desktop\Senior_Manager\senior_manager\node_modules\next\dist\server\next-server.js:488:9)
    at async Object.fn (C:\Users\Shiblee\Desktop\Senior_Manager\senior_manager\node_modules\next\dist\server\next-server.js:751:37)
    at async Router.execute (C:\Users\Shiblee\Desktop\Senior_Manager\senior_manager\node_modules\next\dist\server\router.js:253:36)
    at async DevServer.run (C:\Users\Shiblee\Desktop\Senior_Manager\senior_manager\node_modules\next\dist\server\base-server.js:384:29)
    at async DevServer.run (C:\Users\Shiblee\Desktop\Senior_Manager\senior_manager\node_modules\next\dist\server\dev\next-dev-server.js:743:20)
    at async DevServer.handleRequest (C:\Users\Shiblee\Desktop\Senior_Manager\senior_manager\node_modules\next\dist\server\base-server.js:322:20)
2023-03-05 22:49:31 [development] info: Method:POST URL:/api/job/getJobsByEmployer 
2023-03-05 22:49:31 [development] info: Method:POST URL:/api/job/getJobsByEmployer 
2023-03-05 22:50:24 [development] info: Method:POST URL:/api/job/getJobsByEmployer 
2023-03-05 22:50:25 [development] info: Method:POST URL:/api/job/getJobsByEmployer 
2023-03-05 22:50:34 [development] info: Method:POST URL:/api/job/getJobsByEmployer 
2023-03-05 22:50:34 [development] info: Method:POST URL:/api/job/getJobsByEmployer 
2023-03-05 22:50:46 [development] info: Method:POST URL:/api/job/getJobsByEmployer 
2023-03-05 22:50:46 [development] info: Method:POST URL:/api/job/getJobsByEmployer 
2023-03-05 22:51:13 [development] info: Method:POST URL:/api/job/getJobsByEmployer 
2023-03-05 22:51:13 [development] info: Method:POST URL:/api/job/getJobsByEmployer 
2023-03-05 22:51:45 [development] info: Method:POST URL:/api/job/getJobsByEmployer 
2023-03-05 22:51:45 [development] info: Method:POST URL:/api/job/getJobsByEmployer 
2023-03-05 22:59:37 [development] info: Method:POST URL:/api/job/getJobsByEmployer 
2023-03-05 22:59:37 [development] info: Method:POST URL:/api/job/getJobsByEmployer 
2023-03-05 23:00:18 [development] info: Method:POST URL:/api/job/getJobsByEmployer 
2023-03-05 23:00:18 [development] info: Method:POST URL:/api/job/getJobsByEmployer 
2023-03-05 23:01:13 [development] info: Method:POST URL:/api/job/getJobsByEmployer 
2023-03-05 23:01:13 [development] info: Method:POST URL:/api/job/getJobsByEmployer 
2023-03-05 23:02:12 [development] info: Method:POST URL:/api/job/getJobsByEmployer 
2023-03-05 23:02:12 [development] info: Method:POST URL:/api/job/getJobsByEmployer 
2023-03-05 23:05:46 [development] info: Method:POST URL:/api/job/getJobsByEmployer 
2023-03-05 23:05:46 [development] info: Method:POST URL:/api/job/getJobsByEmployer 
2023-03-05 23:06:12 [development] info: Method:POST URL:/api/job/getJobsByEmployer 
2023-03-05 23:06:12 [development] info: Method:POST URL:/api/job/getJobsByEmployer 
