2023-02-23 15:45:10 [development] info: Method:GET URL:/api/search?id= 
2023-02-23 15:45:11 [development] info: Method:GET URL:/api/search?id= 
2023-02-23 15:45:19 [development] info: Method:GET URL:/api/search?id= 
2023-02-23 15:45:20 [development] info: Method:GET URL:/api/search?id= 
2023-02-23 15:45:35 [development] info: Method:GET URL:/api/search?id=j 
2023-02-23 15:45:35 [development] info: Method:GET URL:/api/search?id=ja 
2023-02-23 15:45:37 [development] info: Method:GET URL:/api/search?id=jav 
2023-02-23 15:45:37 [development] info: Method:GET URL:/api/search?id=java 
2023-02-23 15:45:40 [development] info: Method:GET URL:/api/search?id=javas 
2023-02-23 15:45:41 [development] info: Method:GET URL:/api/search?id=javasc 
2023-02-23 15:45:41 [development] info: Method:GET URL:/api/search?id=javascr 
2023-02-23 15:45:41 [development] info: Method:GET URL:/api/search?id=javascri 
2023-02-23 15:45:42 [development] info: Method:GET URL:/api/search?id=javascrip 
2023-02-23 15:45:42 [development] info: Method:GET URL:/api/search?id=javascript 
2023-02-23 15:45:45 [development] info: Method:GET URL:/api/search?id=javascrip 
2023-02-23 15:45:45 [development] info: Method:GET URL:/api/search?id=javascri 
2023-02-23 15:45:46 [development] info: Method:GET URL:/api/search?id=javascr 
2023-02-23 15:45:46 [development] info: Method:GET URL:/api/search?id=javasc 
2023-02-23 15:45:46 [development] info: Method:GET URL:/api/search?id=javas 
2023-02-23 15:45:46 [development] info: Method:GET URL:/api/search?id=java 
2023-02-23 15:45:46 [development] info: Method:GET URL:/api/search?id=jav 
2023-02-23 15:45:46 [development] info: Method:GET URL:/api/search?id=ja 
2023-02-23 15:45:46 [development] info: Method:GET URL:/api/search?id=j 
2023-02-23 15:47:58 [development] info: Method:GET URL:/api/search?id=d 
2023-02-23 15:47:58 [development] info: Method:GET URL:/api/search?id=df 
2023-02-23 15:47:58 [development] info: Method:GET URL:/api/search?id=dfs 
2023-02-23 15:47:58 [development] info: Method:GET URL:/api/search?id=dfsa 
2023-02-23 15:48:18 [development] info: Method:GET URL:/api/search?id=j 
2023-02-23 15:48:18 [development] info: Method:GET URL:/api/search?id=ja 
2023-02-23 15:48:34 [development] info: Method:GET URL:/api/search?id=j 
2023-02-23 15:48:34 [development] info: Method:GET URL:/api/search?id=ja 
2023-02-23 15:48:35 [development] info: Method:GET URL:/api/search?id=jav 
2023-02-23 15:48:35 [development] info: Method:GET URL:/api/search?id=java 
2023-02-23 15:50:14 [development] info: Method:GET URL:/api/search?id= 
2023-02-23 15:50:14 [development] info: Method:GET URL:/api/search?id= 
2023-02-23 15:50:20 [development] info: Method:GET URL:/api/search?id=j 
2023-02-23 15:50:20 [development] info: Method:GET URL:/api/search?id=ja 
2023-02-23 15:50:20 [development] info: Method:GET URL:/api/search?id=jav 
2023-02-23 15:50:20 [development] info: Method:GET URL:/api/search?id=java 
2023-02-23 15:51:41 [development] info: Method:GET URL:/api/search?id=j 
2023-02-23 15:51:41 [development] info: Method:GET URL:/api/search?id=ja 
2023-02-23 15:51:42 [development] info: Method:GET URL:/api/search?id=jav 
2023-02-23 15:53:01 [development] info: Method:GET URL:/api/search?id=j 
2023-02-23 15:53:01 [development] info: Method:GET URL:/api/search?id=ja 
2023-02-23 15:53:01 [development] info: Method:GET URL:/api/search?id=jav 
2023-02-23 15:53:02 [development] info: Method:GET URL:/api/search?id=java 
2023-02-23 15:53:54 [development] info: Method:GET URL:/api/search?id=j 
2023-02-23 15:53:54 [development] info: Method:GET URL:/api/search?id=js 
2023-02-23 15:53:54 [development] info: Method:GET URL:/api/search?id=jsv 
2023-02-23 15:53:54 [development] info: Method:GET URL:/api/search?id=jsvs 
2023-02-23 15:54:04 [development] info: Method:GET URL:/api/search?id=j 
2023-02-23 15:54:05 [development] info: Method:GET URL:/api/search?id=ja 
2023-02-23 15:54:05 [development] info: Method:GET URL:/api/search?id=jav 
2023-02-23 15:54:05 [development] info: Method:GET URL:/api/search?id=java 
2023-02-23 15:54:23 [development] info: Method:GET URL:/api/search?id=f 
2023-02-23 15:54:24 [development] info: Method:GET URL:/api/search?id=fa 
2023-02-23 15:54:53 [development] info: Method:GET URL:/api/search?id=j 
2023-02-23 15:54:53 [development] info: Method:GET URL:/api/search?id=ja 
2023-02-23 15:54:54 [development] info: Method:GET URL:/api/search?id=jav 
2023-02-23 15:54:54 [development] info: Method:GET URL:/api/search?id=java 
2023-02-23 15:57:13 [development] info: Method:GET URL:/api/search?id= 
2023-02-23 15:57:14 [development] info: Method:GET URL:/api/search?id= 
2023-02-23 15:57:24 [development] info: Method:GET URL:/api/search?id=j 
2023-02-23 15:57:24 [development] info: Method:GET URL:/api/search?id=ja 
2023-02-23 15:57:24 [development] info: Method:GET URL:/api/search?id=jav 
2023-02-23 15:57:25 [development] info: Method:GET URL:/api/search?id=java 
2023-02-23 15:59:22 [development] info: Method:GET URL:/api/search?id= 
2023-02-23 15:59:24 [development] info: Method:GET URL:/api/search?id= 
2023-02-23 15:59:30 [development] info: Method:GET URL:/api/search?id=j 
2023-02-23 15:59:31 [development] info: Method:GET URL:/api/search?id=ja 
2023-02-23 15:59:31 [development] info: Method:GET URL:/api/search?id=jav 
2023-02-23 15:59:31 [development] info: Method:GET URL:/api/search?id=java 
2023-02-23 15:59:47 [development] info: Method:GET URL:/api/search?id=j 
2023-02-23 15:59:48 [development] info: Method:GET URL:/api/search?id=ja 
2023-02-23 16:00:59 [development] info: Method:GET URL:/api/search?id=s 
2023-02-23 16:01:24 [development] info: Method:GET URL:/api/search?id= 
2023-02-23 16:01:25 [development] info: Method:GET URL:/api/search?id= 
2023-02-23 16:01:36 [development] info: Method:GET URL:/api/search?id=j 
2023-02-23 16:01:36 [development] info: Method:GET URL:/api/search?id=ja 
2023-02-23 16:01:36 [development] info: Method:GET URL:/api/search?id=jav 
2023-02-23 16:01:36 [development] info: Method:GET URL:/api/search?id=java 
2023-02-23 16:03:01 [development] info: Method:GET URL:/api/search?id= 
2023-02-23 16:03:02 [development] info: Method:GET URL:/api/search?id= 
2023-02-23 16:03:32 [development] info: Method:GET URL:/api/search?id= 
2023-02-23 16:03:34 [development] info: Method:GET URL:/api/search?id= 
2023-02-23 16:03:44 [development] info: Method:GET URL:/api/search?id=j 
2023-02-23 16:03:44 [development] info: Method:GET URL:/api/search?id=ja 
2023-02-23 16:03:44 [development] info: Method:GET URL:/api/search?id=jav 
2023-02-23 16:03:45 [development] info: Method:GET URL:/api/search?id=java 
2023-02-23 16:03:48 [development] info: Method:GET URL:/api/search?id=j 
2023-02-23 16:03:48 [development] info: Method:GET URL:/api/search?id=ja 
2023-02-23 16:03:49 [development] info: Method:GET URL:/api/search?id=jav 
2023-02-23 16:04:00 [development] info: Method:GET URL:/api/search?id=p 
2023-02-23 16:04:01 [development] info: Method:GET URL:/api/search?id=ph 
2023-02-23 16:04:02 [development] info: Method:GET URL:/api/search?id=php 
2023-02-23 17:51:47 [development] info: Method:GET URL:/api/search?id=jav 
2023-02-23 17:51:47 [development] info: Method:GET URL:/api/search?id=java 
2023-02-23 17:51:57 [development] info: Method:GET URL:/api/search?id=java 
2023-02-23 17:52:05 [development] info: Method:GET URL:/api/search?id=j 
2023-02-23 17:52:12 [development] info: Method:GET URL:/api/search?id=pro 
2023-02-23 17:52:19 [development] info: Method:GET URL:/api/search?id=prog 
2023-02-23 17:52:19 [development] info: Method:GET URL:/api/search?id=prog 
2023-02-23 17:52:21 [development] info: Method:GET URL:/api/search?id=p 
2023-02-23 17:52:27 [development] info: Method:GET URL:/api/search?id=jav 
2023-02-23 17:52:29 [development] info: Method:GET URL:/api/search?id=j 
2023-02-23 17:52:31 [development] info: Method:GET URL:/api/search?id=php 
2023-02-23 17:52:41 [development] info: Method:GET URL:/api/search?id=p 
2023-02-23 17:52:58 [development] info: Method:GET URL:/api/search?id=editing 
2023-02-23 17:53:50 [development] info: Method:GET URL:/api/search?id=php 
2023-02-23 17:53:55 [development] info: Method:GET URL:/api/search?id=phph 
2023-02-23 17:53:57 [development] info: Method:GET URL:/api/search?id=php 
2023-02-23 17:54:02 [development] info: Method:GET URL:/api/search?id=p 
2023-02-23 17:54:04 [development] info: Method:GET URL:/api/search?id=php 
2023-02-23 17:54:42 [development] info: Method:GET URL:/api/search?id=php 
2023-02-23 17:54:48 [development] info: Method:GET URL:/api/search?id=p 
2023-02-23 17:54:56 [development] info: Method:GET URL:/api/search?id=jva 
2023-02-23 17:54:58 [development] info: Method:GET URL:/api/search?id=j 
2023-02-23 17:55:00 [development] info: Method:GET URL:/api/search?id=java 
2023-02-23 17:55:08 [development] info: Method:GET URL:/api/search?id=editing 
2023-02-23 17:56:24 [development] info: Method:GET URL:/api/search?id=java 
2023-02-23 17:56:28 [development] info: Method:GET URL:/api/search?id=j 
2023-02-23 17:56:37 [development] info: Method:GET URL:/api/search?id=editi 
2023-02-23 17:57:30 [development] info: Method:GET URL:/api/search?id=ediy 
2023-02-23 17:57:32 [development] info: Method:GET URL:/api/search?id=edi 
2023-02-23 17:57:35 [development] info: Method:GET URL:/api/search?id=edit 
2023-02-23 18:00:54 [development] info: Method:GET URL:/api/search?id=java 
2023-02-23 18:00:58 [development] info: Method:GET URL:/api/search?id=j 
2023-02-23 18:01:03 [development] info: Method:GET URL:/api/search?id=php 
2023-02-23 18:10:13 [development] info: Method:GET URL:/api/search?id=java 
2023-02-23 18:10:17 [development] info: Method:GET URL:/api/search?id=j 
2023-02-23 18:10:24 [development] info: Method:GET URL:/api/search?id=edit 
2023-02-23 18:34:05 [development] info: Method:GET URL:/api/search?id=java 
2023-02-23 18:34:26 [development] info: Method:GET URL:/api/search?id=php 
2023-02-23 18:34:50 [development] info: Method:GET URL:/api/search?id=php 
2023-02-23 18:34:56 [development] info: Method:GET URL:/api/search?id=java 
2023-02-23 18:35:08 [development] info: Method:GET URL:/api/search?id=edit 
2023-02-23 18:35:18 [development] info: Method:GET URL:/api/search?id=php 
2023-02-23 18:36:40 [development] info: Method:GET URL:/api/search?id=jac 
2023-02-23 18:36:40 [development] info: Method:GET URL:/api/search?id=java 
2023-02-23 18:36:46 [development] info: Method:GET URL:/api/search?id=php 
2023-02-23 18:39:31 [development] info: Method:GET URL:/api/search?id=java 
2023-02-23 18:39:38 [development] info: Method:GET URL:/api/search?id=java 
2023-02-23 18:39:43 [development] info: Method:GET URL:/api/search?id=php 
