2023-02-19 02:19:02 [development] info: Method:POST URL:/api/register 
2023-02-19 02:23:02 [development] info: Method:POST URL:/api/register 
2023-02-19 02:24:27 [development] info: Method:POST URL:/api/register 
2023-02-19 16:04:23 [development] info: Method:POST URL:/api/user/checkUser 
2023-02-19 16:04:38 [development] info: Method:POST URL:/api/user/checkUser 
2023-02-19 16:04:43 [development] info: Method:POST URL:/api/user/checkUser 
2023-02-19 16:05:29 [development] info: Method:POST URL:/api/user/checkUser 
2023-02-19 16:05:52 [development] info: Method:POST URL:/api/user/checkUser 
2023-02-19 16:05:54 [development] info: Method:POST URL:/api/user/checkUser 
2023-02-19 16:08:11 [development] info: Method:POST URL:/api/user/checkUser 
2023-02-19 16:08:12 [development] info: Method:POST URL:/api/user/checkUser 
2023-02-19 16:08:13 [development] info: Method:POST URL:/api/user/checkUser 
2023-02-19 16:08:40 [development] info: Method:POST URL:/api/user/checkUser 
2023-02-19 16:09:03 [development] info: Method:POST URL:/api/user/checkUser 
2023-02-19 16:09:43 [development] info: Method:POST URL:/api/user/checkUser 
2023-02-19 16:09:45 [development] info: Method:POST URL:/api/user/checkUser 
2023-02-19 16:10:06 [development] info: Method:POST URL:/api/user/checkUser 
2023-02-19 16:10:08 [development] info: Method:POST URL:/api/user/checkUser 
2023-02-19 16:10:14 [development] info: Method:POST URL:/api/user/checkUser 
2023-02-19 16:10:22 [development] info: Method:POST URL:/api/user/checkUser 
2023-02-19 16:10:57 [development] info: Method:POST URL:/api/user/checkUser 
2023-02-19 16:13:46 [development] info: Method:POST URL:/api/user/checkUser 
2023-02-19 16:18:51 [development] info: Method:POST URL:/api/user/checkUser 
2023-02-19 16:19:00 [development] info: Method:POST URL:/api/user/checkUser 
2023-02-19 16:20:02 [development] info: Method:POST URL:/api/user/checkUser 
2023-02-19 16:21:01 [development] info: Method:POST URL:/api/user/checkUser 
2023-02-19 16:21:38 [development] info: Method:POST URL:/api/user/checkUser 
2023-02-19 16:22:03 [development] info: Method:POST URL:/api/user/checkUser 
2023-02-19 16:22:40 [development] info: Method:POST URL:/api/user/checkUser 
2023-02-19 16:22:47 [development] info: Method:POST URL:/api/user/checkUser 
2023-02-19 16:24:05 [development] info: Method:POST URL:/api/user/checkUser 
2023-02-19 16:24:13 [development] info: Method:POST URL:/api/user/checkUser 
2023-02-19 16:24:13 [development] error: TypeError: Cannot read properties of null (reading '_doc')
    at Object.getUser [as post] (webpack-internal:///(api)/./pages/api/user/checkUser.js:11:19)
    at processTicksAndRejections (node:internal/process/task_queues:96:5)
    at async eval (webpack-internal:///(api)/./utils/api-handler.js:17:13)
    at async Object.apiResolver (C:\Users\Shiblee\Desktop\Senior_Manager\senior_manager\node_modules\next\dist\server\api-utils\node.js:372:9)
    at async DevServer.runApi (C:\Users\Shiblee\Desktop\Senior_Manager\senior_manager\node_modules\next\dist\server\next-server.js:488:9)
    at async Object.fn (C:\Users\Shiblee\Desktop\Senior_Manager\senior_manager\node_modules\next\dist\server\next-server.js:751:37)
    at async Router.execute (C:\Users\Shiblee\Desktop\Senior_Manager\senior_manager\node_modules\next\dist\server\router.js:253:36)
    at async DevServer.run (C:\Users\Shiblee\Desktop\Senior_Manager\senior_manager\node_modules\next\dist\server\base-server.js:384:29)
    at async DevServer.run (C:\Users\Shiblee\Desktop\Senior_Manager\senior_manager\node_modules\next\dist\server\dev\next-dev-server.js:743:20)
    at async DevServer.handleRequest (C:\Users\Shiblee\Desktop\Senior_Manager\senior_manager\node_modules\next\dist\server\base-server.js:322:20)
2023-02-19 16:25:17 [development] info: Method:POST URL:/api/user/register 
2023-02-19 16:30:10 [development] info: Method:POST URL:/api/user/checkUser 
2023-02-19 16:30:10 [development] error: TypeError: Cannot read properties of null (reading '_doc')
    at Object.getUser [as post] (webpack-internal:///(api)/./pages/api/user/checkUser.js:11:19)
    at processTicksAndRejections (node:internal/process/task_queues:96:5)
    at async eval (webpack-internal:///(api)/./utils/api-handler.js:17:13)
    at async Object.apiResolver (C:\Users\Shiblee\Desktop\Senior_Manager\senior_manager\node_modules\next\dist\server\api-utils\node.js:372:9)
    at async DevServer.runApi (C:\Users\Shiblee\Desktop\Senior_Manager\senior_manager\node_modules\next\dist\server\next-server.js:488:9)
    at async Object.fn (C:\Users\Shiblee\Desktop\Senior_Manager\senior_manager\node_modules\next\dist\server\next-server.js:751:37)
    at async Router.execute (C:\Users\Shiblee\Desktop\Senior_Manager\senior_manager\node_modules\next\dist\server\router.js:253:36)
    at async DevServer.run (C:\Users\Shiblee\Desktop\Senior_Manager\senior_manager\node_modules\next\dist\server\base-server.js:384:29)
    at async DevServer.run (C:\Users\Shiblee\Desktop\Senior_Manager\senior_manager\node_modules\next\dist\server\dev\next-dev-server.js:743:20)
    at async DevServer.handleRequest (C:\Users\Shiblee\Desktop\Senior_Manager\senior_manager\node_modules\next\dist\server\base-server.js:322:20)
2023-02-19 18:49:51 [development] info: Method:POST URL:/api/user/checkUser 
2023-02-19 18:49:51 [development] error: TypeError: Cannot read properties of null (reading '_doc')
    at Object.getUser [as post] (webpack-internal:///(api)/./pages/api/user/checkUser.js:11:19)
    at runMicrotasks (<anonymous>)
    at processTicksAndRejections (node:internal/process/task_queues:96:5)
    at async eval (webpack-internal:///(api)/./utils/api-handler.js:17:13)
    at async Object.apiResolver (C:\Users\Shiblee\Desktop\Senior_Manager\senior_manager\node_modules\next\dist\server\api-utils\node.js:372:9)
    at async DevServer.runApi (C:\Users\Shiblee\Desktop\Senior_Manager\senior_manager\node_modules\next\dist\server\next-server.js:488:9)
    at async Object.fn (C:\Users\Shiblee\Desktop\Senior_Manager\senior_manager\node_modules\next\dist\server\next-server.js:751:37)
    at async Router.execute (C:\Users\Shiblee\Desktop\Senior_Manager\senior_manager\node_modules\next\dist\server\router.js:253:36)
    at async DevServer.run (C:\Users\Shiblee\Desktop\Senior_Manager\senior_manager\node_modules\next\dist\server\base-server.js:384:29)
    at async DevServer.run (C:\Users\Shiblee\Desktop\Senior_Manager\senior_manager\node_modules\next\dist\server\dev\next-dev-server.js:743:20)
    at async DevServer.handleRequest (C:\Users\Shiblee\Desktop\Senior_Manager\senior_manager\node_modules\next\dist\server\base-server.js:322:20)
2023-02-19 18:50:03 [development] info: Method:POST URL:/api/user/register 
2023-02-19 19:02:33 [development] info: Method:POST URL:/api/user/checkUser 
2023-02-19 19:02:33 [development] error: TypeError: Cannot read properties of null (reading '_doc')
    at Object.getUser [as post] (webpack-internal:///(api)/./pages/api/user/checkUser.js:11:19)
    at processTicksAndRejections (node:internal/process/task_queues:96:5)
    at async eval (webpack-internal:///(api)/./utils/api-handler.js:17:13)
    at async Object.apiResolver (C:\Users\Shiblee\Desktop\Senior_Manager\senior_manager\node_modules\next\dist\server\api-utils\node.js:372:9)
    at async DevServer.runApi (C:\Users\Shiblee\Desktop\Senior_Manager\senior_manager\node_modules\next\dist\server\next-server.js:488:9)
    at async Object.fn (C:\Users\Shiblee\Desktop\Senior_Manager\senior_manager\node_modules\next\dist\server\next-server.js:751:37)
    at async Router.execute (C:\Users\Shiblee\Desktop\Senior_Manager\senior_manager\node_modules\next\dist\server\router.js:253:36)
    at async DevServer.run (C:\Users\Shiblee\Desktop\Senior_Manager\senior_manager\node_modules\next\dist\server\base-server.js:384:29)
    at async DevServer.run (C:\Users\Shiblee\Desktop\Senior_Manager\senior_manager\node_modules\next\dist\server\dev\next-dev-server.js:743:20)
    at async DevServer.handleRequest (C:\Users\Shiblee\Desktop\Senior_Manager\senior_manager\node_modules\next\dist\server\base-server.js:322:20)
2023-02-19 19:03:17 [development] info: Method:POST URL:/api/user/register 
2023-02-19 19:20:22 [development] info: Method:POST URL:/api/user/checkUser 
2023-02-19 19:20:22 [development] error: TypeError: Cannot read properties of null (reading '_doc')
    at Object.getUser [as post] (webpack-internal:///(api)/./pages/api/user/checkUser.js:11:19)
    at runMicrotasks (<anonymous>)
    at processTicksAndRejections (node:internal/process/task_queues:96:5)
    at async eval (webpack-internal:///(api)/./utils/api-handler.js:17:13)
    at async Object.apiResolver (C:\Users\Shiblee\Desktop\Senior_Manager\senior_manager\node_modules\next\dist\server\api-utils\node.js:372:9)
    at async DevServer.runApi (C:\Users\Shiblee\Desktop\Senior_Manager\senior_manager\node_modules\next\dist\server\next-server.js:488:9)
    at async Object.fn (C:\Users\Shiblee\Desktop\Senior_Manager\senior_manager\node_modules\next\dist\server\next-server.js:751:37)
    at async Router.execute (C:\Users\Shiblee\Desktop\Senior_Manager\senior_manager\node_modules\next\dist\server\router.js:253:36)
    at async DevServer.run (C:\Users\Shiblee\Desktop\Senior_Manager\senior_manager\node_modules\next\dist\server\base-server.js:384:29)
    at async DevServer.run (C:\Users\Shiblee\Desktop\Senior_Manager\senior_manager\node_modules\next\dist\server\dev\next-dev-server.js:743:20)
    at async DevServer.handleRequest (C:\Users\Shiblee\Desktop\Senior_Manager\senior_manager\node_modules\next\dist\server\base-server.js:322:20)
2023-02-19 19:20:26 [development] info: Method:POST URL:/api/user/checkUser 
2023-02-19 19:20:27 [development] error: TypeError: Cannot read properties of null (reading '_doc')
    at Object.getUser [as post] (webpack-internal:///(api)/./pages/api/user/checkUser.js:11:19)
    at runMicrotasks (<anonymous>)
    at processTicksAndRejections (node:internal/process/task_queues:96:5)
    at async eval (webpack-internal:///(api)/./utils/api-handler.js:17:13)
    at async Object.apiResolver (C:\Users\Shiblee\Desktop\Senior_Manager\senior_manager\node_modules\next\dist\server\api-utils\node.js:372:9)
    at async DevServer.runApi (C:\Users\Shiblee\Desktop\Senior_Manager\senior_manager\node_modules\next\dist\server\next-server.js:488:9)
    at async Object.fn (C:\Users\Shiblee\Desktop\Senior_Manager\senior_manager\node_modules\next\dist\server\next-server.js:751:37)
    at async Router.execute (C:\Users\Shiblee\Desktop\Senior_Manager\senior_manager\node_modules\next\dist\server\router.js:253:36)
    at async DevServer.run (C:\Users\Shiblee\Desktop\Senior_Manager\senior_manager\node_modules\next\dist\server\base-server.js:384:29)
    at async DevServer.run (C:\Users\Shiblee\Desktop\Senior_Manager\senior_manager\node_modules\next\dist\server\dev\next-dev-server.js:743:20)
    at async DevServer.handleRequest (C:\Users\Shiblee\Desktop\Senior_Manager\senior_manager\node_modules\next\dist\server\base-server.js:322:20)
2023-02-19 19:20:42 [development] info: Method:POST URL:/api/user/checkUser 
2023-02-19 19:21:04 [development] info: Method:POST URL:/api/user/checkUser 
2023-02-19 19:21:24 [development] info: Method:POST URL:/api/user/checkUser 
2023-02-19 19:21:24 [development] error: TypeError: Cannot read properties of null (reading '_doc')
    at Object.getUser [as post] (webpack-internal:///(api)/./pages/api/user/checkUser.js:11:19)
    at runMicrotasks (<anonymous>)
    at processTicksAndRejections (node:internal/process/task_queues:96:5)
    at async eval (webpack-internal:///(api)/./utils/api-handler.js:17:13)
    at async Object.apiResolver (C:\Users\Shiblee\Desktop\Senior_Manager\senior_manager\node_modules\next\dist\server\api-utils\node.js:372:9)
    at async DevServer.runApi (C:\Users\Shiblee\Desktop\Senior_Manager\senior_manager\node_modules\next\dist\server\next-server.js:488:9)
    at async Object.fn (C:\Users\Shiblee\Desktop\Senior_Manager\senior_manager\node_modules\next\dist\server\next-server.js:751:37)
    at async Router.execute (C:\Users\Shiblee\Desktop\Senior_Manager\senior_manager\node_modules\next\dist\server\router.js:253:36)
    at async DevServer.run (C:\Users\Shiblee\Desktop\Senior_Manager\senior_manager\node_modules\next\dist\server\base-server.js:384:29)
    at async DevServer.run (C:\Users\Shiblee\Desktop\Senior_Manager\senior_manager\node_modules\next\dist\server\dev\next-dev-server.js:743:20)
    at async DevServer.handleRequest (C:\Users\Shiblee\Desktop\Senior_Manager\senior_manager\node_modules\next\dist\server\base-server.js:322:20)
2023-02-19 19:23:17 [development] info: Method:POST URL:/api/user/register 
