2023-03-08 00:12:58 [development] info: Method:GET URL:/api/user/63ebdfe65e339fb906580e02 
2023-03-08 00:12:58 [development] info: Method:GET URL:/api/user/63ebdfe65e339fb906580e02 
2023-03-08 00:13:59 [development] info: Method:GET URL:/api/user/63ebdfe65e339fb906580e02 
2023-03-08 00:13:59 [development] info: Method:GET URL:/api/user/63ebdfe65e339fb906580e02 
2023-03-08 00:15:46 [development] info: Method:GET URL:/api/user/63ebdfe65e339fb906580e02 
2023-03-08 00:15:47 [development] info: Method:GET URL:/api/user/63ebdfe65e339fb906580e02 
2023-03-08 00:18:00 [development] info: Method:GET URL:/api/user/63ebdfe65e339fb906580e02 
2023-03-08 00:18:00 [development] info: Method:GET URL:/api/user/63ebdfe65e339fb906580e02 
2023-03-08 00:19:54 [development] info: Method:GET URL:/api/user/63ebdfe65e339fb906580e02 
2023-03-08 00:19:54 [development] info: Method:GET URL:/api/user/63ebdfe65e339fb906580e02 
2023-03-08 00:20:02 [development] info: Method:GET URL:/api/user/63ebdfe65e339fb906580e02 
2023-03-08 00:20:02 [development] info: Method:GET URL:/api/user/63ebdfe65e339fb906580e02 
2023-03-08 00:20:39 [development] info: Method:GET URL:/api/user/63ebdfe65e339fb906580e02 
2023-03-08 00:20:39 [development] info: Method:GET URL:/api/user/63ebdfe65e339fb906580e02 
2023-03-08 00:21:34 [development] info: Method:GET URL:/api/user/63ebdfe65e339fb906580e02 
2023-03-08 00:21:35 [development] info: Method:GET URL:/api/user/63ebdfe65e339fb906580e02 
2023-03-08 00:22:15 [development] info: Method:GET URL:/api/user/63ebdfe65e339fb906580e02 
2023-03-08 00:22:15 [development] info: Method:GET URL:/api/user/63ebdfe65e339fb906580e02 
2023-03-08 00:22:41 [development] info: Method:GET URL:/api/user/63ebdfe65e339fb906580e02 
2023-03-08 00:22:41 [development] info: Method:GET URL:/api/user/63ebdfe65e339fb906580e02 
2023-03-08 00:24:02 [development] info: Method:GET URL:/api/user/63ebdfe65e339fb906580e02 
2023-03-08 00:24:03 [development] info: Method:GET URL:/api/user/63ebdfe65e339fb906580e02 
2023-03-08 00:25:50 [development] info: Method:GET URL:/api/user/63ebdfe65e339fb906580e02 
2023-03-08 00:25:50 [development] info: Method:GET URL:/api/user/63ebdfe65e339fb906580e02 
2023-03-08 00:27:54 [development] info: Method:GET URL:/api/user/63ebdfe65e339fb906580e02 
2023-03-08 00:27:54 [development] info: Method:GET URL:/api/user/63ebdfe65e339fb906580e02 
2023-03-08 00:29:52 [development] info: Method:GET URL:/api/user/63ebdfe65e339fb906580e02 
2023-03-08 00:29:53 [development] info: Method:GET URL:/api/user/63ebdfe65e339fb906580e02 
2023-03-08 00:29:57 [development] info: Method:GET URL:/api/user/63ebdfe65e339fb906580e02 
2023-03-08 00:29:57 [development] info: Method:GET URL:/api/user/63ebdfe65e339fb906580e02 
2023-03-08 00:32:44 [development] info: Method:GET URL:/api/user/63ebdfe65e339fb906580e02 
2023-03-08 00:32:44 [development] info: Method:GET URL:/api/user/63ebdfe65e339fb906580e02 
2023-03-08 00:32:50 [development] info: Method:GET URL:/api/user/63ebdfe65e339fb906580e02 
2023-03-08 00:32:50 [development] info: Method:GET URL:/api/user/63ebdfe65e339fb906580e02 
2023-03-08 00:32:55 [development] info: Method:GET URL:/api/user/63ebdfe65e339fb906580e02 
2023-03-08 00:32:55 [development] info: Method:GET URL:/api/user/63ebdfe65e339fb906580e02 
2023-03-08 00:36:58 [development] info: Method:GET URL:/api/user/63ebdfe65e339fb906580e02 
2023-03-08 00:36:58 [development] info: Method:GET URL:/api/user/63ebdfe65e339fb906580e02 
2023-03-08 00:37:35 [development] info: Method:GET URL:/api/user/63ebdfe65e339fb906580e02 
2023-03-08 00:37:35 [development] info: Method:GET URL:/api/user/63ebdfe65e339fb906580e02 
2023-03-08 00:38:42 [development] info: Method:GET URL:/api/user/63ebdfe65e339fb906580e02 
2023-03-08 00:38:42 [development] info: Method:GET URL:/api/user/63ebdfe65e339fb906580e02 
2023-03-08 00:39:34 [development] info: Method:GET URL:/api/user/63ebdfe65e339fb906580e02 
2023-03-08 00:39:34 [development] info: Method:GET URL:/api/user/63ebdfe65e339fb906580e02 
2023-03-08 00:45:10 [development] info: Method:GET URL:/api/user/63ebdfe65e339fb906580e02 
2023-03-08 00:45:11 [development] info: Method:GET URL:/api/user/63ebdfe65e339fb906580e02 
2023-03-08 00:47:57 [development] info: Method:GET URL:/api/user/63ebdfe65e339fb906580e02 
2023-03-08 00:47:57 [development] info: Method:GET URL:/api/user/63ebdfe65e339fb906580e02 
2023-03-08 00:50:43 [development] info: Method:GET URL:/api/user/63ebdfe65e339fb906580e02 
2023-03-08 00:50:43 [development] info: Method:GET URL:/api/user/63ebdfe65e339fb906580e02 
2023-03-08 00:51:04 [development] info: Method:GET URL:/api/user/63ebdfe65e339fb906580e02 
2023-03-08 00:51:04 [development] info: Method:GET URL:/api/user/63ebdfe65e339fb906580e02 
2023-03-08 00:52:21 [development] info: Method:GET URL:/api/user/63ebdfe65e339fb906580e02 
2023-03-08 00:52:21 [development] info: Method:GET URL:/api/user/63ebdfe65e339fb906580e02 
2023-03-08 00:52:43 [development] info: Method:GET URL:/api/user/63ebdfe65e339fb906580e02 
2023-03-08 00:52:43 [development] info: Method:GET URL:/api/user/63ebdfe65e339fb906580e02 
2023-03-08 00:54:05 [development] info: Method:GET URL:/api/user/63ebdfe65e339fb906580e02 
2023-03-08 00:54:05 [development] info: Method:GET URL:/api/user/63ebdfe65e339fb906580e02 
2023-03-08 00:54:18 [development] info: Method:GET URL:/api/user/63ebdfe65e339fb906580e02 
2023-03-08 00:54:18 [development] info: Method:GET URL:/api/user/63ebdfe65e339fb906580e02 
2023-03-08 00:55:16 [development] info: Method:GET URL:/api/user/63ebdfe65e339fb906580e02 
2023-03-08 00:55:17 [development] info: Method:GET URL:/api/user/63ebdfe65e339fb906580e02 
2023-03-08 00:56:02 [development] info: Method:GET URL:/api/user/63ebdfe65e339fb906580e02 
2023-03-08 00:56:02 [development] info: Method:GET URL:/api/user/63ebdfe65e339fb906580e02 
2023-03-08 00:56:50 [development] info: Method:GET URL:/api/user/63ebdfe65e339fb906580e02 
2023-03-08 00:56:50 [development] info: Method:GET URL:/api/user/63ebdfe65e339fb906580e02 
2023-03-08 00:57:45 [development] info: Method:GET URL:/api/user/63ebdfe65e339fb906580e02 
2023-03-08 00:57:45 [development] info: Method:GET URL:/api/user/63ebdfe65e339fb906580e02 
2023-03-08 01:04:27 [development] info: Method:GET URL:/api/user/63ebdfe65e339fb906580e02 
2023-03-08 01:04:27 [development] info: Method:GET URL:/api/user/63ebdfe65e339fb906580e02 
2023-03-08 01:05:36 [development] info: Method:PUT URL:/api/user/63ebdfe65e339fb906580e02 
2023-03-08 01:05:57 [development] info: Method:GET URL:/api/user/63ebdfe65e339fb906580e02 
2023-03-08 01:05:57 [development] info: Method:GET URL:/api/user/63ebdfe65e339fb906580e02 
2023-03-08 01:08:04 [development] info: Method:PUT URL:/api/user/63ebdfe65e339fb906580e02 
2023-03-08 01:08:38 [development] info: Method:GET URL:/api/user/63ebdfe65e339fb906580e02 
2023-03-08 01:08:38 [development] info: Method:GET URL:/api/user/63ebdfe65e339fb906580e02 
2023-03-08 01:08:55 [development] info: Method:PUT URL:/api/user/63ebdfe65e339fb906580e02 
2023-03-08 01:11:14 [development] info: Method:PUT URL:/api/user/63ebdfe65e339fb906580e02 
2023-03-08 01:17:39 [development] info: Method:GET URL:/api/user/63ebdfe65e339fb906580e02 
2023-03-08 01:17:39 [development] info: Method:GET URL:/api/user/63ebdfe65e339fb906580e02 
2023-03-08 01:19:29 [development] info: Method:GET URL:/api/user/63ebdfe65e339fb906580e02 
2023-03-08 01:19:29 [development] info: Method:GET URL:/api/user/63ebdfe65e339fb906580e02 
2023-03-08 01:21:11 [development] info: Method:GET URL:/api/user/63ebdfe65e339fb906580e02 
2023-03-08 01:21:11 [development] info: Method:GET URL:/api/user/63ebdfe65e339fb906580e02 
2023-03-08 01:21:27 [development] info: Method:PUT URL:/api/user/63ebdfe65e339fb906580e02 
2023-03-08 01:21:42 [development] info: Method:GET URL:/api/user/63ebdfe65e339fb906580e02 
2023-03-08 01:21:42 [development] info: Method:GET URL:/api/user/63ebdfe65e339fb906580e02 
2023-03-08 01:22:47 [development] info: Method:PUT URL:/api/user/63ebdfe65e339fb906580e02 
2023-03-08 01:23:18 [development] info: Method:GET URL:/api/user/63ebdfe65e339fb906580e02 
2023-03-08 01:23:18 [development] info: Method:GET URL:/api/user/63ebdfe65e339fb906580e02 
2023-03-08 01:30:14 [development] info: Method:GET URL:/api/user/63ebdfe65e339fb906580e02 
2023-03-08 01:30:14 [development] info: Method:GET URL:/api/user/63ebdfe65e339fb906580e02 
2023-03-08 01:30:51 [development] info: Method:GET URL:/api/user/63ebdfe65e339fb906580e02 
2023-03-08 01:30:51 [development] info: Method:GET URL:/api/user/63ebdfe65e339fb906580e02 
2023-03-08 01:33:07 [development] info: Method:GET URL:/api/user/63ebdfe65e339fb906580e02 
2023-03-08 01:33:07 [development] info: Method:GET URL:/api/user/63ebdfe65e339fb906580e02 
2023-03-08 01:33:25 [development] info: Method:PUT URL:/api/user/63ebdfe65e339fb906580e02 
2023-03-08 01:33:31 [development] info: Method:GET URL:/api/user/63ebdfe65e339fb906580e02 
2023-03-08 01:33:31 [development] info: Method:GET URL:/api/user/63ebdfe65e339fb906580e02 
2023-03-08 01:33:54 [development] info: Method:GET URL:/api/user/63ebdfe65e339fb906580e02 
2023-03-08 01:33:54 [development] info: Method:GET URL:/api/user/63ebdfe65e339fb906580e02 
2023-03-08 01:34:40 [development] info: Method:GET URL:/api/user/63ebdfe65e339fb906580e02 
2023-03-08 01:34:40 [development] info: Method:GET URL:/api/user/63ebdfe65e339fb906580e02 
2023-03-08 01:34:58 [development] info: Method:PUT URL:/api/user/63ebdfe65e339fb906580e02 
2023-03-08 01:35:06 [development] info: Method:GET URL:/api/user/63ebdfe65e339fb906580e02 
2023-03-08 01:35:06 [development] info: Method:GET URL:/api/user/63ebdfe65e339fb906580e02 
2023-03-08 01:35:12 [development] info: Method:PUT URL:/api/user/63ebdfe65e339fb906580e02 
2023-03-08 01:35:18 [development] info: Method:GET URL:/api/user/63ebdfe65e339fb906580e02 
2023-03-08 01:35:18 [development] info: Method:GET URL:/api/user/63ebdfe65e339fb906580e02 
2023-03-08 01:59:12 [development] info: Method:GET URL:/api/user/63ebdfe65e339fb906580e02 
2023-03-08 01:59:12 [development] info: Method:GET URL:/api/user/63ebdfe65e339fb906580e02 
2023-03-08 01:59:15 [development] info: Method:GET URL:/api/user/63ebdfe65e339fb906580e02 
2023-03-08 01:59:15 [development] info: Method:GET URL:/api/user/63ebdfe65e339fb906580e02 
2023-03-08 02:18:28 [development] info: Method:GET URL:/api/user/63f4e315b8d06f42a93d3ee8 
2023-03-08 02:18:29 [development] info: Method:GET URL:/api/user/63f4e315b8d06f42a93d3ee8 
2023-03-08 02:19:41 [development] info: Method:GET URL:/api/user/63f4e315b8d06f42a93d3ee8 
2023-03-08 02:19:41 [development] info: Method:GET URL:/api/user/63f4e315b8d06f42a93d3ee8 
2023-03-08 02:19:45 [development] info: Method:GET URL:/api/user/63f4e315b8d06f42a93d3ee8 
2023-03-08 02:19:45 [development] info: Method:GET URL:/api/user/63f4e315b8d06f42a93d3ee8 
2023-03-08 02:19:55 [development] info: Method:GET URL:/api/user/63f4e315b8d06f42a93d3ee8 
2023-03-08 02:19:55 [development] info: Method:GET URL:/api/user/63f4e315b8d06f42a93d3ee8 
2023-03-08 02:20:16 [development] info: Method:PUT URL:/api/user/63f4e315b8d06f42a93d3ee8 
2023-03-08 02:20:47 [development] info: Method:GET URL:/api/user/63f4e315b8d06f42a93d3ee8 
2023-03-08 02:20:47 [development] info: Method:GET URL:/api/user/63f4e315b8d06f42a93d3ee8 
2023-03-08 02:21:53 [development] info: Method:GET URL:/api/user/63f4e315b8d06f42a93d3ee8 
2023-03-08 02:21:53 [development] info: Method:GET URL:/api/user/63f4e315b8d06f42a93d3ee8 
2023-03-08 02:22:05 [development] info: Method:GET URL:/api/user/63f4e315b8d06f42a93d3ee8 
2023-03-08 02:22:05 [development] info: Method:GET URL:/api/user/63f4e315b8d06f42a93d3ee8 
2023-03-08 02:23:25 [development] info: Method:GET URL:/api/user/63f4e315b8d06f42a93d3ee8 
2023-03-08 02:23:25 [development] info: Method:GET URL:/api/user/63f4e315b8d06f42a93d3ee8 
2023-03-08 02:24:37 [development] info: Method:GET URL:/api/user/63f4e315b8d06f42a93d3ee8 
2023-03-08 02:24:37 [development] info: Method:GET URL:/api/user/63f4e315b8d06f42a93d3ee8 
2023-03-08 02:27:09 [development] info: Method:GET URL:/api/user/63f4e315b8d06f42a93d3ee8 
2023-03-08 02:27:09 [development] info: Method:GET URL:/api/user/63f4e315b8d06f42a93d3ee8 
2023-03-08 02:27:17 [development] info: Method:PUT URL:/api/user/63f4e315b8d06f42a93d3ee8 
2023-03-08 02:27:24 [development] info: Method:GET URL:/api/user/63f4e315b8d06f42a93d3ee8 
2023-03-08 02:27:24 [development] info: Method:GET URL:/api/user/63f4e315b8d06f42a93d3ee8 
2023-03-08 02:29:14 [development] info: Method:PUT URL:/api/user/63f4e315b8d06f42a93d3ee8 
2023-03-08 02:29:20 [development] info: Method:GET URL:/api/user/63f4e315b8d06f42a93d3ee8 
2023-03-08 02:29:20 [development] info: Method:GET URL:/api/user/63f4e315b8d06f42a93d3ee8 
2023-03-08 02:32:50 [development] info: Method:GET URL:/api/user/63f4e315b8d06f42a93d3ee8 
2023-03-08 02:32:50 [development] info: Method:GET URL:/api/user/63f4e315b8d06f42a93d3ee8 
2023-03-08 02:34:06 [development] info: Method:GET URL:/api/user/63f4e315b8d06f42a93d3ee8 
2023-03-08 02:34:06 [development] info: Method:GET URL:/api/user/63f4e315b8d06f42a93d3ee8 
2023-03-08 04:27:20 [development] info: Method:GET URL:/api/user/63ebdfe65e339fb906580e02 
2023-03-08 04:27:20 [development] info: Method:GET URL:/api/user/63ebdfe65e339fb906580e02 
2023-03-08 04:28:40 [development] info: Method:GET URL:/api/user/63ebdfe65e339fb906580e02 
2023-03-08 04:28:40 [development] info: Method:GET URL:/api/user/63ebdfe65e339fb906580e02 
2023-03-08 04:31:16 [development] info: Method:GET URL:/api/user/63ebdfe65e339fb906580e02 
2023-03-08 04:31:16 [development] info: Method:GET URL:/api/user/63ebdfe65e339fb906580e02 
2023-03-08 04:36:42 [development] info: Method:GET URL:/api/user/63ebdfe65e339fb906580e02 
2023-03-08 04:36:43 [development] info: Method:GET URL:/api/user/63ebdfe65e339fb906580e02 
2023-03-08 04:40:03 [development] info: Method:GET URL:/api/user/63ebdfe65e339fb906580e02 
2023-03-08 04:40:04 [development] info: Method:GET URL:/api/user/63ebdfe65e339fb906580e02 
2023-03-08 04:40:39 [development] info: Method:POST URL:/api/cloudinary/signature 
2023-03-08 04:40:43 [development] info: Method:DELETE URL:/api/cloudinary/deleteImage 
2023-03-08 04:40:57 [development] info: Method:GET URL:/api/user/63ebdfe65e339fb906580e02 
2023-03-08 04:40:57 [development] info: Method:GET URL:/api/user/63ebdfe65e339fb906580e02 
2023-03-08 04:41:31 [development] info: Method:GET URL:/api/user/63ebdfe65e339fb906580e02 
2023-03-08 04:41:32 [development] info: Method:GET URL:/api/user/63ebdfe65e339fb906580e02 
2023-03-08 04:41:37 [development] info: Method:POST URL:/api/cloudinary/signature 
2023-03-08 04:41:39 [development] info: Method:DELETE URL:/api/cloudinary/deleteImage 
2023-03-08 04:41:40 [development] error: NotFoundError: Not Found
    at Object.deleteImage [as delete] (webpack-internal:///(api)/./pages/api/cloudinary/deleteImage.js:24:65)
    at runMicrotasks (<anonymous>)
    at processTicksAndRejections (node:internal/process/task_queues:96:5)
    at async eval (webpack-internal:///(api)/./utils/api-handler.js:20:13)
    at async Object.apiResolver (C:\Users\Shiblee\Desktop\Senior_Manager\senior_manager\node_modules\next\dist\server\api-utils\node.js:372:9)
    at async DevServer.runApi (C:\Users\Shiblee\Desktop\Senior_Manager\senior_manager\node_modules\next\dist\server\next-server.js:488:9)
    at async Object.fn (C:\Users\Shiblee\Desktop\Senior_Manager\senior_manager\node_modules\next\dist\server\next-server.js:751:37)
    at async Router.execute (C:\Users\Shiblee\Desktop\Senior_Manager\senior_manager\node_modules\next\dist\server\router.js:253:36)
    at async DevServer.run (C:\Users\Shiblee\Desktop\Senior_Manager\senior_manager\node_modules\next\dist\server\base-server.js:384:29)
    at async DevServer.run (C:\Users\Shiblee\Desktop\Senior_Manager\senior_manager\node_modules\next\dist\server\dev\next-dev-server.js:743:20)
    at async DevServer.handleRequest (C:\Users\Shiblee\Desktop\Senior_Manager\senior_manager\node_modules\next\dist\server\base-server.js:322:20)
2023-03-08 04:41:40 [development] info: Method:DELETE URL:/api/cloudinary/deleteImage 
2023-03-08 04:41:41 [development] error: undefined
2023-03-08 04:41:42 [development] info: Method:GET URL:/api/user/63ebdfe65e339fb906580e02 
2023-03-08 04:41:43 [development] info: Method:GET URL:/api/user/63ebdfe65e339fb906580e02 
2023-03-08 04:42:52 [development] info: Method:GET URL:/api/user/63ebdfe65e339fb906580e02 
2023-03-08 04:42:52 [development] info: Method:GET URL:/api/user/63ebdfe65e339fb906580e02 
2023-03-08 04:43:09 [development] info: Method:POST URL:/api/cloudinary/signature 
2023-03-08 04:43:11 [development] info: Method:DELETE URL:/api/cloudinary/deleteImage 
2023-03-08 04:43:12 [development] error: NotFoundError: Not Found
    at Object.deleteImage [as delete] (webpack-internal:///(api)/./pages/api/cloudinary/deleteImage.js:24:65)
    at processTicksAndRejections (node:internal/process/task_queues:96:5)
    at async eval (webpack-internal:///(api)/./utils/api-handler.js:20:13)
    at async Object.apiResolver (C:\Users\Shiblee\Desktop\Senior_Manager\senior_manager\node_modules\next\dist\server\api-utils\node.js:372:9)
    at async DevServer.runApi (C:\Users\Shiblee\Desktop\Senior_Manager\senior_manager\node_modules\next\dist\server\next-server.js:488:9)
    at async Object.fn (C:\Users\Shiblee\Desktop\Senior_Manager\senior_manager\node_modules\next\dist\server\next-server.js:751:37)
    at async Router.execute (C:\Users\Shiblee\Desktop\Senior_Manager\senior_manager\node_modules\next\dist\server\router.js:253:36)
    at async DevServer.run (C:\Users\Shiblee\Desktop\Senior_Manager\senior_manager\node_modules\next\dist\server\base-server.js:384:29)
    at async DevServer.run (C:\Users\Shiblee\Desktop\Senior_Manager\senior_manager\node_modules\next\dist\server\dev\next-dev-server.js:743:20)
    at async DevServer.handleRequest (C:\Users\Shiblee\Desktop\Senior_Manager\senior_manager\node_modules\next\dist\server\base-server.js:322:20)
2023-03-08 04:43:13 [development] info: Method:DELETE URL:/api/cloudinary/deleteImage 
2023-03-08 04:43:14 [development] error: undefined
2023-03-08 04:43:25 [development] info: Method:GET URL:/api/user/63ebdfe65e339fb906580e02 
2023-03-08 04:43:25 [development] info: Method:GET URL:/api/user/63ebdfe65e339fb906580e02 
2023-03-08 04:55:52 [development] info: Method:GET URL:/api/user/63ebdfe65e339fb906580e02 
2023-03-08 04:55:52 [development] info: Method:GET URL:/api/user/63ebdfe65e339fb906580e02 
2023-03-08 04:55:56 [development] info: Method:POST URL:/api/cloudinary/signature 
2023-03-08 04:56:00 [development] info: Method:DELETE URL:/api/cloudinary/deleteImage 
2023-03-08 04:56:01 [development] error: NotFoundError: Not Found
    at Object.deleteImage [as delete] (webpack-internal:///(api)/./pages/api/cloudinary/deleteImage.js:24:65)
    at runMicrotasks (<anonymous>)
    at processTicksAndRejections (node:internal/process/task_queues:96:5)
    at async eval (webpack-internal:///(api)/./utils/api-handler.js:20:13)
    at async Object.apiResolver (C:\Users\Shiblee\Desktop\Senior_Manager\senior_manager\node_modules\next\dist\server\api-utils\node.js:372:9)
    at async DevServer.runApi (C:\Users\Shiblee\Desktop\Senior_Manager\senior_manager\node_modules\next\dist\server\next-server.js:488:9)
    at async Object.fn (C:\Users\Shiblee\Desktop\Senior_Manager\senior_manager\node_modules\next\dist\server\next-server.js:751:37)
    at async Router.execute (C:\Users\Shiblee\Desktop\Senior_Manager\senior_manager\node_modules\next\dist\server\router.js:253:36)
    at async DevServer.run (C:\Users\Shiblee\Desktop\Senior_Manager\senior_manager\node_modules\next\dist\server\base-server.js:384:29)
    at async DevServer.run (C:\Users\Shiblee\Desktop\Senior_Manager\senior_manager\node_modules\next\dist\server\dev\next-dev-server.js:743:20)
    at async DevServer.handleRequest (C:\Users\Shiblee\Desktop\Senior_Manager\senior_manager\node_modules\next\dist\server\base-server.js:322:20)
2023-03-08 04:56:01 [development] info: Method:DELETE URL:/api/cloudinary/deleteImage 
2023-03-08 04:56:02 [development] error: undefined
2023-03-08 04:56:08 [development] info: Method:GET URL:/api/user/63ebdfe65e339fb906580e02 
2023-03-08 04:56:09 [development] info: Method:GET URL:/api/user/63ebdfe65e339fb906580e02 
2023-03-08 04:57:02 [development] info: Method:GET URL:/api/user/63ebdfe65e339fb906580e02 
2023-03-08 04:57:02 [development] info: Method:GET URL:/api/user/63ebdfe65e339fb906580e02 
2023-03-08 04:57:08 [development] info: Method:POST URL:/api/cloudinary/signature 
2023-03-08 04:57:09 [development] info: Method:DELETE URL:/api/cloudinary/deleteImage 
2023-03-08 04:57:10 [development] error: NotFoundError: Not Found
    at Object.deleteImage [as delete] (webpack-internal:///(api)/./pages/api/cloudinary/deleteImage.js:24:65)
    at processTicksAndRejections (node:internal/process/task_queues:96:5)
    at async eval (webpack-internal:///(api)/./utils/api-handler.js:20:13)
    at async Object.apiResolver (C:\Users\Shiblee\Desktop\Senior_Manager\senior_manager\node_modules\next\dist\server\api-utils\node.js:372:9)
    at async DevServer.runApi (C:\Users\Shiblee\Desktop\Senior_Manager\senior_manager\node_modules\next\dist\server\next-server.js:488:9)
    at async Object.fn (C:\Users\Shiblee\Desktop\Senior_Manager\senior_manager\node_modules\next\dist\server\next-server.js:751:37)
    at async Router.execute (C:\Users\Shiblee\Desktop\Senior_Manager\senior_manager\node_modules\next\dist\server\router.js:253:36)
    at async DevServer.run (C:\Users\Shiblee\Desktop\Senior_Manager\senior_manager\node_modules\next\dist\server\base-server.js:384:29)
    at async DevServer.run (C:\Users\Shiblee\Desktop\Senior_Manager\senior_manager\node_modules\next\dist\server\dev\next-dev-server.js:743:20)
    at async DevServer.handleRequest (C:\Users\Shiblee\Desktop\Senior_Manager\senior_manager\node_modules\next\dist\server\base-server.js:322:20)
2023-03-08 04:57:10 [development] info: Method:DELETE URL:/api/cloudinary/deleteImage 
2023-03-08 04:57:12 [development] error: undefined
2023-03-08 04:57:47 [development] info: Method:GET URL:/api/user/63ebdfe65e339fb906580e02 
2023-03-08 04:57:47 [development] info: Method:GET URL:/api/user/63ebdfe65e339fb906580e02 
2023-03-08 05:00:03 [development] info: Method:GET URL:/api/user/63ebdfe65e339fb906580e02 
2023-03-08 05:00:04 [development] info: Method:GET URL:/api/user/63ebdfe65e339fb906580e02 
2023-03-08 05:00:07 [development] info: Method:POST URL:/api/cloudinary/signature 
2023-03-08 05:00:08 [development] info: Method:DELETE URL:/api/cloudinary/deleteImage 
2023-03-08 05:00:10 [development] error: NotFoundError: Not Found
    at Object.deleteImage [as delete] (webpack-internal:///(api)/./pages/api/cloudinary/deleteImage.js:24:65)
    at runMicrotasks (<anonymous>)
    at processTicksAndRejections (node:internal/process/task_queues:96:5)
    at async eval (webpack-internal:///(api)/./utils/api-handler.js:20:13)
    at async Object.apiResolver (C:\Users\Shiblee\Desktop\Senior_Manager\senior_manager\node_modules\next\dist\server\api-utils\node.js:372:9)
    at async DevServer.runApi (C:\Users\Shiblee\Desktop\Senior_Manager\senior_manager\node_modules\next\dist\server\next-server.js:488:9)
    at async Object.fn (C:\Users\Shiblee\Desktop\Senior_Manager\senior_manager\node_modules\next\dist\server\next-server.js:751:37)
    at async Router.execute (C:\Users\Shiblee\Desktop\Senior_Manager\senior_manager\node_modules\next\dist\server\router.js:253:36)
    at async DevServer.run (C:\Users\Shiblee\Desktop\Senior_Manager\senior_manager\node_modules\next\dist\server\base-server.js:384:29)
    at async DevServer.run (C:\Users\Shiblee\Desktop\Senior_Manager\senior_manager\node_modules\next\dist\server\dev\next-dev-server.js:743:20)
    at async DevServer.handleRequest (C:\Users\Shiblee\Desktop\Senior_Manager\senior_manager\node_modules\next\dist\server\base-server.js:322:20)
2023-03-08 05:00:10 [development] info: Method:DELETE URL:/api/cloudinary/deleteImage 
2023-03-08 05:00:12 [development] error: undefined
2023-03-08 05:01:10 [development] info: Method:GET URL:/api/user/63ebdfe65e339fb906580e02 
2023-03-08 05:01:11 [development] info: Method:GET URL:/api/user/63ebdfe65e339fb906580e02 
2023-03-08 05:01:14 [development] info: Method:POST URL:/api/cloudinary/signature 
2023-03-08 05:01:15 [development] info: Method:DELETE URL:/api/cloudinary/deleteImage 
2023-03-08 05:01:17 [development] error: NotFoundError: Not Found
    at Object.deleteImage [as delete] (webpack-internal:///(api)/./pages/api/cloudinary/deleteImage.js:24:65)
    at runMicrotasks (<anonymous>)
    at processTicksAndRejections (node:internal/process/task_queues:96:5)
    at async eval (webpack-internal:///(api)/./utils/api-handler.js:20:13)
    at async Object.apiResolver (C:\Users\Shiblee\Desktop\Senior_Manager\senior_manager\node_modules\next\dist\server\api-utils\node.js:372:9)
    at async DevServer.runApi (C:\Users\Shiblee\Desktop\Senior_Manager\senior_manager\node_modules\next\dist\server\next-server.js:488:9)
    at async Object.fn (C:\Users\Shiblee\Desktop\Senior_Manager\senior_manager\node_modules\next\dist\server\next-server.js:751:37)
    at async Router.execute (C:\Users\Shiblee\Desktop\Senior_Manager\senior_manager\node_modules\next\dist\server\router.js:253:36)
    at async DevServer.run (C:\Users\Shiblee\Desktop\Senior_Manager\senior_manager\node_modules\next\dist\server\base-server.js:384:29)
    at async DevServer.run (C:\Users\Shiblee\Desktop\Senior_Manager\senior_manager\node_modules\next\dist\server\dev\next-dev-server.js:743:20)
    at async DevServer.handleRequest (C:\Users\Shiblee\Desktop\Senior_Manager\senior_manager\node_modules\next\dist\server\base-server.js:322:20)
2023-03-08 05:01:17 [development] info: Method:DELETE URL:/api/cloudinary/deleteImage 
2023-03-08 05:01:19 [development] error: undefined
2023-03-08 05:02:09 [development] info: Method:GET URL:/api/user/63ebdfe65e339fb906580e02 
2023-03-08 05:02:09 [development] info: Method:GET URL:/api/user/63ebdfe65e339fb906580e02 
2023-03-08 05:03:03 [development] info: Method:GET URL:/api/user/63ebdfe65e339fb906580e02 
2023-03-08 05:03:03 [development] info: Method:GET URL:/api/user/63ebdfe65e339fb906580e02 
2023-03-08 05:03:07 [development] info: Method:POST URL:/api/cloudinary/signature 
2023-03-08 05:03:09 [development] info: Method:DELETE URL:/api/cloudinary/deleteImage 
2023-03-08 05:03:11 [development] error: NotFoundError: Not Found
    at Object.deleteImage [as delete] (webpack-internal:///(api)/./pages/api/cloudinary/deleteImage.js:24:65)
    at runMicrotasks (<anonymous>)
    at processTicksAndRejections (node:internal/process/task_queues:96:5)
    at async eval (webpack-internal:///(api)/./utils/api-handler.js:20:13)
    at async Object.apiResolver (C:\Users\Shiblee\Desktop\Senior_Manager\senior_manager\node_modules\next\dist\server\api-utils\node.js:372:9)
    at async DevServer.runApi (C:\Users\Shiblee\Desktop\Senior_Manager\senior_manager\node_modules\next\dist\server\next-server.js:488:9)
    at async Object.fn (C:\Users\Shiblee\Desktop\Senior_Manager\senior_manager\node_modules\next\dist\server\next-server.js:751:37)
    at async Router.execute (C:\Users\Shiblee\Desktop\Senior_Manager\senior_manager\node_modules\next\dist\server\router.js:253:36)
    at async DevServer.run (C:\Users\Shiblee\Desktop\Senior_Manager\senior_manager\node_modules\next\dist\server\base-server.js:384:29)
    at async DevServer.run (C:\Users\Shiblee\Desktop\Senior_Manager\senior_manager\node_modules\next\dist\server\dev\next-dev-server.js:743:20)
    at async DevServer.handleRequest (C:\Users\Shiblee\Desktop\Senior_Manager\senior_manager\node_modules\next\dist\server\base-server.js:322:20)
2023-03-08 05:03:11 [development] info: Method:DELETE URL:/api/cloudinary/deleteImage 
2023-03-08 05:03:12 [development] error: undefined
2023-03-08 05:03:18 [development] info: Method:GET URL:/api/user/63ebdfe65e339fb906580e02 
2023-03-08 05:03:18 [development] info: Method:GET URL:/api/user/63ebdfe65e339fb906580e02 
2023-03-08 05:04:32 [development] info: Method:GET URL:/api/user/63ebdfe65e339fb906580e02 
2023-03-08 05:04:33 [development] info: Method:GET URL:/api/user/63ebdfe65e339fb906580e02 
2023-03-08 05:04:40 [development] info: Method:POST URL:/api/cloudinary/signature 
2023-03-08 05:04:41 [development] info: Method:DELETE URL:/api/cloudinary/deleteImage 
2023-03-08 05:04:42 [development] error: NotFoundError: Not Found
    at Object.deleteImage [as delete] (webpack-internal:///(api)/./pages/api/cloudinary/deleteImage.js:24:65)
    at runMicrotasks (<anonymous>)
    at processTicksAndRejections (node:internal/process/task_queues:96:5)
    at async eval (webpack-internal:///(api)/./utils/api-handler.js:20:13)
    at async Object.apiResolver (C:\Users\Shiblee\Desktop\Senior_Manager\senior_manager\node_modules\next\dist\server\api-utils\node.js:372:9)
    at async DevServer.runApi (C:\Users\Shiblee\Desktop\Senior_Manager\senior_manager\node_modules\next\dist\server\next-server.js:488:9)
    at async Object.fn (C:\Users\Shiblee\Desktop\Senior_Manager\senior_manager\node_modules\next\dist\server\next-server.js:751:37)
    at async Router.execute (C:\Users\Shiblee\Desktop\Senior_Manager\senior_manager\node_modules\next\dist\server\router.js:253:36)
    at async DevServer.run (C:\Users\Shiblee\Desktop\Senior_Manager\senior_manager\node_modules\next\dist\server\base-server.js:384:29)
    at async DevServer.run (C:\Users\Shiblee\Desktop\Senior_Manager\senior_manager\node_modules\next\dist\server\dev\next-dev-server.js:743:20)
    at async DevServer.handleRequest (C:\Users\Shiblee\Desktop\Senior_Manager\senior_manager\node_modules\next\dist\server\base-server.js:322:20)
2023-03-08 05:04:42 [development] info: Method:DELETE URL:/api/cloudinary/deleteImage 
2023-03-08 05:04:43 [development] error: undefined
2023-03-08 05:05:15 [development] info: Method:GET URL:/api/user/63ebdfe65e339fb906580e02 
2023-03-08 05:05:15 [development] info: Method:GET URL:/api/user/63ebdfe65e339fb906580e02 
2023-03-08 05:06:10 [development] info: Method:GET URL:/api/user/63ebdfe65e339fb906580e02 
2023-03-08 05:06:11 [development] info: Method:GET URL:/api/user/63ebdfe65e339fb906580e02 
2023-03-08 05:06:15 [development] info: Method:POST URL:/api/cloudinary/signature 
2023-03-08 05:06:16 [development] info: Method:DELETE URL:/api/cloudinary/deleteImage 
2023-03-08 05:06:18 [development] error: undefined
2023-03-08 05:06:18 [development] info: Method:DELETE URL:/api/cloudinary/deleteImage 
2023-03-08 05:06:19 [development] error: undefined
2023-03-08 05:07:06 [development] info: Method:GET URL:/api/user/63ebdfe65e339fb906580e02 
2023-03-08 05:07:06 [development] info: Method:GET URL:/api/user/63ebdfe65e339fb906580e02 
2023-03-08 05:07:10 [development] info: Method:POST URL:/api/cloudinary/signature 
2023-03-08 05:07:12 [development] info: Method:DELETE URL:/api/cloudinary/deleteImage 
2023-03-08 05:07:13 [development] error: undefined
2023-03-08 05:07:13 [development] info: Method:DELETE URL:/api/cloudinary/deleteImage 
2023-03-08 05:07:14 [development] error: undefined
2023-03-08 05:08:49 [development] info: Method:GET URL:/api/user/63ebdfe65e339fb906580e02 
2023-03-08 05:08:50 [development] info: Method:GET URL:/api/user/63ebdfe65e339fb906580e02 
2023-03-08 05:08:55 [development] info: Method:POST URL:/api/cloudinary/signature 
2023-03-08 05:08:56 [development] info: Method:DELETE URL:/api/cloudinary/deleteImage 
2023-03-08 05:08:58 [development] error: undefined
2023-03-08 05:08:58 [development] info: Method:DELETE URL:/api/cloudinary/deleteImage 
2023-03-08 05:09:00 [development] error: undefined
2023-03-08 05:09:33 [development] info: Method:GET URL:/api/user/63f4e315b8d06f42a93d3ee8 
2023-03-08 05:09:33 [development] info: Method:GET URL:/api/user/63f4e315b8d06f42a93d3ee8 
2023-03-08 05:09:58 [development] info: Method:POST URL:/api/cloudinary/signature 
2023-03-08 05:09:59 [development] info: Method:DELETE URL:/api/cloudinary/deleteImage 
2023-03-08 05:10:00 [development] info: Method:PUT URL:/api/user/63f4e315b8d06f42a93d3ee8 
2023-03-08 05:10:04 [development] info: Method:GET URL:/api/user/63f4e315b8d06f42a93d3ee8 
2023-03-08 05:10:04 [development] info: Method:GET URL:/api/user/63f4e315b8d06f42a93d3ee8 
2023-03-08 05:11:50 [development] info: Method:GET URL:/api/user/63f4e315b8d06f42a93d3ee8 
2023-03-08 05:11:50 [development] info: Method:GET URL:/api/user/63f4e315b8d06f42a93d3ee8 
2023-03-08 05:16:23 [development] info: Method:POST URL:/api/cloudinary/signature 
2023-03-08 05:16:25 [development] info: Method:DELETE URL:/api/cloudinary/deleteImage 
2023-03-08 05:16:27 [development] info: Method:PUT URL:/api/user/63f4e315b8d06f42a93d3ee8 
2023-03-08 05:17:23 [development] info: Method:GET URL:/api/user/63f4e315b8d06f42a93d3ee8 
2023-03-08 05:17:23 [development] info: Method:GET URL:/api/user/63f4e315b8d06f42a93d3ee8 
2023-03-08 05:17:33 [development] info: Method:POST URL:/api/cloudinary/signature 
2023-03-08 05:17:36 [development] info: Method:DELETE URL:/api/cloudinary/deleteImage 
2023-03-08 05:17:38 [development] error: undefined
2023-03-08 05:17:38 [development] info: Method:DELETE URL:/api/cloudinary/deleteImage 
2023-03-08 05:17:39 [development] error: undefined
2023-03-08 05:18:00 [development] info: Method:GET URL:/api/user/63f4e315b8d06f42a93d3ee8 
2023-03-08 05:18:01 [development] info: Method:GET URL:/api/user/63f4e315b8d06f42a93d3ee8 
2023-03-08 05:18:14 [development] info: Method:GET URL:/api/user/63f4e315b8d06f42a93d3ee8 
2023-03-08 05:18:14 [development] info: Method:GET URL:/api/user/63f4e315b8d06f42a93d3ee8 
2023-03-08 05:18:21 [development] info: Method:POST URL:/api/cloudinary/signature 
2023-03-08 05:18:25 [development] info: Method:DELETE URL:/api/cloudinary/deleteImage 
2023-03-08 05:18:26 [development] info: Method:PUT URL:/api/user/63f4e315b8d06f42a93d3ee8 
2023-03-08 05:18:29 [development] info: Method:GET URL:/api/user/63f4e315b8d06f42a93d3ee8 
2023-03-08 05:18:29 [development] info: Method:GET URL:/api/user/63f4e315b8d06f42a93d3ee8 
2023-03-08 05:21:09 [development] info: Method:GET URL:/api/user/63ebdfe65e339fb906580e02 
2023-03-08 05:21:09 [development] info: Method:GET URL:/api/user/63ebdfe65e339fb906580e02 
2023-03-08 05:21:18 [development] info: Method:POST URL:/api/cloudinary/signature 
2023-03-08 05:21:19 [development] info: Method:DELETE URL:/api/cloudinary/deleteImage 
2023-03-08 05:21:20 [development] error: NotFoundError: Not Found
    at Object.deleteImage [as delete] (webpack-internal:///(api)/./pages/api/cloudinary/deleteImage.js:26:65)
    at runMicrotasks (<anonymous>)
    at processTicksAndRejections (node:internal/process/task_queues:96:5)
    at async eval (webpack-internal:///(api)/./utils/api-handler.js:20:13)
    at async Object.apiResolver (C:\Users\Shiblee\Desktop\Senior_Manager\senior_manager\node_modules\next\dist\server\api-utils\node.js:372:9)
    at async DevServer.runApi (C:\Users\Shiblee\Desktop\Senior_Manager\senior_manager\node_modules\next\dist\server\next-server.js:488:9)
    at async Object.fn (C:\Users\Shiblee\Desktop\Senior_Manager\senior_manager\node_modules\next\dist\server\next-server.js:751:37)
    at async Router.execute (C:\Users\Shiblee\Desktop\Senior_Manager\senior_manager\node_modules\next\dist\server\router.js:253:36)
    at async DevServer.run (C:\Users\Shiblee\Desktop\Senior_Manager\senior_manager\node_modules\next\dist\server\base-server.js:384:29)
    at async DevServer.run (C:\Users\Shiblee\Desktop\Senior_Manager\senior_manager\node_modules\next\dist\server\dev\next-dev-server.js:743:20)
    at async DevServer.handleRequest (C:\Users\Shiblee\Desktop\Senior_Manager\senior_manager\node_modules\next\dist\server\base-server.js:322:20)
2023-03-08 05:21:20 [development] info: Method:DELETE URL:/api/cloudinary/deleteImage 
2023-03-08 05:21:21 [development] error: NotFoundError: Not Found
    at Object.deleteImage [as delete] (webpack-internal:///(api)/./pages/api/cloudinary/deleteImage.js:26:65)
    at runMicrotasks (<anonymous>)
    at processTicksAndRejections (node:internal/process/task_queues:96:5)
    at async eval (webpack-internal:///(api)/./utils/api-handler.js:20:13)
    at async Object.apiResolver (C:\Users\Shiblee\Desktop\Senior_Manager\senior_manager\node_modules\next\dist\server\api-utils\node.js:372:9)
    at async DevServer.runApi (C:\Users\Shiblee\Desktop\Senior_Manager\senior_manager\node_modules\next\dist\server\next-server.js:488:9)
    at async Object.fn (C:\Users\Shiblee\Desktop\Senior_Manager\senior_manager\node_modules\next\dist\server\next-server.js:751:37)
    at async Router.execute (C:\Users\Shiblee\Desktop\Senior_Manager\senior_manager\node_modules\next\dist\server\router.js:253:36)
    at async DevServer.run (C:\Users\Shiblee\Desktop\Senior_Manager\senior_manager\node_modules\next\dist\server\base-server.js:384:29)
    at async DevServer.run (C:\Users\Shiblee\Desktop\Senior_Manager\senior_manager\node_modules\next\dist\server\dev\next-dev-server.js:743:20)
    at async DevServer.handleRequest (C:\Users\Shiblee\Desktop\Senior_Manager\senior_manager\node_modules\next\dist\server\base-server.js:322:20)
2023-03-08 05:21:25 [development] info: Method:GET URL:/api/user/63ebdfe65e339fb906580e02 
2023-03-08 05:21:25 [development] info: Method:GET URL:/api/user/63ebdfe65e339fb906580e02 
2023-03-08 05:22:10 [development] info: Method:POST URL:/api/cloudinary/signature 
2023-03-08 05:22:11 [development] info: Method:DELETE URL:/api/cloudinary/deleteImage 
2023-03-08 05:22:12 [development] error: NotFoundError: Not Found
    at Object.deleteImage [as delete] (webpack-internal:///(api)/./pages/api/cloudinary/deleteImage.js:26:65)
    at processTicksAndRejections (node:internal/process/task_queues:96:5)
    at async eval (webpack-internal:///(api)/./utils/api-handler.js:20:13)
    at async Object.apiResolver (C:\Users\Shiblee\Desktop\Senior_Manager\senior_manager\node_modules\next\dist\server\api-utils\node.js:372:9)
    at async DevServer.runApi (C:\Users\Shiblee\Desktop\Senior_Manager\senior_manager\node_modules\next\dist\server\next-server.js:488:9)
    at async Object.fn (C:\Users\Shiblee\Desktop\Senior_Manager\senior_manager\node_modules\next\dist\server\next-server.js:751:37)
    at async Router.execute (C:\Users\Shiblee\Desktop\Senior_Manager\senior_manager\node_modules\next\dist\server\router.js:253:36)
    at async DevServer.run (C:\Users\Shiblee\Desktop\Senior_Manager\senior_manager\node_modules\next\dist\server\base-server.js:384:29)
    at async DevServer.run (C:\Users\Shiblee\Desktop\Senior_Manager\senior_manager\node_modules\next\dist\server\dev\next-dev-server.js:743:20)
    at async DevServer.handleRequest (C:\Users\Shiblee\Desktop\Senior_Manager\senior_manager\node_modules\next\dist\server\base-server.js:322:20)
2023-03-08 05:22:12 [development] info: Method:DELETE URL:/api/cloudinary/deleteImage 
2023-03-08 05:22:13 [development] error: NotFoundError: Not Found
    at Object.deleteImage [as delete] (webpack-internal:///(api)/./pages/api/cloudinary/deleteImage.js:26:65)
    at processTicksAndRejections (node:internal/process/task_queues:96:5)
    at async eval (webpack-internal:///(api)/./utils/api-handler.js:20:13)
    at async Object.apiResolver (C:\Users\Shiblee\Desktop\Senior_Manager\senior_manager\node_modules\next\dist\server\api-utils\node.js:372:9)
    at async DevServer.runApi (C:\Users\Shiblee\Desktop\Senior_Manager\senior_manager\node_modules\next\dist\server\next-server.js:488:9)
    at async Object.fn (C:\Users\Shiblee\Desktop\Senior_Manager\senior_manager\node_modules\next\dist\server\next-server.js:751:37)
    at async Router.execute (C:\Users\Shiblee\Desktop\Senior_Manager\senior_manager\node_modules\next\dist\server\router.js:253:36)
    at async DevServer.run (C:\Users\Shiblee\Desktop\Senior_Manager\senior_manager\node_modules\next\dist\server\base-server.js:384:29)
    at async DevServer.run (C:\Users\Shiblee\Desktop\Senior_Manager\senior_manager\node_modules\next\dist\server\dev\next-dev-server.js:743:20)
    at async DevServer.handleRequest (C:\Users\Shiblee\Desktop\Senior_Manager\senior_manager\node_modules\next\dist\server\base-server.js:322:20)
2023-03-08 05:24:04 [development] info: Method:GET URL:/api/user/63ebdfe65e339fb906580e02 
2023-03-08 05:24:04 [development] info: Method:GET URL:/api/user/63ebdfe65e339fb906580e02 
2023-03-08 05:24:14 [development] info: Method:POST URL:/api/cloudinary/signature 
2023-03-08 05:24:17 [development] info: Method:DELETE URL:/api/cloudinary/deleteImage 
2023-03-08 05:24:18 [development] error: undefined
2023-03-08 05:24:21 [development] info: Method:GET URL:/api/user/63ebdfe65e339fb906580e02 
2023-03-08 05:24:21 [development] info: Method:GET URL:/api/user/63ebdfe65e339fb906580e02 
2023-03-08 05:24:52 [development] info: Method:GET URL:/api/user/63ebdfe65e339fb906580e02 
2023-03-08 05:24:52 [development] info: Method:GET URL:/api/user/63ebdfe65e339fb906580e02 
2023-03-08 05:25:49 [development] info: Method:GET URL:/api/user/63ebdfe65e339fb906580e02 
2023-03-08 05:25:49 [development] info: Method:GET URL:/api/user/63ebdfe65e339fb906580e02 
2023-03-08 05:25:56 [development] info: Method:GET URL:/api/user/63ebdfe65e339fb906580e02 
2023-03-08 05:25:56 [development] info: Method:GET URL:/api/user/63ebdfe65e339fb906580e02 
2023-03-08 05:26:01 [development] info: Method:POST URL:/api/cloudinary/signature 
2023-03-08 05:26:06 [development] info: Method:PUT URL:/api/user/63ebdfe65e339fb906580e02 
2023-03-08 05:26:07 [development] info: Method:GET URL:/api/user/63ebdfe65e339fb906580e02 
2023-03-08 05:26:07 [development] info: Method:GET URL:/api/user/63ebdfe65e339fb906580e02 
2023-03-08 05:26:43 [development] info: Method:GET URL:/api/user/63ebdfe65e339fb906580e02 
2023-03-08 05:26:43 [development] info: Method:GET URL:/api/user/63ebdfe65e339fb906580e02 
2023-03-08 05:28:49 [development] info: Method:GET URL:/api/user/63ebdfe65e339fb906580e02 
2023-03-08 05:28:49 [development] info: Method:GET URL:/api/user/63ebdfe65e339fb906580e02 
2023-03-08 05:29:33 [development] info: Method:GET URL:/api/user/63ebdfe65e339fb906580e02 
2023-03-08 05:29:33 [development] info: Method:GET URL:/api/user/63ebdfe65e339fb906580e02 
2023-03-08 05:30:27 [development] info: Method:GET URL:/api/user/63ebdfe65e339fb906580e02 
2023-03-08 05:30:27 [development] info: Method:GET URL:/api/user/63ebdfe65e339fb906580e02 
2023-03-08 05:30:42 [development] info: Method:GET URL:/api/user/63ebdfe65e339fb906580e02 
2023-03-08 05:30:42 [development] info: Method:GET URL:/api/user/63ebdfe65e339fb906580e02 
2023-03-08 05:32:00 [development] info: Method:GET URL:/api/user/63ebdfe65e339fb906580e02 
2023-03-08 05:32:00 [development] info: Method:GET URL:/api/user/63ebdfe65e339fb906580e02 
2023-03-08 05:32:41 [development] info: Method:GET URL:/api/user/63ebdfe65e339fb906580e02 
2023-03-08 05:32:41 [development] info: Method:GET URL:/api/user/63ebdfe65e339fb906580e02 
2023-03-08 05:32:46 [development] info: Method:POST URL:/api/cloudinary/signature 
2023-03-08 05:32:50 [development] info: Method:DELETE URL:/api/cloudinary/deleteImage 
2023-03-08 05:32:52 [development] info: Method:PUT URL:/api/user/63ebdfe65e339fb906580e02 
2023-03-08 05:32:55 [development] info: Method:GET URL:/api/user/63ebdfe65e339fb906580e02 
2023-03-08 05:32:55 [development] info: Method:GET URL:/api/user/63ebdfe65e339fb906580e02 
2023-03-08 12:36:21 [development] info: Method:GET URL:/api/user/63ebdfe65e339fb906580e02 
2023-03-08 12:36:22 [development] info: Method:GET URL:/api/user/63ebdfe65e339fb906580e02 
2023-03-08 13:16:20 [development] info: Method:GET URL:/api/user/63ebdfe65e339fb906580e02 
2023-03-08 13:16:21 [development] info: Method:GET URL:/api/user/63ebdfe65e339fb906580e02 
2023-03-08 13:16:23 [development] info: Method:GET URL:/api/user/63ebdfe65e339fb906580e02 
2023-03-08 13:16:23 [development] info: Method:GET URL:/api/user/63ebdfe65e339fb906580e02 
2023-03-08 21:18:40 [development] info: Method:POST URL:/api/cloudinary/signature 
2023-03-08 21:18:42 [development] info: Method:DELETE URL:/api/cloudinary/deleteImage 
2023-03-08 21:22:25 [development] info: Method:POST URL:/api/cloudinary/signature 
2023-03-08 21:22:26 [development] info: Method:POST URL:/api/job 
2023-03-08 21:22:26 [development] error: ValidationError: Summary is required
    at C:\Users\Shiblee\Desktop\Senior_Manager\senior_manager\node_modules\yup\index.js:757:33
    at C:\Users\Shiblee\Desktop\Senior_Manager\senior_manager\node_modules\yup\index.js:1744:9
    at nextOnce (C:\Users\Shiblee\Desktop\Senior_Manager\senior_manager\node_modules\yup\index.js:694:7)
    at finishTestRun (C:\Users\Shiblee\Desktop\Senior_Manager\senior_manager\node_modules\yup\index.js:713:11)
    at C:\Users\Shiblee\Desktop\Senior_Manager\senior_manager\node_modules\yup\index.js:1744:9
    at nextOnce (C:\Users\Shiblee\Desktop\Senior_Manager\senior_manager\node_modules\yup\index.js:694:7)
    at finishTestRun (C:\Users\Shiblee\Desktop\Senior_Manager\senior_manager\node_modules\yup\index.js:713:11)
    at nextOnce (C:\Users\Shiblee\Desktop\Senior_Manager\senior_manager\node_modules\yup\index.js:694:7)
    at finishTestRun (C:\Users\Shiblee\Desktop\Senior_Manager\senior_manager\node_modules\yup\index.js:713:11)
    at handleResult (C:\Users\Shiblee\Desktop\Senior_Manager\senior_manager\node_modules\yup\index.js:322:124)
    at processTicksAndRejections (node:internal/process/task_queues:96:5)
2023-03-08 21:22:26 [development] info: Method:DELETE URL:/api/cloudinary/deleteImage 
2023-03-08 21:22:56 [development] info: Method:GET URL:/api/job 
2023-03-08 21:25:40 [development] info: Method:POST URL:/api/cloudinary/signature 
2023-03-08 21:28:36 [development] info: Method:POST URL:/api/cloudinary/signature 
2023-03-08 21:28:38 [development] info: Method:POST URL:/api/job 
2023-03-08 21:28:38 [development] info: Method:DELETE URL:/api/cloudinary/deleteImage 
2023-03-08 21:35:26 [development] info: Method:POST URL:/api/cloudinary/signature 
2023-03-08 21:35:28 [development] info: Method:POST URL:/api/job 
2023-03-08 21:35:29 [development] info: Method:DELETE URL:/api/cloudinary/deleteImage 
2023-03-08 21:37:51 [development] info: Method:POST URL:/api/cloudinary/signature 
2023-03-08 21:37:52 [development] info: Method:POST URL:/api/job 
