2023-03-02 13:15:29 [development] info: Method:GET URL:/api/search?id=j 
2023-03-02 13:15:30 [development] info: Method:GET URL:/api/search?id=ja 
2023-03-02 13:15:31 [development] info: Method:GET URL:/api/search?id=java 
2023-03-02 13:15:34 [development] info: Method:GET URL:/api/search?id=j 
2023-03-02 13:15:38 [development] info: Method:GET URL:/api/search?id=pho 
2023-03-02 13:15:39 [development] info: Method:GET URL:/api/search?id=ph 
2023-03-02 13:15:40 [development] info: Method:GET URL:/api/search?id=php 
2023-03-02 13:15:51 [development] info: Method:GET URL:/api/search?id=php 
2023-03-02 13:15:53 [development] info: Method:GET URL:/api/search?id=p 
2023-03-02 13:15:55 [development] info: Method:GET URL:/api/search?id=java 
2023-03-02 13:15:59 [development] info: Method:GET URL:/api/search?id=j 
2023-03-02 13:16:03 [development] info: Method:GET URL:/api/search?id=c 
2023-03-02 13:16:16 [development] info: Method:GET URL:/api/search?id=token 
2023-03-02 13:16:18 [development] info: Method:GET URL:/api/search?id=t 
2023-03-02 13:16:21 [development] info: Method:GET URL:/api/search?id=ma 
2023-03-02 13:16:25 [development] info: Method:GET URL:/api/search?id=m 
2023-03-02 13:16:27 [development] info: Method:GET URL:/api/search?id=manager 
2023-03-02 13:16:33 [development] info: Method:GET URL:/api/search?id=m 
2023-03-02 13:16:36 [development] info: Method:GET URL:/api/search?id=face 
2023-03-02 22:19:39 [development] info: Method:POST URL:/api/user/checkUser 
2023-03-02 22:19:49 [development] info: Method:POST URL:/api/user/checkUser 
2023-03-02 22:19:59 [development] info: Method:POST URL:/api/user/register 
