2023-03-12 00:08:01 [development] info: Method:GET URL:/api/user/63ebdfe65e339fb906580e02 
2023-03-12 00:08:02 [development] info: Method:GET URL:/api/user/63ebdfe65e339fb906580e02 
2023-03-12 00:09:09 [development] info: Method:GET URL:/api/user/63ebdfe65e339fb906580e02 
2023-03-12 00:09:10 [development] info: Method:GET URL:/api/user/63ebdfe65e339fb906580e02 
2023-03-12 00:10:17 [development] info: Method:GET URL:/api/user/63ebdfe65e339fb906580e02 
2023-03-12 00:10:18 [development] info: Method:GET URL:/api/user/63ebdfe65e339fb906580e02 
2023-03-12 00:32:55 [development] info: Method:GET URL:/api/user/getJobList/63ebdfe65e339fb906580e02 
2023-03-12 00:32:56 [development] info: Method:GET URL:/api/user/getJobList/63ebdfe65e339fb906580e02 
2023-03-12 00:33:21 [development] info: Method:GET URL:/api/user/getJobList/63ebdfe65e339fb906580e02 
2023-03-12 00:33:21 [development] info: Method:GET URL:/api/user/getJobList/63ebdfe65e339fb906580e02 
2023-03-12 00:55:59 [development] info: Method:GET URL:/api/user/63ebdfe65e339fb906580e02 
2023-03-12 00:55:59 [development] info: Method:GET URL:/api/user/63ebdfe65e339fb906580e02 
2023-03-12 00:58:17 [development] info: Method:GET URL:/api/user/63ebdfe65e339fb906580e02 
2023-03-12 00:58:17 [development] info: Method:GET URL:/api/user/63ebdfe65e339fb906580e02 
2023-03-12 01:03:02 [development] info: Method:GET URL:/api/user/640cd0653c6a21320a3cf774 
2023-03-12 01:04:30 [development] info: Method:GET URL:/api/user/640cd0653c6a21320a3cf774 
2023-03-12 01:04:30 [development] info: Method:GET URL:/api/user/640cd0653c6a21320a3cf774 
2023-03-12 01:05:29 [development] info: Method:GET URL:/api/user/640cd0653c6a21320a3cf774 
2023-03-12 01:05:29 [development] info: Method:GET URL:/api/user/640cd0653c6a21320a3cf774 
2023-03-12 01:06:17 [development] info: Method:GET URL:/api/user/640cd0653c6a21320a3cf774 
2023-03-12 01:06:17 [development] info: Method:GET URL:/api/user/640cd0653c6a21320a3cf774 
2023-03-12 01:06:23 [development] info: Method:GET URL:/api/user/640cd0653c6a21320a3cf774 
2023-03-12 01:06:24 [development] info: Method:GET URL:/api/user/640cd0653c6a21320a3cf774 
2023-03-12 01:18:37 [development] info: Method:GET URL:/api/user/640cd0653c6a21320a3cf774 
2023-03-12 01:20:12 [development] info: Method:GET URL:/api/user/640cd46c16493a29ed7c491b 
2023-03-12 01:23:20 [development] info: Method:GET URL:/api/user/640cd52816493a29ed7c491d 
2023-03-12 01:24:08 [development] info: Method:GET URL:/api/user/640cd52816493a29ed7c491d 
2023-03-12 01:24:09 [development] info: Method:GET URL:/api/user/640cd52816493a29ed7c491d 
2023-03-12 01:24:32 [development] info: Method:GET URL:/api/user/640cd52816493a29ed7c491d 
2023-03-12 01:28:22 [development] info: Method:GET URL:/api/user/640cd52816493a29ed7c491d 
2023-03-12 01:28:22 [development] info: Method:GET URL:/api/user/640cd52816493a29ed7c491d 
2023-03-12 01:28:42 [development] info: Method:PUT URL:/api/user/640cd52816493a29ed7c491d 
2023-03-12 01:42:33 [development] info: Method:GET URL:/api/user/640cd9a916493a29ed7c491f 
2023-03-12 01:53:03 [development] info: Method:GET URL:/api/user/640cd9a916493a29ed7c491f 
2023-03-12 01:53:03 [development] info: Method:GET URL:/api/user/640cd9a916493a29ed7c491f 
2023-03-12 01:53:19 [development] info: Method:GET URL:/api/user/640cd9a916493a29ed7c491f 
2023-03-12 01:54:40 [development] info: Method:GET URL:/api/user/640cdc8016493a29ed7c4921 
2023-03-12 02:17:53 [development] info: Method:GET URL:/api/user/640cdc8016493a29ed7c4921 
2023-03-12 02:17:53 [development] info: Method:GET URL:/api/user/640cdc8016493a29ed7c4921 
2023-03-12 02:18:57 [development] info: Method:PUT URL:/api/user/640cdc8016493a29ed7c4921 
2023-03-12 02:19:05 [development] info: Method:GET URL:/api/user/640cdc8016493a29ed7c4921 
2023-03-12 02:19:05 [development] info: Method:GET URL:/api/user/640cdc8016493a29ed7c4921 
2023-03-12 02:21:45 [development] info: Method:GET URL:/api/user/640cdc8016493a29ed7c4921 
2023-03-12 02:21:45 [development] info: Method:GET URL:/api/user/640cdc8016493a29ed7c4921 
2023-03-12 02:21:58 [development] info: Method:GET URL:/api/user/640cdc8016493a29ed7c4921 
2023-03-12 02:22:00 [development] info: Method:GET URL:/api/user/640cdc8016493a29ed7c4921 
2023-03-12 02:22:01 [development] info: Method:GET URL:/api/user/640cdc8016493a29ed7c4921 
2023-03-12 02:22:21 [development] info: Method:GET URL:/api/user/640cdc8016493a29ed7c4921 
2023-03-12 02:22:21 [development] info: Method:GET URL:/api/user/640cdc8016493a29ed7c4921 
2023-03-12 02:22:35 [development] info: Method:GET URL:/api/user/640cdc8016493a29ed7c4921 
2023-03-12 02:22:38 [development] info: Method:GET URL:/api/user/640cdc8016493a29ed7c4921 
2023-03-12 02:22:38 [development] info: Method:GET URL:/api/user/640cdc8016493a29ed7c4921 
2023-03-12 02:23:49 [development] info: Method:GET URL:/api/user/640cdc8016493a29ed7c4921 
2023-03-12 02:23:49 [development] info: Method:GET URL:/api/user/640cdc8016493a29ed7c4921 
2023-03-12 02:23:53 [development] info: Method:GET URL:/api/user/640cdc8016493a29ed7c4921 
2023-03-12 02:23:53 [development] info: Method:GET URL:/api/user/640cdc8016493a29ed7c4921 
2023-03-12 02:26:04 [development] info: Method:GET URL:/api/user/640cdc8016493a29ed7c4921 
2023-03-12 02:26:05 [development] info: Method:GET URL:/api/user/640cdc8016493a29ed7c4921 
2023-03-12 02:26:08 [development] info: Method:GET URL:/api/user/640cdc8016493a29ed7c4921 
2023-03-12 02:26:12 [development] info: Method:GET URL:/api/user/640cdc8016493a29ed7c4921 
2023-03-12 02:26:12 [development] info: Method:GET URL:/api/user/640cdc8016493a29ed7c4921 
2023-03-12 02:27:31 [development] info: Method:GET URL:/api/user/640cdc8016493a29ed7c4921 
2023-03-12 02:27:32 [development] info: Method:GET URL:/api/user/640cdc8016493a29ed7c4921 
2023-03-12 02:27:58 [development] info: Method:GET URL:/api/user/640cdc8016493a29ed7c4921 
2023-03-12 02:28:02 [development] info: Method:GET URL:/api/user/640cdc8016493a29ed7c4921 
2023-03-12 02:28:03 [development] info: Method:GET URL:/api/user/640cdc8016493a29ed7c4921 
2023-03-12 02:29:59 [development] info: Method:GET URL:/api/user/640cdc8016493a29ed7c4921 
2023-03-12 02:30:08 [development] info: Method:GET URL:/api/user/640cdc8016493a29ed7c4921 
2023-03-12 02:30:08 [development] info: Method:GET URL:/api/user/640cdc8016493a29ed7c4921 
2023-03-12 02:37:58 [development] info: Method:GET URL:/api/user/640cdc8016493a29ed7c4921 
2023-03-12 03:21:37 [development] info: Method:GET URL:/api/user/640cdc8016493a29ed7c4921 
2023-03-12 03:21:37 [development] info: Method:GET URL:/api/user/640cdc8016493a29ed7c4921 
2023-03-12 03:43:08 [development] info: Method:GET URL:/api/user/640cdc8016493a29ed7c4921 
2023-03-12 03:43:10 [development] info: Method:GET URL:/api/user/640cdc8016493a29ed7c4921 
2023-03-12 03:43:26 [development] info: Method:GET URL:/api/user/640cdc8016493a29ed7c4921 
2023-03-12 03:43:27 [development] info: Method:GET URL:/api/user/640cdc8016493a29ed7c4921 
2023-03-12 03:44:59 [development] info: Method:GET URL:/api/user/640cdc8016493a29ed7c4921 
2023-03-12 03:45:00 [development] info: Method:GET URL:/api/user/640cdc8016493a29ed7c4921 
2023-03-12 03:45:03 [development] info: Method:GET URL:/api/user/640cdc8016493a29ed7c4921 
2023-03-12 03:45:10 [development] info: Method:GET URL:/api/user/640cdc8016493a29ed7c4921 
2023-03-12 03:45:10 [development] info: Method:GET URL:/api/user/640cdc8016493a29ed7c4921 
2023-03-12 03:45:12 [development] info: Method:GET URL:/api/user/640cdc8016493a29ed7c4921 
2023-03-12 03:47:14 [development] info: Method:GET URL:/api/user/640cdc8016493a29ed7c4921 
2023-03-12 03:47:14 [development] info: Method:GET URL:/api/user/640cdc8016493a29ed7c4921 
2023-03-12 03:47:54 [development] info: Method:GET URL:/api/user/640cdc8016493a29ed7c4921 
2023-03-12 03:49:13 [development] info: Method:GET URL:/api/user/640cdc8016493a29ed7c4921 
2023-03-12 03:49:13 [development] info: Method:GET URL:/api/user/640cdc8016493a29ed7c4921 
2023-03-12 03:49:58 [development] info: Method:GET URL:/api/user/640cdc8016493a29ed7c4921 
2023-03-12 03:49:58 [development] info: Method:GET URL:/api/user/640cdc8016493a29ed7c4921 
2023-03-12 03:49:59 [development] info: Method:GET URL:/api/user/640cdc8016493a29ed7c4921 
2023-03-12 03:50:02 [development] info: Method:GET URL:/api/user/640cdc8016493a29ed7c4921 
2023-03-12 03:50:04 [development] info: Method:GET URL:/api/user/640cdc8016493a29ed7c4921 
2023-03-12 03:50:04 [development] info: Method:GET URL:/api/user/640cdc8016493a29ed7c4921 
2023-03-12 03:52:40 [development] info: Method:GET URL:/api/user/640cdc8016493a29ed7c4921 
2023-03-12 03:52:41 [development] info: Method:GET URL:/api/user/640cdc8016493a29ed7c4921 
2023-03-12 03:52:44 [development] info: Method:GET URL:/api/user/640cdc8016493a29ed7c4921 
2023-03-12 03:52:44 [development] info: Method:GET URL:/api/user/640cdc8016493a29ed7c4921 
2023-03-12 03:53:58 [development] info: Method:GET URL:/api/user/640cdc8016493a29ed7c4921 
2023-03-12 03:53:58 [development] info: Method:GET URL:/api/user/640cdc8016493a29ed7c4921 
2023-03-12 03:53:58 [development] info: Method:GET URL:/api/user/640cdc8016493a29ed7c4921 
2023-03-12 03:54:07 [development] info: Method:GET URL:/api/user/640cdc8016493a29ed7c4921 
2023-03-12 03:54:07 [development] info: Method:GET URL:/api/user/640cdc8016493a29ed7c4921 
2023-03-12 03:55:29 [development] info: Method:GET URL:/api/user/640cdc8016493a29ed7c4921 
2023-03-12 03:55:30 [development] info: Method:GET URL:/api/user/640cdc8016493a29ed7c4921 
2023-03-12 03:55:33 [development] info: Method:GET URL:/api/user/640cdc8016493a29ed7c4921 
2023-03-12 03:55:37 [development] info: Method:GET URL:/api/user/640cdc8016493a29ed7c4921 
2023-03-12 03:55:38 [development] info: Method:GET URL:/api/user/640cdc8016493a29ed7c4921 
2023-03-12 03:55:54 [development] info: Method:GET URL:/api/user/640cdc8016493a29ed7c4921 
2023-03-12 03:56:12 [development] info: Method:GET URL:/api/user/640cdc8016493a29ed7c4921 
2023-03-12 03:56:12 [development] info: Method:GET URL:/api/user/640cdc8016493a29ed7c4921 
2023-03-12 03:59:12 [development] info: Method:GET URL:/api/user/640cdc8016493a29ed7c4921 
2023-03-12 03:59:12 [development] info: Method:GET URL:/api/user/640cdc8016493a29ed7c4921 
2023-03-12 03:59:42 [development] info: Method:GET URL:/api/user/640cdc8016493a29ed7c4921 
2023-03-12 03:59:42 [development] info: Method:GET URL:/api/user/640cdc8016493a29ed7c4921 
2023-03-12 03:59:46 [development] info: Method:GET URL:/api/user/640cdc8016493a29ed7c4921 
2023-03-12 03:59:46 [development] info: Method:GET URL:/api/user/640cdc8016493a29ed7c4921 
2023-03-12 04:00:17 [development] info: Method:GET URL:/api/user/640cdc8016493a29ed7c4921 
2023-03-12 04:00:17 [development] info: Method:GET URL:/api/user/640cdc8016493a29ed7c4921 
2023-03-12 04:00:18 [development] info: Method:GET URL:/api/user/640cdc8016493a29ed7c4921 
2023-03-12 04:00:18 [development] info: Method:GET URL:/api/user/640cdc8016493a29ed7c4921 
2023-03-12 04:00:23 [development] info: Method:GET URL:/api/user/640cdc8016493a29ed7c4921 
2023-03-12 04:00:23 [development] info: Method:GET URL:/api/user/640cdc8016493a29ed7c4921 
2023-03-12 04:02:32 [development] info: Method:GET URL:/api/user/640cdc8016493a29ed7c4921 
2023-03-12 04:02:32 [development] info: Method:GET URL:/api/user/640cdc8016493a29ed7c4921 
2023-03-12 04:02:34 [development] info: Method:GET URL:/api/user/640cdc8016493a29ed7c4921 
2023-03-12 04:02:36 [development] info: Method:GET URL:/api/user/640cdc8016493a29ed7c4921 
2023-03-12 04:02:41 [development] info: Method:GET URL:/api/user/640cdc8016493a29ed7c4921 
2023-03-12 04:02:41 [development] info: Method:GET URL:/api/user/640cdc8016493a29ed7c4921 
2023-03-12 04:07:45 [development] info: Method:GET URL:/api/user/640cdc8016493a29ed7c4921 
2023-03-12 04:07:45 [development] info: Method:GET URL:/api/user/640cdc8016493a29ed7c4921 
2023-03-12 04:09:50 [development] info: Method:GET URL:/api/user/640cdc8016493a29ed7c4921 
2023-03-12 04:09:50 [development] info: Method:GET URL:/api/user/640cdc8016493a29ed7c4921 
2023-03-12 04:13:32 [development] info: Method:GET URL:/api/user/640cdc8016493a29ed7c4921 
2023-03-12 04:13:32 [development] info: Method:GET URL:/api/user/640cdc8016493a29ed7c4921 
2023-03-12 04:18:55 [development] info: Method:GET URL:/api/user/640cdc8016493a29ed7c4921 
2023-03-12 04:18:55 [development] info: Method:GET URL:/api/user/640cdc8016493a29ed7c4921 
2023-03-12 04:23:50 [development] info: Method:GET URL:/api/user/640cff753c71c387f72724ce 
2023-03-12 04:28:33 [development] info: Method:GET URL:/api/user/640d00913c71c387f72724d0 
2023-03-12 04:29:53 [development] info: Method:GET URL:/api/user/getJobList/640d00913c71c387f72724d0 
2023-03-12 04:29:53 [development] info: Method:GET URL:/api/user/getJobList/640d00913c71c387f72724d0 
2023-03-12 04:29:57 [development] info: Method:GET URL:/api/user/640d00913c71c387f72724d0 
2023-03-12 04:29:58 [development] info: Method:GET URL:/api/user/640d00913c71c387f72724d0 
2023-03-12 04:32:15 [development] info: Method:GET URL:/api/user/640d00913c71c387f72724d0 
2023-03-12 04:32:16 [development] info: Method:GET URL:/api/user/640d00913c71c387f72724d0 
2023-03-12 04:33:23 [development] info: Method:GET URL:/api/user/640d00913c71c387f72724d0 
2023-03-12 04:33:23 [development] info: Method:GET URL:/api/user/640d00913c71c387f72724d0 
2023-03-12 04:33:36 [development] info: Method:PUT URL:/api/user/640d00913c71c387f72724d0 
2023-03-12 04:33:45 [development] info: Method:GET URL:/api/user/640d00913c71c387f72724d0 
2023-03-12 04:33:45 [development] info: Method:GET URL:/api/user/640d00913c71c387f72724d0 
2023-03-12 04:36:35 [development] info: Method:GET URL:/api/user/640d00913c71c387f72724d0 
2023-03-12 04:36:35 [development] info: Method:GET URL:/api/user/640d00913c71c387f72724d0 
2023-03-12 04:39:57 [development] info: Method:GET URL:/api/user/640d00913c71c387f72724d0 
2023-03-12 04:39:58 [development] info: Method:GET URL:/api/user/640d00913c71c387f72724d0 
2023-03-12 04:42:31 [development] info: Method:GET URL:/api/user/640d00913c71c387f72724d0 
2023-03-12 04:42:31 [development] info: Method:GET URL:/api/user/640d00913c71c387f72724d0 
2023-03-12 05:01:58 [development] info: Method:GET URL:/api/user/640d00913c71c387f72724d0 
2023-03-12 05:02:02 [development] info: Method:GET URL:/api/user/640d00913c71c387f72724d0 
2023-03-12 05:03:42 [development] info: Method:GET URL:/api/user/640d00913c71c387f72724d0 
2023-03-12 05:03:42 [development] info: Method:GET URL:/api/user/640d00913c71c387f72724d0 
2023-03-12 05:04:18 [development] info: Method:GET URL:/api/user/640d00913c71c387f72724d0 
2023-03-12 05:04:19 [development] info: Method:GET URL:/api/user/640d00913c71c387f72724d0 
2023-03-12 05:04:31 [development] info: Method:GET URL:/api/user/640d00913c71c387f72724d0 
2023-03-12 05:04:31 [development] info: Method:GET URL:/api/user/640d00913c71c387f72724d0 
2023-03-12 05:05:09 [development] info: Method:GET URL:/api/user/640d00913c71c387f72724d0 
2023-03-12 05:05:09 [development] info: Method:GET URL:/api/user/640d00913c71c387f72724d0 
2023-03-12 05:07:14 [development] info: Method:GET URL:/api/user/640d00913c71c387f72724d0 
2023-03-12 05:07:15 [development] info: Method:GET URL:/api/user/640d00913c71c387f72724d0 
2023-03-12 05:08:16 [development] info: Method:GET URL:/api/user/640d00913c71c387f72724d0 
2023-03-12 05:08:16 [development] info: Method:GET URL:/api/user/640d00913c71c387f72724d0 
2023-03-12 05:13:45 [development] info: Method:GET URL:/api/user/640d00913c71c387f72724d0 
2023-03-12 05:13:45 [development] info: Method:GET URL:/api/user/640d00913c71c387f72724d0 
2023-03-12 05:14:16 [development] info: Method:GET URL:/api/user/640d00913c71c387f72724d0 
2023-03-12 05:14:17 [development] info: Method:GET URL:/api/user/640d00913c71c387f72724d0 
2023-03-12 05:14:50 [development] info: Method:GET URL:/api/user/640d00913c71c387f72724d0 
2023-03-12 05:14:51 [development] info: Method:GET URL:/api/user/640d00913c71c387f72724d0 
2023-03-12 05:16:48 [development] info: Method:GET URL:/api/user/640d00913c71c387f72724d0 
2023-03-12 05:17:00 [development] info: Method:GET URL:/api/user/640d00913c71c387f72724d0 
2023-03-12 05:17:16 [development] info: Method:GET URL:/api/user/640d00913c71c387f72724d0 
2023-03-12 05:17:55 [development] info: Method:GET URL:/api/user/640d00913c71c387f72724d0 
2023-03-12 05:18:02 [development] info: Method:GET URL:/api/user/640d00913c71c387f72724d0 
2023-03-12 05:18:02 [development] info: Method:GET URL:/api/user/640d00913c71c387f72724d0 
2023-03-12 05:19:55 [development] info: Method:GET URL:/api/user/640d00913c71c387f72724d0 
2023-03-12 05:19:55 [development] info: Method:GET URL:/api/user/640d00913c71c387f72724d0 
2023-03-12 05:20:30 [development] info: Method:GET URL:/api/user/640d00913c71c387f72724d0 
2023-03-12 05:20:30 [development] info: Method:GET URL:/api/user/640d00913c71c387f72724d0 
2023-03-12 05:20:55 [development] info: Method:GET URL:/api/user/640d00913c71c387f72724d0 
2023-03-12 05:20:56 [development] info: Method:GET URL:/api/user/640d00913c71c387f72724d0 
2023-03-12 05:29:34 [development] info: Method:GET URL:/api/user/640d00913c71c387f72724d0 
2023-03-12 05:29:34 [development] info: Method:GET URL:/api/user/640d00913c71c387f72724d0 
2023-03-12 05:31:39 [development] info: Method:GET URL:/api/user/640d00913c71c387f72724d0 
2023-03-12 05:31:39 [development] info: Method:GET URL:/api/user/640d00913c71c387f72724d0 
2023-03-12 13:02:20 [development] info: Method:GET URL:/api/user/640d00913c71c387f72724d0 
2023-03-12 13:02:22 [development] info: Method:GET URL:/api/user/640d00913c71c387f72724d0 
2023-03-12 13:13:20 [development] info: Method:GET URL:/api/user/640d00913c71c387f72724d0 
2023-03-12 13:13:20 [development] info: Method:GET URL:/api/user/640d00913c71c387f72724d0 
2023-03-12 13:18:51 [development] info: Method:GET URL:/api/user/640d00913c71c387f72724d0 
2023-03-12 13:18:51 [development] info: Method:GET URL:/api/user/640d00913c71c387f72724d0 
2023-03-12 13:21:38 [development] info: Method:GET URL:/api/user/640d00913c71c387f72724d0 
2023-03-12 13:21:38 [development] info: Method:GET URL:/api/user/640d00913c71c387f72724d0 
2023-03-12 14:17:07 [development] info: Method:GET URL:/api/user/640d00913c71c387f72724d0 
2023-03-12 14:17:08 [development] info: Method:GET URL:/api/user/640d00913c71c387f72724d0 
2023-03-12 14:22:24 [development] info: Method:GET URL:/api/user/640d00913c71c387f72724d0 
2023-03-12 14:22:24 [development] info: Method:GET URL:/api/user/640d00913c71c387f72724d0 
2023-03-12 14:30:14 [development] info: Method:GET URL:/api/user/640d00913c71c387f72724d0 
2023-03-12 14:30:14 [development] info: Method:GET URL:/api/user/640d00913c71c387f72724d0 
2023-03-12 14:48:35 [development] info: Method:PUT URL:/api/user/640d00913c71c387f72724d0 
2023-03-12 14:59:53 [development] info: Method:GET URL:/api/user/640d00913c71c387f72724d0 
2023-03-12 14:59:53 [development] info: Method:GET URL:/api/user/640d00913c71c387f72724d0 
2023-03-12 15:00:13 [development] info: Method:PUT URL:/api/user/640d00913c71c387f72724d0 
2023-03-12 15:01:25 [development] info: Method:GET URL:/api/user/640d00913c71c387f72724d0 
2023-03-12 15:01:25 [development] info: Method:GET URL:/api/user/640d00913c71c387f72724d0 
2023-03-12 15:02:05 [development] info: Method:GET URL:/api/user/640d00913c71c387f72724d0 
2023-03-12 15:02:05 [development] info: Method:GET URL:/api/user/640d00913c71c387f72724d0 
2023-03-12 15:02:18 [development] info: Method:PUT URL:/api/user/640d00913c71c387f72724d0 
2023-03-12 15:03:35 [development] info: Method:POST URL:/api/cloudinary/signature 
2023-03-12 15:04:01 [development] info: Method:PUT URL:/api/user/640d00913c71c387f72724d0 
2023-03-12 18:34:14 [development] info: Method:GET URL:/api/user/640d00913c71c387f72724d0 
2023-03-12 18:36:22 [development] info: Method:GET URL:/api/user/640d00913c71c387f72724d0 
2023-03-12 18:36:22 [development] info: Method:GET URL:/api/user/640d00913c71c387f72724d0 
2023-03-12 18:36:38 [development] info: Method:PUT URL:/api/user/640d00913c71c387f72724d0 
2023-03-12 18:39:05 [development] info: Method:GET URL:/api/user/640d00913c71c387f72724d0 
2023-03-12 18:39:06 [development] info: Method:GET URL:/api/user/640d00913c71c387f72724d0 
2023-03-12 18:39:06 [development] info: Method:GET URL:/api/user/640d00913c71c387f72724d0 
2023-03-12 18:39:07 [development] info: Method:GET URL:/api/user/640d00913c71c387f72724d0 
2023-03-12 18:39:46 [development] info: Method:GET URL:/api/user/640d00913c71c387f72724d0 
2023-03-12 18:39:46 [development] info: Method:GET URL:/api/user/640d00913c71c387f72724d0 
2023-03-12 18:40:44 [development] info: Method:GET URL:/api/user/640d00913c71c387f72724d0 
2023-03-12 18:40:44 [development] info: Method:GET URL:/api/user/640d00913c71c387f72724d0 
2023-03-12 18:41:01 [development] info: Method:GET URL:/api/user/640d00913c71c387f72724d0 
2023-03-12 18:41:01 [development] info: Method:GET URL:/api/user/640d00913c71c387f72724d0 
2023-03-12 18:41:05 [development] info: Method:GET URL:/api/user/640d00913c71c387f72724d0 
2023-03-12 18:41:05 [development] info: Method:GET URL:/api/user/640d00913c71c387f72724d0 
2023-03-12 18:41:11 [development] info: Method:GET URL:/api/user/640d00913c71c387f72724d0 
2023-03-12 18:41:11 [development] info: Method:GET URL:/api/user/640d00913c71c387f72724d0 
2023-03-12 18:43:47 [development] info: Method:GET URL:/api/user/640d00913c71c387f72724d0 
2023-03-12 18:43:47 [development] info: Method:GET URL:/api/user/640d00913c71c387f72724d0 
2023-03-12 18:43:48 [development] info: Method:GET URL:/api/user/640d00913c71c387f72724d0 
2023-03-12 18:43:49 [development] info: Method:GET URL:/api/user/640d00913c71c387f72724d0 
2023-03-12 18:45:26 [development] info: Method:GET URL:/api/user/640d00913c71c387f72724d0 
2023-03-12 18:45:26 [development] info: Method:GET URL:/api/user/640d00913c71c387f72724d0 
2023-03-12 18:45:47 [development] info: Method:GET URL:/api/user/640d00913c71c387f72724d0 
2023-03-12 18:45:47 [development] info: Method:GET URL:/api/user/640d00913c71c387f72724d0 
2023-03-12 18:46:32 [development] info: Method:GET URL:/api/user/640d00913c71c387f72724d0 
2023-03-12 18:46:32 [development] info: Method:GET URL:/api/user/640d00913c71c387f72724d0 
2023-03-12 18:46:41 [development] info: Method:GET URL:/api/user/640d00913c71c387f72724d0 
2023-03-12 18:46:41 [development] info: Method:GET URL:/api/user/640d00913c71c387f72724d0 
2023-03-12 18:48:20 [development] info: Method:GET URL:/api/user/640d00913c71c387f72724d0 
2023-03-12 18:48:20 [development] info: Method:GET URL:/api/job 
2023-03-12 18:49:47 [development] info: Method:GET URL:/api/user/640d00913c71c387f72724d0 
2023-03-12 18:49:47 [development] info: Method:GET URL:/api/job 
2023-03-12 18:53:20 [development] info: Method:GET URL:/api/user/640d00913c71c387f72724d0 
2023-03-12 18:53:21 [development] info: Method:GET URL:/api/job 
2023-03-12 18:59:24 [development] info: Method:GET URL:/api/user/640d00913c71c387f72724d0 
2023-03-12 18:59:24 [development] info: Method:GET URL:/api/job 
2023-03-12 19:00:21 [development] info: Method:GET URL:/api/user/640d00913c71c387f72724d0 
2023-03-12 19:00:21 [development] info: Method:GET URL:/api/job 
2023-03-12 19:01:43 [development] info: Method:GET URL:/api/user/640d00913c71c387f72724d0 
2023-03-12 19:01:43 [development] info: Method:GET URL:/api/job 
2023-03-12 19:02:01 [development] info: Method:GET URL:/api/user/640d00913c71c387f72724d0 
2023-03-12 19:02:01 [development] info: Method:GET URL:/api/job 
2023-03-12 19:02:16 [development] info: Method:GET URL:/api/user/640d00913c71c387f72724d0 
2023-03-12 19:02:16 [development] info: Method:GET URL:/api/user/640d00913c71c387f72724d0 
2023-03-12 19:02:16 [development] info: Method:GET URL:/api/job 
2023-03-12 19:02:16 [development] info: Method:GET URL:/api/job 
2023-03-12 19:02:21 [development] info: Method:GET URL:/api/user/640d00913c71c387f72724d0 
2023-03-12 19:02:21 [development] info: Method:GET URL:/api/job 
2023-03-12 19:03:50 [development] info: Method:GET URL:/api/user/640d00913c71c387f72724d0 
2023-03-12 19:03:50 [development] info: Method:GET URL:/api/job 
2023-03-12 19:04:22 [development] info: Method:GET URL:/api/user/640d00913c71c387f72724d0 
2023-03-12 19:04:22 [development] info: Method:GET URL:/api/job 
2023-03-12 19:04:51 [development] info: Method:GET URL:/api/user/640d00913c71c387f72724d0 
2023-03-12 19:04:51 [development] info: Method:GET URL:/api/job 
2023-03-12 19:05:47 [development] info: Method:GET URL:/api/user/640d00913c71c387f72724d0 
2023-03-12 19:05:47 [development] info: Method:GET URL:/api/job 
2023-03-12 19:07:25 [development] info: Method:GET URL:/api/user/640d00913c71c387f72724d0 
2023-03-12 19:07:26 [development] info: Method:GET URL:/api/job 
2023-03-12 19:07:39 [development] info: Method:GET URL:/api/user/640d00913c71c387f72724d0 
2023-03-12 19:07:39 [development] info: Method:GET URL:/api/job 
2023-03-12 19:08:27 [development] info: Method:GET URL:/api/user/640d00913c71c387f72724d0 
2023-03-12 19:08:27 [development] info: Method:GET URL:/api/job 
2023-03-12 19:09:21 [development] info: Method:GET URL:/api/user/640d00913c71c387f72724d0 
2023-03-12 19:09:22 [development] info: Method:GET URL:/api/job 
2023-03-12 19:58:09 [development] info: Method:GET URL:/api/user/640d00913c71c387f72724d0 
2023-03-12 19:58:10 [development] info: Method:GET URL:/api/job 
2023-03-12 19:58:14 [development] info: Method:GET URL:/api/user/640d00913c71c387f72724d0 
2023-03-12 19:58:14 [development] info: Method:GET URL:/api/job 
2023-03-12 19:59:42 [development] info: Method:GET URL:/api/user/640d00913c71c387f72724d0 
2023-03-12 19:59:42 [development] info: Method:GET URL:/api/user/640d00913c71c387f72724d0 
2023-03-12 19:59:42 [development] info: Method:GET URL:/api/job 
2023-03-12 19:59:42 [development] info: Method:GET URL:/api/job 
2023-03-12 21:16:19 [development] info: Method:GET URL:/api/user/640d00913c71c387f72724d0 
2023-03-12 21:16:19 [development] info: Method:GET URL:/api/job 
2023-03-12 21:17:58 [development] info: Method:GET URL:/api/user/640d00913c71c387f72724d0 
2023-03-12 21:17:58 [development] info: Method:GET URL:/api/job 
2023-03-12 21:35:59 [development] info: Method:GET URL:/api/user/640d00913c71c387f72724d0 
2023-03-12 21:35:59 [development] info: Method:GET URL:/api/job 
2023-03-12 21:42:31 [development] info: Method:GET URL:/api/user/640d00913c71c387f72724d0 
2023-03-12 21:42:31 [development] info: Method:GET URL:/api/user/640d00913c71c387f72724d0 
2023-03-12 21:42:33 [development] info: Method:GET URL:/api/user/640d00913c71c387f72724d0 
2023-03-12 21:42:34 [development] info: Method:GET URL:/api/job 
2023-03-12 22:07:41 [development] info: Method:GET URL:/api/user/640d00913c71c387f72724d0 
2023-03-12 22:07:42 [development] info: Method:GET URL:/api/job 
2023-03-12 22:07:55 [development] info: Method:GET URL:/api/user/640d00913c71c387f72724d0 
2023-03-12 22:07:55 [development] info: Method:GET URL:/api/job 
2023-03-12 22:08:09 [development] info: Method:GET URL:/api/job 
2023-03-12 22:08:41 [development] info: Method:GET URL:/api/job 
2023-03-12 22:10:41 [development] info: Method:GET URL:/api/user/63ebdfe65e339fb906580e02 
2023-03-12 22:10:41 [development] info: Method:GET URL:/api/job 
2023-03-12 22:11:39 [development] info: Method:GET URL:/api/job 
2023-03-12 22:14:20 [development] info: Method:GET URL:/api/job 
2023-03-12 22:15:14 [development] info: Method:GET URL:/api/job 
2023-03-12 22:15:57 [development] info: Method:GET URL:/api/job 
2023-03-12 22:20:30 [development] info: Method:GET URL:/api/job 
2023-03-12 22:21:41 [development] info: Method:GET URL:/api/job 
2023-03-12 22:22:22 [development] info: Method:GET URL:/api/job 
2023-03-12 22:22:22 [development] info: Method:GET URL:/api/job 
2023-03-12 22:23:11 [development] info: Method:GET URL:/api/job 
2023-03-12 22:24:23 [development] info: Method:GET URL:/api/job 
2023-03-12 22:24:46 [development] info: Method:GET URL:/api/job 
2023-03-12 22:25:23 [development] info: Method:GET URL:/api/job 
2023-03-12 22:26:45 [development] info: Method:GET URL:/api/job 
2023-03-12 22:27:28 [development] info: Method:GET URL:/api/job 
2023-03-12 22:27:29 [development] info: Method:GET URL:/api/job 
2023-03-12 22:28:44 [development] info: Method:GET URL:/api/job 
2023-03-12 22:29:29 [development] info: Method:GET URL:/api/job 
2023-03-12 22:29:59 [development] info: Method:GET URL:/api/job 
2023-03-12 22:31:12 [development] info: Method:GET URL:/api/job 
2023-03-12 22:31:38 [development] info: Method:GET URL:/api/job 
2023-03-12 22:32:30 [development] info: Method:GET URL:/api/user/63ebdfe65e339fb906580e02 
2023-03-12 22:32:30 [development] info: Method:GET URL:/api/job 
2023-03-12 22:35:41 [development] info: Method:GET URL:/api/user/63ebdfe65e339fb906580e02 
2023-03-12 22:35:41 [development] info: Method:GET URL:/api/job 
2023-03-12 22:38:14 [development] info: Method:GET URL:/api/user/63ebdfe65e339fb906580e02 
2023-03-12 22:38:14 [development] info: Method:GET URL:/api/job 
2023-03-12 22:38:14 [development] info: Method:GET URL:/api/user/63ebdfe65e339fb906580e02 
2023-03-12 22:38:14 [development] info: Method:GET URL:/api/user/63ebdfe65e339fb906580e02 
2023-03-12 22:38:14 [development] info: Method:GET URL:/api/user/63ebdfe65e339fb906580e02 
2023-03-12 22:38:14 [development] info: Method:GET URL:/api/job 
2023-03-12 22:38:14 [development] info: Method:GET URL:/api/job 
2023-03-12 22:38:14 [development] info: Method:GET URL:/api/job 
2023-03-12 22:38:15 [development] info: Method:GET URL:/api/job 
2023-03-12 22:39:07 [development] info: Method:GET URL:/api/job 
2023-03-12 22:39:45 [development] info: Method:GET URL:/api/job 
2023-03-12 22:41:39 [development] info: Method:GET URL:/api/job 
2023-03-12 22:41:44 [development] info: Method:GET URL:/api/job 
2023-03-12 22:41:46 [development] info: Method:GET URL:/api/user/63f4e315b8d06f42a93d3ee8 
2023-03-12 22:41:46 [development] info: Method:GET URL:/api/job 
2023-03-12 22:43:28 [development] info: Method:GET URL:/api/user/63f4e315b8d06f42a93d3ee8 
2023-03-12 22:43:29 [development] info: Method:GET URL:/api/job 
2023-03-12 22:45:21 [development] info: Method:GET URL:/api/user/63f4e315b8d06f42a93d3ee8 
2023-03-12 22:45:23 [development] info: Method:GET URL:/api/job 
2023-03-12 22:45:36 [development] info: Method:GET URL:/api/user/63f4e315b8d06f42a93d3ee8 
2023-03-12 22:45:36 [development] info: Method:GET URL:/api/job 
2023-03-12 22:45:49 [development] info: Method:GET URL:/api/user/63f4e315b8d06f42a93d3ee8 
2023-03-12 22:45:49 [development] info: Method:GET URL:/api/job 
2023-03-12 22:46:54 [development] info: Method:GET URL:/api/user/63f4e315b8d06f42a93d3ee8 
2023-03-12 22:46:54 [development] info: Method:GET URL:/api/job 
2023-03-12 22:46:59 [development] info: Method:GET URL:/api/user/63f4e315b8d06f42a93d3ee8 
2023-03-12 22:46:59 [development] info: Method:GET URL:/api/job 
2023-03-12 22:47:25 [development] info: Method:GET URL:/api/user/63f4e315b8d06f42a93d3ee8 
2023-03-12 22:47:31 [development] info: Method:GET URL:/api/job 
2023-03-12 22:47:40 [development] info: Method:GET URL:/api/user/63f4e315b8d06f42a93d3ee8 
2023-03-12 22:47:43 [development] info: Method:GET URL:/api/job 
2023-03-12 22:48:08 [development] info: Method:GET URL:/api/user/63f4e315b8d06f42a93d3ee8 
2023-03-12 22:48:43 [development] info: Method:GET URL:/api/job 
2023-03-12 22:50:17 [development] info: Method:GET URL:/api/user/63f4e315b8d06f42a93d3ee8 
2023-03-12 22:50:17 [development] info: Method:GET URL:/api/job 
2023-03-12 22:50:41 [development] info: Method:GET URL:/api/user/63f4e315b8d06f42a93d3ee8 
2023-03-12 22:50:42 [development] info: Method:GET URL:/api/job 
2023-03-12 22:50:55 [development] info: Method:GET URL:/api/user/63f4e315b8d06f42a93d3ee8 
2023-03-12 22:50:56 [development] info: Method:GET URL:/api/job 
2023-03-12 22:51:02 [development] info: Method:GET URL:/api/user/63f4e315b8d06f42a93d3ee8 
2023-03-12 22:51:02 [development] info: Method:GET URL:/api/job 
2023-03-12 22:51:07 [development] info: Method:GET URL:/api/user/63f4e315b8d06f42a93d3ee8 
2023-03-12 22:51:07 [development] info: Method:GET URL:/api/job 
2023-03-12 22:51:19 [development] info: Method:GET URL:/api/user/63f4e315b8d06f42a93d3ee8 
2023-03-12 22:51:19 [development] info: Method:GET URL:/api/job 
2023-03-12 22:51:36 [development] info: Method:GET URL:/api/user/63f4e315b8d06f42a93d3ee8 
2023-03-12 22:51:37 [development] info: Method:GET URL:/api/job 
2023-03-12 22:52:22 [development] info: Method:GET URL:/api/user/63f4e315b8d06f42a93d3ee8 
2023-03-12 22:52:23 [development] info: Method:GET URL:/api/job 
2023-03-12 22:52:27 [development] info: Method:GET URL:/api/user/63f4e315b8d06f42a93d3ee8 
2023-03-12 22:52:27 [development] info: Method:GET URL:/api/job 
2023-03-12 22:53:34 [development] info: Method:GET URL:/api/user/63f4e315b8d06f42a93d3ee8 
2023-03-12 22:53:34 [development] info: Method:GET URL:/api/job 
2023-03-12 22:53:38 [development] info: Method:GET URL:/api/user/63f4e315b8d06f42a93d3ee8 
2023-03-12 22:53:38 [development] info: Method:GET URL:/api/job 
2023-03-12 22:53:48 [development] info: Method:GET URL:/api/user/63f4e315b8d06f42a93d3ee8 
2023-03-12 22:53:48 [development] info: Method:GET URL:/api/job 
2023-03-12 22:54:08 [development] info: Method:GET URL:/api/user/63f4e315b8d06f42a93d3ee8 
2023-03-12 22:54:08 [development] info: Method:GET URL:/api/job 
2023-03-12 22:55:35 [development] info: Method:GET URL:/api/user/63f4e315b8d06f42a93d3ee8 
2023-03-12 22:55:36 [development] info: Method:GET URL:/api/job 
2023-03-12 22:56:08 [development] info: Method:POST URL:/api/job/getJobsByEmployer 
2023-03-12 22:56:08 [development] info: Method:POST URL:/api/job/getJobsByEmployer 
2023-03-12 22:57:25 [development] info: Method:PUT URL:/api/job/6408a9a6c2675f6cc0210361 
2023-03-12 22:57:36 [development] info: Method:PUT URL:/api/job/6408a9a6c2675f6cc0210361 
2023-03-12 22:57:59 [development] info: Method:PUT URL:/api/job/6408a9a6c2675f6cc0210361 
2023-03-12 22:58:18 [development] info: Method:GET URL:/api/user/63f4e315b8d06f42a93d3ee8 
2023-03-12 22:58:18 [development] info: Method:GET URL:/api/job 
2023-03-12 23:34:38 [development] info: Method:GET URL:/api/job 
2023-03-12 23:52:52 [development] info: Method:GET URL:/api/job 
