2023-03-15 00:37:25 [development] info: Method:GET URL:/api/user/640d00913c71c387f72724d0 
2023-03-15 00:37:25 [development] info: Method:GET URL:/api/user/640d00913c71c387f72724d0 
2023-03-15 00:37:25 [development] info: Method:GET URL:/api/user/640d00913c71c387f72724d0 
2023-03-15 00:37:25 [development] info: Method:GET URL:/api/user/640d00913c71c387f72724d0 
2023-03-15 00:37:26 [development] info: Method:POST URL:/api/job/getJobsByEmployer 
2023-03-15 00:37:26 [development] info: Method:POST URL:/api/job/getJobsByEmployer 
2023-03-15 00:37:26 [development] info: Method:GET URL:/api/job?page=1&limit=5 
2023-03-15 00:37:26 [development] info: Method:GET URL:/api/job?page=1&limit=5 
2023-03-15 00:37:26 [development] info: Method:GET URL:/api/job?page=1&limit=5 
2023-03-15 00:37:26 [development] info: Method:GET URL:/api/job?page=1&limit=5 
2023-03-15 00:41:41 [development] info: Method:GET URL:/api/user/640d00913c71c387f72724d0 
2023-03-15 00:41:41 [development] info: Method:POST URL:/api/job/getJobsByEmployer 
2023-03-15 00:41:41 [development] info: Method:GET URL:/api/user/640d00913c71c387f72724d0 
2023-03-15 00:41:41 [development] info: Method:POST URL:/api/job/getJobsByEmployer 
2023-03-15 00:41:41 [development] info: Method:GET URL:/api/job?page=1&limit=5 
2023-03-15 00:41:42 [development] info: Method:GET URL:/api/job?page=1&limit=5 
2023-03-15 00:47:48 [development] info: Method:GET URL:/api/user/640d00913c71c387f72724d0 
2023-03-15 00:47:49 [development] info: Method:GET URL:/api/job?page=1&limit=5 
2023-03-15 00:52:42 [development] info: Method:GET URL:/api/user/640d00913c71c387f72724d0 
2023-03-15 00:52:42 [development] info: Method:GET URL:/api/job?page=1&limit=5 
2023-03-15 00:59:55 [development] info: Method:GET URL:/api/user/640d00913c71c387f72724d0 
2023-03-15 00:59:55 [development] info: Method:GET URL:/api/job?page=1&limit=5 
2023-03-15 01:05:47 [development] info: Method:POST URL:/api/job/getJobsByEmployer 
2023-03-15 01:05:47 [development] info: Method:POST URL:/api/job/getJobsByEmployer 
2023-03-15 01:06:17 [development] error: MongooseServerSelectionError: Could not connect to any servers in your MongoDB Atlas cluster. One common reason is that you're trying to access the database from an IP that isn't whitelisted. Make sure your current IP address is on your Atlas cluster's IP whitelist: https://docs.atlas.mongodb.com/security-whitelist/
    at Function.Model.$wrapCallback (C:\Users\Shiblee\Desktop\Senior_Manager\senior_manager\node_modules\mongoose\lib\model.js:5286:32)
    at C:\Users\Shiblee\Desktop\Senior_Manager\senior_manager\node_modules\mongoose\lib\query.js:4930:21
    at C:\Users\Shiblee\Desktop\Senior_Manager\senior_manager\node_modules\mongoose\lib\helpers\promiseOrCallback.js:41:5
    at new Promise (<anonymous>)
    at promiseOrCallback (C:\Users\Shiblee\Desktop\Senior_Manager\senior_manager\node_modules\mongoose\lib\helpers\promiseOrCallback.js:40:10)
    at model.Query.exec (C:\Users\Shiblee\Desktop\Senior_Manager\senior_manager\node_modules\mongoose\lib\query.js:4929:10)
    at findJobs (webpack-internal:///(api)/./services/db/jobServices.js:21:8)
    at Object.getJobsByEmloyer [as post] (webpack-internal:///(api)/./pages/api/job/getJobsByEmployer.js:18:94)
    at runMicrotasks (<anonymous>)
    at processTicksAndRejections (node:internal/process/task_queues:96:5)
    at async eval (webpack-internal:///(api)/./utils/api-handler.js:20:13)
    at async Object.apiResolver (C:\Users\Shiblee\Desktop\Senior_Manager\senior_manager\node_modules\next\dist\server\api-utils\node.js:372:9)
    at async DevServer.runApi (C:\Users\Shiblee\Desktop\Senior_Manager\senior_manager\node_modules\next\dist\server\next-server.js:488:9)
    at async Object.fn (C:\Users\Shiblee\Desktop\Senior_Manager\senior_manager\node_modules\next\dist\server\next-server.js:751:37)
    at async Router.execute (C:\Users\Shiblee\Desktop\Senior_Manager\senior_manager\node_modules\next\dist\server\router.js:253:36)
    at async DevServer.run (C:\Users\Shiblee\Desktop\Senior_Manager\senior_manager\node_modules\next\dist\server\base-server.js:384:29)
    at async DevServer.run (C:\Users\Shiblee\Desktop\Senior_Manager\senior_manager\node_modules\next\dist\server\dev\next-dev-server.js:743:20)
    at async DevServer.handleRequest (C:\Users\Shiblee\Desktop\Senior_Manager\senior_manager\node_modules\next\dist\server\base-server.js:322:20)
2023-03-15 01:06:17 [development] error: MongooseServerSelectionError: Could not connect to any servers in your MongoDB Atlas cluster. One common reason is that you're trying to access the database from an IP that isn't whitelisted. Make sure your current IP address is on your Atlas cluster's IP whitelist: https://docs.atlas.mongodb.com/security-whitelist/
    at Function.Model.$wrapCallback (C:\Users\Shiblee\Desktop\Senior_Manager\senior_manager\node_modules\mongoose\lib\model.js:5286:32)
    at C:\Users\Shiblee\Desktop\Senior_Manager\senior_manager\node_modules\mongoose\lib\query.js:4930:21
    at C:\Users\Shiblee\Desktop\Senior_Manager\senior_manager\node_modules\mongoose\lib\helpers\promiseOrCallback.js:41:5
    at new Promise (<anonymous>)
    at promiseOrCallback (C:\Users\Shiblee\Desktop\Senior_Manager\senior_manager\node_modules\mongoose\lib\helpers\promiseOrCallback.js:40:10)
    at model.Query.exec (C:\Users\Shiblee\Desktop\Senior_Manager\senior_manager\node_modules\mongoose\lib\query.js:4929:10)
    at findJobs (webpack-internal:///(api)/./services/db/jobServices.js:21:8)
    at Object.getJobsByEmloyer [as post] (webpack-internal:///(api)/./pages/api/job/getJobsByEmployer.js:18:94)
    at runMicrotasks (<anonymous>)
    at processTicksAndRejections (node:internal/process/task_queues:96:5)
    at async eval (webpack-internal:///(api)/./utils/api-handler.js:20:13)
    at async Object.apiResolver (C:\Users\Shiblee\Desktop\Senior_Manager\senior_manager\node_modules\next\dist\server\api-utils\node.js:372:9)
    at async DevServer.runApi (C:\Users\Shiblee\Desktop\Senior_Manager\senior_manager\node_modules\next\dist\server\next-server.js:488:9)
    at async Object.fn (C:\Users\Shiblee\Desktop\Senior_Manager\senior_manager\node_modules\next\dist\server\next-server.js:751:37)
    at async Router.execute (C:\Users\Shiblee\Desktop\Senior_Manager\senior_manager\node_modules\next\dist\server\router.js:253:36)
    at async DevServer.run (C:\Users\Shiblee\Desktop\Senior_Manager\senior_manager\node_modules\next\dist\server\base-server.js:384:29)
    at async DevServer.run (C:\Users\Shiblee\Desktop\Senior_Manager\senior_manager\node_modules\next\dist\server\dev\next-dev-server.js:743:20)
    at async DevServer.handleRequest (C:\Users\Shiblee\Desktop\Senior_Manager\senior_manager\node_modules\next\dist\server\base-server.js:322:20)
2023-03-15 01:13:15 [development] info: Method:POST URL:/api/job/getJobsByEmployer 
2023-03-15 01:13:15 [development] info: Method:POST URL:/api/job/getJobsByEmployer 
2023-03-15 01:14:40 [development] info: Method:GET URL:/api/user/63f4e315b8d06f42a93d3ee8 
2023-03-15 01:14:40 [development] info: Method:GET URL:/api/job?page=1&limit=5 
2023-03-15 01:15:09 [development] info: Method:GET URL:/api/search?searchCollection=jobs&searchTerm=new&searchField=location 
2023-03-15 01:15:25 [development] info: Method:GET URL:/api/search?searchCollection=jobs&searchTerm=new&searchField=title 
2023-03-15 01:15:34 [development] info: Method:GET URL:/api/job?page=1&limit=5 
2023-03-15 01:15:53 [development] info: Method:GET URL:/api/user/63f4e315b8d06f42a93d3ee8 
2023-03-15 01:15:54 [development] info: Method:GET URL:/api/user/63f4e315b8d06f42a93d3ee8 
2023-03-15 01:16:57 [development] info: Method:GET URL:/api/user/640d00913c71c387f72724d0 
2023-03-15 01:16:58 [development] info: Method:GET URL:/api/job?page=1&limit=5 
2023-03-15 01:16:59 [development] info: Method:GET URL:/api/user/640d00913c71c387f72724d0 
2023-03-15 01:16:59 [development] info: Method:GET URL:/api/job?page=1&limit=5 
2023-03-15 01:18:47 [development] info: Method:GET URL:/api/user/640d00913c71c387f72724d0 
2023-03-15 01:18:47 [development] info: Method:GET URL:/api/job?page=1&limit=5 
2023-03-15 01:18:48 [development] info: Method:GET URL:/api/user/640d00913c71c387f72724d0 
2023-03-15 01:18:48 [development] info: Method:GET URL:/api/job?page=1&limit=5 
2023-03-15 01:29:44 [development] info: Method:POST URL:/api/job/getJobsByEmployer 
2023-03-15 01:29:44 [development] info: Method:POST URL:/api/job/getJobsByEmployer 
2023-03-15 01:30:59 [development] info: Method:POST URL:/api/job/getJobsByEmployer 
2023-03-15 01:30:59 [development] info: Method:POST URL:/api/job/getJobsByEmployer 
2023-03-15 01:34:09 [development] info: Method:POST URL:/api/job/getJobsByEmployer 
2023-03-15 01:34:09 [development] info: Method:POST URL:/api/job/getJobsByEmployer 
2023-03-15 02:14:23 [development] info: Method:GET URL:/api/user/640d00913c71c387f72724d0 
2023-03-15 02:14:25 [development] info: Method:GET URL:/api/user/640d00913c71c387f72724d0 
2023-03-15 02:14:36 [development] info: Method:POST URL:/api/cloudinary/signature 
2023-03-15 02:14:39 [development] info: Method:DELETE URL:/api/cloudinary/deleteImage 
2023-03-15 02:14:40 [development] error: undefined
2023-03-15 02:15:13 [development] info: Method:GET URL:/api/user/640d00913c71c387f72724d0 
2023-03-15 02:15:14 [development] info: Method:GET URL:/api/user/640d00913c71c387f72724d0 
2023-03-15 02:15:42 [development] info: Method:POST URL:/api/cloudinary/signature 
2023-03-15 02:15:43 [development] info: Method:DELETE URL:/api/cloudinary/deleteImage 
2023-03-15 02:15:45 [development] error: undefined
2023-03-15 02:16:22 [development] info: Method:GET URL:/api/user/640d00913c71c387f72724d0 
2023-03-15 02:16:22 [development] info: Method:GET URL:/api/user/640d00913c71c387f72724d0 
2023-03-15 02:17:31 [development] info: Method:GET URL:/api/user/640d00913c71c387f72724d0 
2023-03-15 02:17:32 [development] info: Method:GET URL:/api/user/640d00913c71c387f72724d0 
2023-03-15 02:18:10 [development] info: Method:POST URL:/api/job/getJobsByEmployer 
2023-03-15 02:18:38 [development] info: Method:GET URL:/api/user/640d00913c71c387f72724d0 
2023-03-15 02:18:38 [development] info: Method:GET URL:/api/user/640d00913c71c387f72724d0 
2023-03-15 02:22:31 [development] info: Method:GET URL:/api/user/640d00913c71c387f72724d0 
2023-03-15 02:22:31 [development] info: Method:GET URL:/api/user/640d00913c71c387f72724d0 
2023-03-15 02:23:12 [development] info: Method:POST URL:/api/job/getJobsByEmployer 
2023-03-15 02:23:12 [development] info: Method:POST URL:/api/job/getJobsByEmployer 
2023-03-15 02:23:17 [development] info: Method:POST URL:/api/cloudinary/signature 
2023-03-15 02:23:20 [development] info: Method:DELETE URL:/api/cloudinary/deleteImage 
2023-03-15 02:23:22 [development] error: undefined
2023-03-15 02:24:25 [development] info: Method:GET URL:/api/user/640d00913c71c387f72724d0 
2023-03-15 02:24:25 [development] info: Method:GET URL:/api/user/640d00913c71c387f72724d0 
2023-03-15 02:24:50 [development] info: Method:GET URL:/api/user/640d00913c71c387f72724d0 
2023-03-15 02:24:50 [development] info: Method:GET URL:/api/user/640d00913c71c387f72724d0 
2023-03-15 02:25:08 [development] info: Method:POST URL:/api/cloudinary/signature 
2023-03-15 02:25:09 [development] info: Method:DELETE URL:/api/cloudinary/deleteImage 
2023-03-15 02:25:09 [development] info: Method:POST URL:/api/job/getJobsByEmployer 
2023-03-15 02:25:11 [development] error: undefined
2023-03-15 02:26:13 [development] info: Method:GET URL:/api/user/640d00913c71c387f72724d0 
2023-03-15 02:26:13 [development] info: Method:POST URL:/api/job/getJobsByEmployer 
2023-03-15 02:26:14 [development] info: Method:POST URL:/api/job/getJobsByEmployer 
2023-03-15 02:26:14 [development] info: Method:GET URL:/api/user/640d00913c71c387f72724d0 
2023-03-15 02:26:29 [development] info: Method:GET URL:/api/user/640d00913c71c387f72724d0 
2023-03-15 02:26:29 [development] info: Method:GET URL:/api/user/640d00913c71c387f72724d0 
2023-03-15 02:26:39 [development] info: Method:POST URL:/api/cloudinary/signature 
2023-03-15 02:26:40 [development] info: Method:DELETE URL:/api/cloudinary/deleteImage 
2023-03-15 02:26:41 [development] error: undefined
2023-03-15 02:27:43 [development] info: Method:GET URL:/api/user/640d00913c71c387f72724d0 
2023-03-15 02:27:43 [development] info: Method:GET URL:/api/user/640d00913c71c387f72724d0 
2023-03-15 02:28:09 [development] info: Method:POST URL:/api/job/getJobsByEmployer 
2023-03-15 02:29:40 [development] info: Method:POST URL:/api/cloudinary/signature 
2023-03-15 02:29:41 [development] info: Method:DELETE URL:/api/cloudinary/deleteImage 
2023-03-15 02:29:42 [development] error: undefined
2023-03-15 02:32:23 [development] info: Method:GET URL:/api/user/640d00913c71c387f72724d0 
2023-03-15 02:32:23 [development] info: Method:POST URL:/api/job/getJobsByEmployer 
2023-03-15 02:32:23 [development] info: Method:GET URL:/api/user/640d00913c71c387f72724d0 
2023-03-15 02:32:23 [development] info: Method:GET URL:/api/user/640d00913c71c387f72724d0 
2023-03-15 02:32:23 [development] info: Method:GET URL:/api/user/640d00913c71c387f72724d0 
2023-03-15 02:32:23 [development] info: Method:POST URL:/api/job/getJobsByEmployer 
2023-03-15 02:32:23 [development] info: Method:GET URL:/api/user/640d00913c71c387f72724d0 
2023-03-15 02:32:24 [development] info: Method:GET URL:/api/job?page=1&limit=5 
2023-03-15 02:32:24 [development] info: Method:GET URL:/api/job?page=1&limit=5 
2023-03-15 02:32:24 [development] info: Method:GET URL:/api/job?page=1&limit=5 
2023-03-15 02:32:24 [development] info: Method:GET URL:/api/job?page=1&limit=5 
2023-03-15 02:32:24 [development] info: Method:GET URL:/api/job?page=1&limit=5 
2023-03-15 02:32:43 [development] info: Method:GET URL:/api/user/640d00913c71c387f72724d0 
2023-03-15 02:32:43 [development] info: Method:GET URL:/api/user/640d00913c71c387f72724d0 
2023-03-15 02:32:49 [development] info: Method:POST URL:/api/job/getJobsByEmployer 
2023-03-15 02:32:49 [development] info: Method:POST URL:/api/job/getJobsByEmployer 
2023-03-15 02:32:58 [development] info: Method:GET URL:/api/user/640d00913c71c387f72724d0 
2023-03-15 02:32:58 [development] info: Method:GET URL:/api/user/640d00913c71c387f72724d0 
2023-03-15 02:33:07 [development] info: Method:POST URL:/api/cloudinary/signature 
2023-03-15 02:33:08 [development] info: Method:DELETE URL:/api/cloudinary/deleteImage 
2023-03-15 02:33:10 [development] error: undefined
2023-03-15 02:38:46 [development] info: Method:POST URL:/api/cloudinary/signature 
2023-03-15 02:38:49 [development] info: Method:POST URL:/api/job 
2023-03-15 02:39:31 [development] info: Method:GET URL:/api/user/63f4e315b8d06f42a93d3ee8 
2023-03-15 02:39:31 [development] info: Method:GET URL:/api/job?page=1&limit=5 
2023-03-15 02:39:42 [development] info: Method:GET URL:/api/job?page=2&limit=5 
2023-03-15 02:41:46 [development] info: Method:POST URL:/api/job/getJobsByEmployer 
2023-03-15 02:41:46 [development] info: Method:POST URL:/api/job/getJobsByEmployer 
2023-03-15 02:42:09 [development] info: Method:POST URL:/api/cloudinary/signature 
2023-03-15 02:42:10 [development] info: Method:PUT URL:/api/job/6410db5982a1867aa3f29010 
2023-03-15 02:42:10 [development] info: Method:DELETE URL:/api/cloudinary/deleteImage 
2023-03-15 02:44:49 [development] info: Method:POST URL:/api/cloudinary/signature 
2023-03-15 02:44:50 [development] info: Method:PUT URL:/api/job/6410db5982a1867aa3f29010 
2023-03-15 02:44:50 [development] info: Method:DELETE URL:/api/cloudinary/deleteImage 
2023-03-15 02:45:57 [development] info: Method:GET URL:/api/user/640d00913c71c387f72724d0 
2023-03-15 02:45:57 [development] info: Method:GET URL:/api/user/640d00913c71c387f72724d0 
2023-03-15 02:47:29 [development] info: Method:POST URL:/api/cloudinary/signature 
2023-03-15 02:47:32 [development] info: Method:DELETE URL:/api/cloudinary/deleteImage 
2023-03-15 02:47:33 [development] error: undefined
2023-03-15 02:48:59 [development] info: Method:GET URL:/api/user/640d00913c71c387f72724d0 
2023-03-15 02:48:59 [development] info: Method:GET URL:/api/user/640d00913c71c387f72724d0 
2023-03-15 02:50:28 [development] info: Method:GET URL:/api/user/640d00913c71c387f72724d0 
2023-03-15 02:50:29 [development] info: Method:GET URL:/api/user/640d00913c71c387f72724d0 
2023-03-15 02:50:49 [development] info: Method:POST URL:/api/cloudinary/signature 
2023-03-15 02:50:49 [development] info: Method:DELETE URL:/api/cloudinary/deleteImage 
2023-03-15 02:50:51 [development] error: undefined
2023-03-15 02:52:03 [development] info: Method:GET URL:/api/user/640d00913c71c387f72724d0 
2023-03-15 02:52:03 [development] info: Method:GET URL:/api/user/640d00913c71c387f72724d0 
2023-03-15 02:52:16 [development] info: Method:POST URL:/api/cloudinary/signature 
2023-03-15 02:52:17 [development] info: Method:DELETE URL:/api/cloudinary/deleteImage 
2023-03-15 02:52:19 [development] error: undefined
2023-03-15 02:53:34 [development] info: Method:GET URL:/api/user/640d00913c71c387f72724d0 
2023-03-15 02:53:34 [development] info: Method:GET URL:/api/user/640d00913c71c387f72724d0 
2023-03-15 02:53:43 [development] info: Method:POST URL:/api/cloudinary/signature 
2023-03-15 02:53:44 [development] info: Method:DELETE URL:/api/cloudinary/deleteImage 
2023-03-15 02:53:45 [development] error: undefined
2023-03-15 02:54:10 [development] info: Method:GET URL:/api/user/640d00913c71c387f72724d0 
2023-03-15 02:54:11 [development] info: Method:GET URL:/api/job?page=1&limit=5 
2023-03-15 02:54:12 [development] info: Method:GET URL:/api/user/640d00913c71c387f72724d0 
2023-03-15 02:54:12 [development] info: Method:GET URL:/api/job?page=1&limit=5 
2023-03-15 02:54:47 [development] info: Method:GET URL:/api/user/640d00913c71c387f72724d0 
2023-03-15 02:54:47 [development] info: Method:GET URL:/api/job?page=1&limit=5 
2023-03-15 02:54:58 [development] info: Method:GET URL:/api/user/640d00913c71c387f72724d0 
2023-03-15 02:54:59 [development] info: Method:GET URL:/api/user/640d00913c71c387f72724d0 
2023-03-15 02:55:03 [development] info: Method:GET URL:/api/user/640d00913c71c387f72724d0 
2023-03-15 02:55:03 [development] info: Method:GET URL:/api/user/640d00913c71c387f72724d0 
2023-03-15 02:55:13 [development] info: Method:POST URL:/api/cloudinary/signature 
2023-03-15 02:55:14 [development] info: Method:DELETE URL:/api/cloudinary/deleteImage 
2023-03-15 02:55:16 [development] error: undefined
2023-03-15 02:56:43 [development] info: Method:GET URL:/api/user/640d00913c71c387f72724d0 
2023-03-15 02:56:43 [development] info: Method:GET URL:/api/job?page=1&limit=5 
2023-03-15 02:56:45 [development] info: Method:GET URL:/api/user/640d00913c71c387f72724d0 
2023-03-15 02:56:46 [development] info: Method:GET URL:/api/user/640d00913c71c387f72724d0 
2023-03-15 02:57:03 [development] info: Method:POST URL:/api/cloudinary/signature 
2023-03-15 02:57:04 [development] info: Method:DELETE URL:/api/cloudinary/deleteImage 
2023-03-15 02:57:06 [development] error: undefined
2023-03-15 02:58:08 [development] info: Method:GET URL:/api/user/640d00913c71c387f72724d0 
2023-03-15 02:58:08 [development] info: Method:GET URL:/api/user/640d00913c71c387f72724d0 
2023-03-15 03:00:23 [development] info: Method:GET URL:/api/user/640d00913c71c387f72724d0 
2023-03-15 03:00:23 [development] info: Method:GET URL:/api/user/640d00913c71c387f72724d0 
2023-03-15 03:00:34 [development] info: Method:POST URL:/api/cloudinary/signature 
2023-03-15 03:00:34 [development] info: Method:DELETE URL:/api/cloudinary/deleteImage 
2023-03-15 03:00:37 [development] error: undefined
2023-03-15 03:01:24 [development] info: Method:GET URL:/api/user/640d00913c71c387f72724d0 
2023-03-15 03:01:24 [development] info: Method:GET URL:/api/user/640d00913c71c387f72724d0 
2023-03-15 03:01:44 [development] info: Method:POST URL:/api/cloudinary/signature 
2023-03-15 03:01:44 [development] info: Method:DELETE URL:/api/cloudinary/deleteImage 
2023-03-15 03:01:46 [development] error: undefined
2023-03-15 03:05:07 [development] info: Method:POST URL:/api/job/getJobsByEmployer 
2023-03-15 03:05:07 [development] info: Method:GET URL:/api/user/640d00913c71c387f72724d0 
2023-03-15 03:05:07 [development] info: Method:POST URL:/api/job/getJobsByEmployer 
2023-03-15 03:05:08 [development] info: Method:GET URL:/api/user/640d00913c71c387f72724d0 
2023-03-15 03:05:19 [development] info: Method:GET URL:/api/user/640d00913c71c387f72724d0 
2023-03-15 03:05:19 [development] info: Method:GET URL:/api/user/640d00913c71c387f72724d0 
2023-03-15 03:05:38 [development] info: Method:POST URL:/api/cloudinary/signature 
2023-03-15 03:05:40 [development] info: Method:DELETE URL:/api/cloudinary/deleteImage 
2023-03-15 03:05:41 [development] error: undefined
2023-03-15 03:06:13 [development] info: Method:GET URL:/api/user/640d00913c71c387f72724d0 
2023-03-15 03:06:13 [development] info: Method:GET URL:/api/user/640d00913c71c387f72724d0 
2023-03-15 03:06:13 [development] info: Method:GET URL:/api/user/640d00913c71c387f72724d0 
2023-03-15 03:06:13 [development] info: Method:GET URL:/api/job?page=1&limit=5 
2023-03-15 03:06:13 [development] info: Method:GET URL:/api/job?page=1&limit=5 
2023-03-15 03:06:13 [development] info: Method:GET URL:/api/job?page=1&limit=5 
2023-03-15 03:06:43 [development] info: Method:GET URL:/api/user/640d00913c71c387f72724d0 
2023-03-15 03:06:44 [development] info: Method:GET URL:/api/job?page=1&limit=5 
2023-03-15 03:06:46 [development] info: Method:GET URL:/api/user/640d00913c71c387f72724d0 
2023-03-15 03:06:46 [development] info: Method:GET URL:/api/user/640d00913c71c387f72724d0 
2023-03-15 03:07:05 [development] info: Method:GET URL:/api/user/640d00913c71c387f72724d0 
2023-03-15 03:07:05 [development] info: Method:GET URL:/api/job?page=1&limit=5 
2023-03-15 03:07:08 [development] info: Method:GET URL:/api/user/640d00913c71c387f72724d0 
2023-03-15 03:07:08 [development] info: Method:GET URL:/api/user/640d00913c71c387f72724d0 
2023-03-15 03:07:47 [development] info: Method:GET URL:/api/user/640d00913c71c387f72724d0 
2023-03-15 03:07:48 [development] info: Method:GET URL:/api/job?page=1&limit=5 
2023-03-15 03:07:49 [development] info: Method:GET URL:/api/user/640d00913c71c387f72724d0 
2023-03-15 03:07:50 [development] info: Method:GET URL:/api/user/640d00913c71c387f72724d0 
2023-03-15 03:08:09 [development] info: Method:GET URL:/api/user/640d00913c71c387f72724d0 
2023-03-15 03:08:09 [development] info: Method:GET URL:/api/user/640d00913c71c387f72724d0 
2023-03-15 03:08:33 [development] info: Method:POST URL:/api/cloudinary/signature 
2023-03-15 03:08:34 [development] info: Method:DELETE URL:/api/cloudinary/deleteImage 
2023-03-15 03:08:35 [development] error: undefined
2023-03-15 03:10:31 [development] info: Method:GET URL:/api/user/640d00913c71c387f72724d0 
2023-03-15 03:10:32 [development] info: Method:GET URL:/api/job?page=1&limit=5 
2023-03-15 03:10:34 [development] info: Method:GET URL:/api/user/640d00913c71c387f72724d0 
2023-03-15 03:10:34 [development] info: Method:GET URL:/api/user/640d00913c71c387f72724d0 
2023-03-15 03:10:41 [development] info: Method:POST URL:/api/cloudinary/signature 
2023-03-15 03:10:42 [development] info: Method:DELETE URL:/api/cloudinary/deleteImage 
2023-03-15 03:10:43 [development] error: undefined
2023-03-15 03:12:40 [development] info: Method:GET URL:/api/user/640d00913c71c387f72724d0 
2023-03-15 03:12:40 [development] info: Method:GET URL:/api/job?page=1&limit=5 
2023-03-15 03:12:42 [development] info: Method:GET URL:/api/user/640d00913c71c387f72724d0 
2023-03-15 03:12:42 [development] info: Method:GET URL:/api/user/640d00913c71c387f72724d0 
2023-03-15 03:12:47 [development] info: Method:POST URL:/api/cloudinary/signature 
2023-03-15 03:12:48 [development] info: Method:DELETE URL:/api/cloudinary/deleteImage 
2023-03-15 03:12:50 [development] info: Method:PUT URL:/api/user/640d00913c71c387f72724d0 
2023-03-15 03:14:41 [development] info: Method:POST URL:/api/cloudinary/signature 
2023-03-15 03:14:42 [development] info: Method:DELETE URL:/api/cloudinary/deleteImage 
2023-03-15 03:14:44 [development] error: NotFoundError: Not Found
    at Object.deleteImage [as delete] (webpack-internal:///(api)/./pages/api/cloudinary/deleteImage.js:26:65)
    at processTicksAndRejections (node:internal/process/task_queues:96:5)
    at async eval (webpack-internal:///(api)/./utils/api-handler.js:20:13)
    at async Object.apiResolver (C:\Users\Shiblee\Desktop\Senior_Manager\senior_manager\node_modules\next\dist\server\api-utils\node.js:372:9)
    at async DevServer.runApi (C:\Users\Shiblee\Desktop\Senior_Manager\senior_manager\node_modules\next\dist\server\next-server.js:488:9)
    at async Object.fn (C:\Users\Shiblee\Desktop\Senior_Manager\senior_manager\node_modules\next\dist\server\next-server.js:751:37)
    at async Router.execute (C:\Users\Shiblee\Desktop\Senior_Manager\senior_manager\node_modules\next\dist\server\router.js:253:36)
    at async DevServer.run (C:\Users\Shiblee\Desktop\Senior_Manager\senior_manager\node_modules\next\dist\server\base-server.js:384:29)
    at async DevServer.run (C:\Users\Shiblee\Desktop\Senior_Manager\senior_manager\node_modules\next\dist\server\dev\next-dev-server.js:743:20)
    at async DevServer.handleRequest (C:\Users\Shiblee\Desktop\Senior_Manager\senior_manager\node_modules\next\dist\server\base-server.js:322:20)
2023-03-15 03:14:44 [development] info: Method:DELETE URL:/api/cloudinary/deleteImage 
2023-03-15 03:14:54 [development] info: Method:GET URL:/api/user/640d00913c71c387f72724d0 
2023-03-15 03:14:54 [development] info: Method:GET URL:/api/user/640d00913c71c387f72724d0 
2023-03-15 03:15:35 [development] info: Method:GET URL:/api/user/640d00913c71c387f72724d0 
2023-03-15 03:15:35 [development] info: Method:GET URL:/api/user/640d00913c71c387f72724d0 
2023-03-15 03:15:41 [development] info: Method:POST URL:/api/cloudinary/signature 
2023-03-15 03:15:41 [development] info: Method:DELETE URL:/api/cloudinary/deleteImage 
2023-03-15 03:15:43 [development] info: Method:PUT URL:/api/user/640d00913c71c387f72724d0 
2023-03-15 03:18:00 [development] info: Method:GET URL:/api/user/640d00913c71c387f72724d0 
2023-03-15 03:18:00 [development] info: Method:GET URL:/api/user/640d00913c71c387f72724d0 
2023-03-15 03:18:58 [development] info: Method:GET URL:/api/user/640d00913c71c387f72724d0 
2023-03-15 03:18:58 [development] info: Method:GET URL:/api/user/640d00913c71c387f72724d0 
2023-03-15 03:19:11 [development] info: Method:POST URL:/api/cloudinary/signature 
2023-03-15 03:19:12 [development] info: Method:DELETE URL:/api/cloudinary/deleteImage 
2023-03-15 03:19:13 [development] info: Method:PUT URL:/api/user/640d00913c71c387f72724d0 
2023-03-15 03:19:42 [development] info: Method:POST URL:/api/cloudinary/signature 
2023-03-15 03:19:44 [development] info: Method:DELETE URL:/api/cloudinary/deleteImage 
2023-03-15 03:19:45 [development] info: Method:PUT URL:/api/user/640d00913c71c387f72724d0 
2023-03-15 03:19:54 [development] info: Method:GET URL:/api/user/640d00913c71c387f72724d0 
2023-03-15 03:19:54 [development] info: Method:GET URL:/api/user/640d00913c71c387f72724d0 
2023-03-15 03:23:36 [development] info: Method:GET URL:/api/user/640d00913c71c387f72724d0 
2023-03-15 03:23:37 [development] info: Method:GET URL:/api/job?page=1&limit=5 
2023-03-15 03:23:37 [development] info: Method:GET URL:/api/user/640d00913c71c387f72724d0 
2023-03-15 03:23:37 [development] info: Method:GET URL:/api/job?page=1&limit=5 
2023-03-15 03:23:41 [development] info: Method:GET URL:/api/user/640d00913c71c387f72724d0 
2023-03-15 03:23:41 [development] info: Method:GET URL:/api/user/640d00913c71c387f72724d0 
2023-03-15 03:23:53 [development] info: Method:POST URL:/api/cloudinary/signature 
2023-03-15 03:23:53 [development] info: Method:PUT URL:/api/user/640d00913c71c387f72724d0 
2023-03-15 03:24:20 [development] info: Method:GET URL:/api/user/640d00913c71c387f72724d0 
2023-03-15 03:24:20 [development] info: Method:GET URL:/api/user/640d00913c71c387f72724d0 
2023-03-15 03:25:10 [development] info: Method:GET URL:/api/user/640d00913c71c387f72724d0 
2023-03-15 03:25:10 [development] info: Method:GET URL:/api/user/640d00913c71c387f72724d0 
2023-03-15 03:25:25 [development] info: Method:POST URL:/api/cloudinary/signature 
2023-03-15 03:25:26 [development] info: Method:PUT URL:/api/user/640d00913c71c387f72724d0 
2023-03-15 03:27:07 [development] info: Method:GET URL:/api/user/640d00913c71c387f72724d0 
2023-03-15 03:27:07 [development] info: Method:GET URL:/api/user/640d00913c71c387f72724d0 
2023-03-15 03:31:39 [development] info: Method:GET URL:/api/user/63f4e315b8d06f42a93d3ee8 
2023-03-15 03:31:39 [development] info: Method:GET URL:/api/user/63f4e315b8d06f42a93d3ee8 
2023-03-15 03:31:47 [development] info: Method:POST URL:/api/cloudinary/signature 
2023-03-15 03:31:50 [development] info: Method:DELETE URL:/api/cloudinary/deleteImage 
2023-03-15 03:31:52 [development] info: Method:PUT URL:/api/user/63f4e315b8d06f42a93d3ee8 
2023-03-15 03:32:00 [development] info: Method:GET URL:/api/user/63f4e315b8d06f42a93d3ee8 
2023-03-15 03:32:00 [development] info: Method:GET URL:/api/user/63f4e315b8d06f42a93d3ee8 
2023-03-15 03:53:18 [development] info: Method:GET URL:/api/user/640d00913c71c387f72724d0 
2023-03-15 03:53:18 [development] info: Method:GET URL:/api/job?page=1&limit=5 
2023-03-15 03:53:18 [development] info: Method:GET URL:/api/user/640d00913c71c387f72724d0 
2023-03-15 03:53:18 [development] info: Method:GET URL:/api/job?page=1&limit=5 
2023-03-15 03:53:54 [development] info: Method:GET URL:/api/user/640d00913c71c387f72724d0 
2023-03-15 03:53:54 [development] info: Method:GET URL:/api/user/640d00913c71c387f72724d0 
2023-03-15 03:54:53 [development] info: Method:GET URL:/api/user/640d00913c71c387f72724d0 
2023-03-15 03:55:16 [development] info: Method:GET URL:/api/user/640d00913c71c387f72724d0 
2023-03-15 03:55:19 [development] info: Method:GET URL:/api/user/640d00913c71c387f72724d0 
2023-03-15 03:56:15 [development] info: Method:GET URL:/api/user/640d00913c71c387f72724d0 
2023-03-15 03:56:19 [development] info: Method:GET URL:/api/user/640d00913c71c387f72724d0 
2023-03-15 03:56:34 [development] info: Method:GET URL:/api/user/640d00913c71c387f72724d0 
2023-03-15 03:57:06 [development] info: Method:GET URL:/api/user/640d00913c71c387f72724d0 
2023-03-15 03:57:10 [development] info: Method:GET URL:/api/user/640d00913c71c387f72724d0 
2023-03-15 03:57:24 [development] info: Method:GET URL:/api/user/640d00913c71c387f72724d0 
2023-03-15 03:57:39 [development] info: Method:GET URL:/api/user/640d00913c71c387f72724d0 
2023-03-15 03:58:20 [development] info: Method:GET URL:/api/user/640d00913c71c387f72724d0 
2023-03-15 03:58:52 [development] info: Method:GET URL:/api/user/640d00913c71c387f72724d0 
2023-03-15 03:59:48 [development] info: Method:GET URL:/api/user/640d00913c71c387f72724d0 
2023-03-15 03:59:56 [development] info: Method:GET URL:/api/user/640d00913c71c387f72724d0 
2023-03-15 04:00:50 [development] info: Method:GET URL:/api/user/640d00913c71c387f72724d0 
2023-03-15 04:01:02 [development] info: Method:GET URL:/api/user/640d00913c71c387f72724d0 
2023-03-15 04:04:30 [development] info: Method:GET URL:/api/user/640d00913c71c387f72724d0 
2023-03-15 04:06:31 [development] info: Method:GET URL:/api/user/640d00913c71c387f72724d0 
2023-03-15 04:10:21 [development] info: Method:GET URL:/api/user/640d00913c71c387f72724d0 
2023-03-15 04:13:19 [development] info: Method:GET URL:/api/user/640d00913c71c387f72724d0 
2023-03-15 04:15:46 [development] info: Method:GET URL:/api/user/640d00913c71c387f72724d0 
2023-03-15 04:15:47 [development] info: Method:GET URL:/api/user/640d00913c71c387f72724d0 
2023-03-15 04:16:54 [development] info: Method:GET URL:/api/user/640d00913c71c387f72724d0 
2023-03-15 04:18:31 [development] info: Method:GET URL:/api/user/640d00913c71c387f72724d0 
2023-03-15 04:19:53 [development] info: Method:GET URL:/api/user/640d00913c71c387f72724d0 
2023-03-15 04:20:31 [development] info: Method:POST URL:/api/job/getJobsByEmployer 
2023-03-15 04:20:31 [development] info: Method:POST URL:/api/job/getJobsByEmployer 
2023-03-15 04:30:39 [development] info: Method:GET URL:/api/user/63ebdfe65e339fb906580e02 
2023-03-15 04:30:49 [development] info: Method:GET URL:/api/user/63ebdfe65e339fb906580e02 
2023-03-15 04:31:09 [development] info: Method:POST URL:/api/job/getJobsByEmployer 
2023-03-15 04:31:09 [development] info: Method:POST URL:/api/job/getJobsByEmployer 
2023-03-15 04:31:11 [development] info: Method:POST URL:/api/job/getJobsByEmployer 
2023-03-15 04:31:11 [development] info: Method:POST URL:/api/job/getJobsByEmployer 
2023-03-15 04:31:20 [development] info: Method:GET URL:/api/user/63ebdfe65e339fb906580e02 
2023-03-15 04:31:35 [development] info: Method:GET URL:/api/user/63f4e315b8d06f42a93d3ee8 
2023-03-15 04:31:36 [development] info: Method:GET URL:/api/job?page=1&limit=5 
2023-03-15 04:31:38 [development] info: Method:GET URL:/api/user/63ebdfe65e339fb906580e02 
2023-03-15 04:31:50 [development] info: Method:POST URL:/api/job/getJobsByEmployer 
2023-03-15 04:31:50 [development] info: Method:POST URL:/api/job/getJobsByEmployer 
2023-03-15 04:31:58 [development] info: Method:GET URL:/api/user/63ebdfe65e339fb906580e02 
2023-03-15 04:32:45 [development] info: Method:GET URL:/api/user/640d00913c71c387f72724d0 
2023-03-15 04:32:45 [development] info: Method:GET URL:/api/user/63ebdfe65e339fb906580e02 
2023-03-15 04:32:53 [development] info: Method:GET URL:/api/user/640d00913c71c387f72724d0 
2023-03-15 04:33:00 [development] info: Method:POST URL:/api/job/getJobsByEmployer 
2023-03-15 04:33:00 [development] info: Method:POST URL:/api/job/getJobsByEmployer 
2023-03-15 04:33:02 [development] info: Method:POST URL:/api/job/getJobsByEmployer 
2023-03-15 04:33:02 [development] info: Method:POST URL:/api/job/getJobsByEmployer 
2023-03-15 04:33:10 [development] info: Method:GET URL:/api/user/63ebdfe65e339fb906580e02 
2023-03-15 04:34:11 [development] info: Method:GET URL:/api/user/63ebdfe65e339fb906580e02 
2023-03-15 04:34:11 [development] info: Method:GET URL:/api/user/640d00913c71c387f72724d0 
2023-03-15 04:34:37 [development] info: Method:GET URL:/api/user/63ebdfe65e339fb906580e02 
2023-03-15 04:34:37 [development] info: Method:GET URL:/api/user/640d00913c71c387f72724d0 
2023-03-15 04:34:44 [development] info: Method:GET URL:/api/user/640d00913c71c387f72724d0 
2023-03-15 04:34:44 [development] info: Method:GET URL:/api/job?page=1&limit=5 
2023-03-15 04:34:45 [development] info: Method:GET URL:/api/user/640d00913c71c387f72724d0 
2023-03-15 04:34:45 [development] info: Method:GET URL:/api/job?page=1&limit=5 
2023-03-15 04:34:46 [development] info: Method:GET URL:/api/user/640d00913c71c387f72724d0 
2023-03-15 04:34:47 [development] info: Method:GET URL:/api/job?page=1&limit=5 
2023-03-15 04:34:48 [development] info: Method:GET URL:/api/user/640d00913c71c387f72724d0 
2023-03-15 04:34:55 [development] info: Method:POST URL:/api/job/getJobsByEmployer 
2023-03-15 04:34:55 [development] info: Method:POST URL:/api/job/getJobsByEmployer 
2023-03-15 04:36:51 [development] info: Method:POST URL:/api/job/getJobsByEmployer 
2023-03-15 04:36:57 [development] info: Method:POST URL:/api/job/getJobsByEmployer 
2023-03-15 04:37:02 [development] info: Method:POST URL:/api/job/getJobsByEmployer 
2023-03-15 04:37:08 [development] info: Method:POST URL:/api/job/getJobsByEmployer 
2023-03-15 04:37:12 [development] info: Method:POST URL:/api/job/getJobsByEmployer 
2023-03-15 04:37:15 [development] info: Method:POST URL:/api/job/getJobsByEmployer 
2023-03-15 04:37:24 [development] info: Method:POST URL:/api/job/getJobsByEmployer 
2023-03-15 04:37:29 [development] info: Method:POST URL:/api/job/getJobsByEmployer 
2023-03-15 04:37:31 [development] info: Method:POST URL:/api/job/getJobsByEmployer 
2023-03-15 04:37:37 [development] info: Method:GET URL:/api/user/63ebdfe65e339fb906580e02 
2023-03-15 04:38:37 [development] info: Method:GET URL:/api/user/640d00913c71c387f72724d0 
2023-03-15 04:38:37 [development] info: Method:GET URL:/api/user/640d00913c71c387f72724d0 
2023-03-15 04:38:47 [development] info: Method:GET URL:/api/user/63ebdfe65e339fb906580e02 
2023-03-15 04:42:11 [development] info: Method:POST URL:/api/job/getJobsByEmployer 
2023-03-15 04:42:11 [development] info: Method:POST URL:/api/job/getJobsByEmployer 
2023-03-15 04:42:55 [development] info: Method:GET URL:/api/user/640d00913c71c387f72724d0 
2023-03-15 04:42:55 [development] info: Method:GET URL:/api/job?page=1&limit=5 
2023-03-15 04:43:38 [development] info: Method:GET URL:/api/user/640d00913c71c387f72724d0 
2023-03-15 04:43:39 [development] info: Method:GET URL:/api/job?page=1&limit=5 
2023-03-15 04:56:06 [development] info: Method:GET URL:/api/user/640d00913c71c387f72724d0 
2023-03-15 04:56:06 [development] info: Method:GET URL:/api/job?page=1&limit=5 
2023-03-15 04:57:38 [development] info: Method:POST URL:/api/job/getJobsByEmployer 
2023-03-15 04:57:39 [development] info: Method:POST URL:/api/job/getJobsByEmployer 
2023-03-15 04:57:55 [development] info: Method:POST URL:/api/job/getJobsByEmployer 
2023-03-15 04:58:35 [development] info: Method:POST URL:/api/job/getJobsByEmployer 
2023-03-15 04:58:52 [development] info: Method:POST URL:/api/job/getJobsByEmployer 
2023-03-15 04:58:57 [development] info: Method:POST URL:/api/job/getJobsByEmployer 
2023-03-15 04:59:17 [development] info: Method:POST URL:/api/job/getJobsByEmployer 
2023-03-15 05:00:36 [development] info: Method:POST URL:/api/job/getJobsByEmployer 
2023-03-15 05:00:41 [development] info: Method:POST URL:/api/job/getJobsByEmployer 
2023-03-15 05:01:05 [development] info: Method:POST URL:/api/job/getJobsByEmployer 
2023-03-15 05:01:55 [development] info: Method:POST URL:/api/job/getJobsByEmployer 
2023-03-15 05:02:02 [development] info: Method:DELETE URL:/api/job/6408a9a6c2675f6cc0210361 
2023-03-15 05:02:02 [development] error: ReferenceError: result is not defined
    at Object.deleteJob [as delete] (webpack-internal:///(api)/./pages/api/job/[id].js:35:9)
    at eval (webpack-internal:///(api)/./utils/api-handler.js:20:34)
    at processTicksAndRejections (node:internal/process/task_queues:96:5)
    at async Object.apiResolver (C:\Users\Shiblee\Desktop\Senior_Manager\senior_manager\node_modules\next\dist\server\api-utils\node.js:372:9)
    at async DevServer.runApi (C:\Users\Shiblee\Desktop\Senior_Manager\senior_manager\node_modules\next\dist\server\next-server.js:488:9)
    at async Object.fn (C:\Users\Shiblee\Desktop\Senior_Manager\senior_manager\node_modules\next\dist\server\next-server.js:751:37)
    at async Router.execute (C:\Users\Shiblee\Desktop\Senior_Manager\senior_manager\node_modules\next\dist\server\router.js:253:36)
    at async DevServer.run (C:\Users\Shiblee\Desktop\Senior_Manager\senior_manager\node_modules\next\dist\server\base-server.js:384:29)
    at async DevServer.run (C:\Users\Shiblee\Desktop\Senior_Manager\senior_manager\node_modules\next\dist\server\dev\next-dev-server.js:743:20)
    at async DevServer.handleRequest (C:\Users\Shiblee\Desktop\Senior_Manager\senior_manager\node_modules\next\dist\server\base-server.js:322:20)
2023-03-15 05:03:20 [development] info: Method:DELETE URL:/api/job/6408a9a6c2675f6cc0210361 
2023-03-15 05:03:45 [development] info: Method:DELETE URL:/api/job/6408a9a6c2675f6cc0210361 
2023-03-15 05:04:06 [development] info: Method:DELETE URL:/api/job/6408fcdf4cebd1ce2e6e4eb5 
2023-03-15 05:04:31 [development] info: Method:DELETE URL:/api/job/6408fcdf4cebd1ce2e6e4eb5 
2023-03-15 05:05:14 [development] info: Method:DELETE URL:/api/job/640a31324cebd1ce2e6e4fcd 
2023-03-15 05:06:19 [development] info: Method:POST URL:/api/job/getJobsByEmployer 
2023-03-15 05:06:30 [development] info: Method:DELETE URL:/api/job/640a31324cebd1ce2e6e4fcd 
2023-03-15 05:08:48 [development] info: Method:POST URL:/api/job/getJobsByEmployer 
2023-03-15 05:08:48 [development] info: Method:POST URL:/api/job/getJobsByEmployer 
2023-03-15 05:08:55 [development] info: Method:DELETE URL:/api/job/6408a9a6c2675f6cc0210361 
2023-03-15 05:09:19 [development] info: Method:DELETE URL:/api/job/6408a9a6c2675f6cc0210361 
2023-03-15 05:12:12 [development] info: Method:POST URL:/api/job/getJobsByEmployer 
2023-03-15 05:12:13 [development] info: Method:POST URL:/api/job/getJobsByEmployer 
2023-03-15 05:12:16 [development] info: Method:DELETE URL:/api/job/6408a9a6c2675f6cc0210361 
2023-03-15 05:12:16 [development] error: TypeError: Cannot read properties of undefined (reading 'status')
    at Object.deleteJob [as delete] (webpack-internal:///(api)/./pages/api/job/[id].js:37:56)
    at runMicrotasks (<anonymous>)
    at processTicksAndRejections (node:internal/process/task_queues:96:5)
    at async eval (webpack-internal:///(api)/./utils/api-handler.js:20:13)
    at async Object.apiResolver (C:\Users\Shiblee\Desktop\Senior_Manager\senior_manager\node_modules\next\dist\server\api-utils\node.js:372:9)
    at async DevServer.runApi (C:\Users\Shiblee\Desktop\Senior_Manager\senior_manager\node_modules\next\dist\server\next-server.js:488:9)
    at async Object.fn (C:\Users\Shiblee\Desktop\Senior_Manager\senior_manager\node_modules\next\dist\server\next-server.js:751:37)
    at async Router.execute (C:\Users\Shiblee\Desktop\Senior_Manager\senior_manager\node_modules\next\dist\server\router.js:253:36)
    at async DevServer.run (C:\Users\Shiblee\Desktop\Senior_Manager\senior_manager\node_modules\next\dist\server\base-server.js:384:29)
    at async DevServer.run (C:\Users\Shiblee\Desktop\Senior_Manager\senior_manager\node_modules\next\dist\server\dev\next-dev-server.js:743:20)
    at async DevServer.handleRequest (C:\Users\Shiblee\Desktop\Senior_Manager\senior_manager\node_modules\next\dist\server\base-server.js:322:20)
2023-03-15 05:13:01 [development] info: Method:DELETE URL:/api/job/6408a9a6c2675f6cc0210361 
2023-03-15 05:17:04 [development] info: Method:POST URL:/api/job/getJobsByEmployer 
2023-03-15 05:17:11 [development] info: Method:POST URL:/api/job/getJobsByEmployer 
2023-03-15 05:17:21 [development] info: Method:DELETE URL:/api/job/640a31324cebd1ce2e6e4fcd 
2023-03-15 05:17:38 [development] info: Method:POST URL:/api/job/getJobsByEmployer 
2023-03-15 05:17:38 [development] info: Method:POST URL:/api/job/getJobsByEmployer 
2023-03-15 12:38:02 [development] info: Method:GET URL:/api/user/640d00913c71c387f72724d0 
2023-03-15 12:38:03 [development] info: Method:GET URL:/api/user/640d00913c71c387f72724d0 
2023-03-15 12:38:07 [development] info: Method:GET URL:/api/user/640d00913c71c387f72724d0 
2023-03-15 12:38:08 [development] info: Method:GET URL:/api/job?page=1&limit=5 
2023-03-15 12:38:09 [development] info: Method:GET URL:/api/user/640d00913c71c387f72724d0 
2023-03-15 12:38:09 [development] info: Method:GET URL:/api/job?page=1&limit=5 
2023-03-15 12:38:16 [development] info: Method:PUT URL:/api/job/6408fcdf4cebd1ce2e6e4eb5 
2023-03-15 12:39:30 [development] info: Method:PUT URL:/api/job/6408a9a6c2675f6cc0210361 
2023-03-15 12:39:52 [development] info: Method:PUT URL:/api/job/6408a9a6c2675f6cc0210361 
2023-03-15 12:41:14 [development] info: Method:POST URL:/api/job/getJobsByEmployer 
2023-03-15 12:41:14 [development] info: Method:GET URL:/api/user/640d00913c71c387f72724d0 
2023-03-15 12:41:18 [development] info: Method:GET URL:/api/job?page=1&limit=5 
2023-03-15 12:42:37 [development] info: Method:POST URL:/api/job/getJobsByEmployer 
2023-03-15 12:42:42 [development] info: Method:POST URL:/api/job/getJobsByEmployer 
2023-03-15 12:42:46 [development] info: Method:POST URL:/api/job/getJobsByEmployer 
2023-03-15 12:42:48 [development] info: Method:POST URL:/api/job/getJobsByEmployer 
2023-03-15 12:42:53 [development] info: Method:POST URL:/api/job/getJobsByEmployer 
2023-03-15 12:42:57 [development] info: Method:POST URL:/api/job/getJobsByEmployer 
2023-03-15 12:43:01 [development] info: Method:POST URL:/api/job/getJobsByEmployer 
2023-03-15 12:43:01 [development] info: Method:POST URL:/api/job/getJobsByEmployer 
2023-03-15 12:43:08 [development] info: Method:POST URL:/api/job/getJobsByEmployer 
2023-03-15 12:43:12 [development] info: Method:POST URL:/api/job/getJobsByEmployer 
2023-03-15 12:43:14 [development] info: Method:POST URL:/api/job/getJobsByEmployer 
2023-03-15 12:44:04 [development] info: Method:POST URL:/api/job/getJobsByEmployer 
2023-03-15 12:44:19 [development] info: Method:POST URL:/api/job/getJobsByEmployer 
2023-03-15 12:47:19 [development] info: Method:POST URL:/api/job/getJobsByEmployer 
2023-03-15 12:47:19 [development] info: Method:POST URL:/api/job/getJobsByEmployer 
2023-03-15 12:47:20 [development] info: Method:GET URL:/api/user/63f4e315b8d06f42a93d3ee8 
2023-03-15 12:47:20 [development] info: Method:GET URL:/api/job?page=1&limit=5 
2023-03-15 12:49:06 [development] info: Method:GET URL:/api/user/640d00913c71c387f72724d0 
2023-03-15 12:49:07 [development] info: Method:GET URL:/api/user/640d00913c71c387f72724d0 
2023-03-15 12:49:07 [development] info: Method:GET URL:/api/user/640d00913c71c387f72724d0 
2023-03-15 12:49:11 [development] info: Method:GET URL:/api/user/640d00913c71c387f72724d0 
2023-03-15 12:49:15 [development] info: Method:GET URL:/api/user/640d00913c71c387f72724d0 
2023-03-15 12:49:18 [development] info: Method:POST URL:/api/job/getJobsByEmployer 
2023-03-15 12:49:18 [development] info: Method:POST URL:/api/job/getJobsByEmployer 
2023-03-15 12:49:20 [development] info: Method:POST URL:/api/job/getJobsByEmployer 
2023-03-15 12:49:20 [development] info: Method:POST URL:/api/job/getJobsByEmployer 
2023-03-15 12:49:26 [development] info: Method:POST URL:/api/job/getJobsByEmployer 
2023-03-15 12:49:26 [development] info: Method:POST URL:/api/job/getJobsByEmployer 
2023-03-15 12:49:32 [development] info: Method:GET URL:/api/job?page=1&limit=5 
2023-03-15 12:51:18 [development] info: Method:POST URL:/api/user/checkUser 
2023-03-15 12:51:38 [development] info: Method:POST URL:/api/user/register 
2023-03-15 12:51:56 [development] info: Method:GET URL:/api/user/64116afb12db633467e1e337 
2023-03-15 12:51:57 [development] info: Method:GET URL:/api/job?page=1&limit=5 
2023-03-15 12:52:17 [development] info: Method:POST URL:/api/job/getJobsByEmployer 
2023-03-15 12:52:17 [development] info: Method:POST URL:/api/job/getJobsByEmployer 
2023-03-15 12:52:20 [development] info: Method:POST URL:/api/job/getJobsByEmployer 
2023-03-15 12:52:20 [development] info: Method:POST URL:/api/job/getJobsByEmployer 
2023-03-15 12:53:25 [development] info: Method:POST URL:/api/job/getJobsByEmployer 
2023-03-15 12:53:27 [development] info: Method:POST URL:/api/job/getJobsByEmployer 
2023-03-15 12:53:37 [development] info: Method:POST URL:/api/job/getJobsByEmployer 
2023-03-15 12:53:37 [development] info: Method:POST URL:/api/job/getJobsByEmployer 
2023-03-15 12:54:40 [development] info: Method:POST URL:/api/job/getJobsByEmployer 
2023-03-15 12:54:50 [development] info: Method:POST URL:/api/job/getJobsByEmployer 
2023-03-15 12:54:50 [development] info: Method:POST URL:/api/job/getJobsByEmployer 
2023-03-15 12:55:21 [development] info: Method:POST URL:/api/job/getJobsByEmployer 
2023-03-15 13:02:14 [development] info: Method:POST URL:/api/job/getJobsByEmployer 
2023-03-15 13:03:27 [development] info: Method:GET URL:/api/user/64116afb12db633467e1e337 
2023-03-15 13:03:27 [development] info: Method:GET URL:/api/user/64116afb12db633467e1e337 
2023-03-15 13:03:56 [development] info: Method:POST URL:/api/job/getJobsByEmployer 
2023-03-15 13:03:56 [development] info: Method:POST URL:/api/job/getJobsByEmployer 
2023-03-15 13:04:04 [development] info: Method:GET URL:/api/user/64116afb12db633467e1e337 
2023-03-15 13:04:04 [development] info: Method:GET URL:/api/user/64116afb12db633467e1e337 
2023-03-15 13:07:44 [development] info: Method:POST URL:/api/job/getJobsByEmployer 
2023-03-15 13:07:44 [development] info: Method:POST URL:/api/job/getJobsByEmployer 
2023-03-15 13:07:47 [development] info: Method:POST URL:/api/job/getJobsByEmployer 
2023-03-15 13:07:47 [development] info: Method:POST URL:/api/job/getJobsByEmployer 
2023-03-15 13:08:26 [development] info: Method:GET URL:/api/user/64116afb12db633467e1e337 
2023-03-15 13:08:26 [development] info: Method:GET URL:/api/user/64116afb12db633467e1e337 
2023-03-15 13:08:27 [development] info: Method:POST URL:/api/job/getJobsByEmployer 
2023-03-15 13:08:27 [development] info: Method:POST URL:/api/job/getJobsByEmployer 
2023-03-15 13:13:31 [development] info: Method:POST URL:/api/job/getJobsByEmployer 
2023-03-15 13:15:09 [development] info: Method:POST URL:/api/job/getJobsByEmployer 
2023-03-15 13:15:11 [development] info: Method:POST URL:/api/job/getJobsByEmployer 
2023-03-15 13:15:11 [development] info: Method:POST URL:/api/job/getJobsByEmployer 
2023-03-15 13:15:56 [development] info: Method:POST URL:/api/job/getJobsByEmployer 
2023-03-15 13:15:56 [development] info: Method:POST URL:/api/job/getJobsByEmployer 
2023-03-15 13:16:59 [development] info: Method:POST URL:/api/job/getJobsByEmployer 
2023-03-15 13:20:44 [development] info: Method:POST URL:/api/job/getJobsByEmployer 
2023-03-15 13:21:01 [development] info: Method:POST URL:/api/job/getJobsByEmployer 
2023-03-15 13:21:01 [development] info: Method:POST URL:/api/job/getJobsByEmployer 
2023-03-15 13:21:19 [development] info: Method:POST URL:/api/job/getJobsByEmployer 
2023-03-15 13:21:57 [development] info: Method:GET URL:/api/user/64116afb12db633467e1e337 
2023-03-15 13:21:57 [development] info: Method:GET URL:/api/user/64116afb12db633467e1e337 
2023-03-15 13:22:40 [development] info: Method:PUT URL:/api/user/64116afb12db633467e1e337 
2023-03-15 13:23:09 [development] info: Method:PUT URL:/api/user/64116afb12db633467e1e337 
2023-03-15 13:23:18 [development] info: Method:POST URL:/api/job/getJobsByEmployer 
2023-03-15 13:23:18 [development] info: Method:POST URL:/api/job/getJobsByEmployer 
2023-03-15 13:23:29 [development] info: Method:POST URL:/api/job/getJobsByEmployer 
2023-03-15 13:23:29 [development] info: Method:POST URL:/api/job/getJobsByEmployer 
2023-03-15 14:12:32 [development] info: Method:GET URL:/api/user/64116afb12db633467e1e337 
2023-03-15 14:12:32 [development] info: Method:GET URL:/api/user/64116afb12db633467e1e337 
2023-03-15 14:12:44 [development] info: Method:PUT URL:/api/user/64116afb12db633467e1e337 
2023-03-15 14:12:50 [development] info: Method:GET URL:/api/user/64116afb12db633467e1e337 
2023-03-15 14:12:50 [development] info: Method:GET URL:/api/user/64116afb12db633467e1e337 
2023-03-15 14:13:57 [development] info: Method:GET URL:/api/user/640d00913c71c387f72724d0 
2023-03-15 14:16:26 [development] info: Method:POST URL:/api/job/getJobsByEmployer 
2023-03-15 14:16:26 [development] info: Method:POST URL:/api/job/getJobsByEmployer 
2023-03-15 14:17:13 [development] info: Method:POST URL:/api/job/getJobsByEmployer 
2023-03-15 14:17:21 [development] info: Method:POST URL:/api/job/getJobsByEmployer 
2023-03-15 14:19:26 [development] info: Method:POST URL:/api/job/getJobsByEmployer 
2023-03-15 14:19:41 [development] info: Method:GET URL:/api/user/640d00913c71c387f72724d0 
2023-03-15 14:19:41 [development] info: Method:GET URL:/api/user/640d00913c71c387f72724d0 
2023-03-15 14:19:43 [development] info: Method:GET URL:/api/job?page=1&limit=5 
2023-03-15 14:19:43 [development] info: Method:GET URL:/api/job?page=1&limit=5 
2023-03-15 14:19:43 [development] info: Method:POST URL:/api/job/getJobsByEmployer 
2023-03-15 14:19:43 [development] info: Method:POST URL:/api/job/getJobsByEmployer 
2023-03-15 14:19:44 [development] info: Method:GET URL:/api/user/640d00913c71c387f72724d0 
2023-03-15 14:19:44 [development] info: Method:GET URL:/api/job?page=1&limit=5 
2023-03-15 14:19:50 [development] info: Method:POST URL:/api/job/getJobsByEmployer 
2023-03-15 14:19:50 [development] info: Method:POST URL:/api/job/getJobsByEmployer 
2023-03-15 14:21:23 [development] info: Method:POST URL:/api/job/getJobsByEmployer 
2023-03-15 14:21:23 [development] info: Method:POST URL:/api/job/getJobsByEmployer 
2023-03-15 14:21:26 [development] info: Method:POST URL:/api/job/getJobsByEmployer 
2023-03-15 14:21:35 [development] info: Method:POST URL:/api/job/getJobsByEmployer 
2023-03-15 14:21:36 [development] info: Method:POST URL:/api/job/getJobsByEmployer 
2023-03-15 14:21:41 [development] info: Method:POST URL:/api/job/getJobsByEmployer 
2023-03-15 14:21:41 [development] info: Method:POST URL:/api/job/getJobsByEmployer 
2023-03-15 14:21:54 [development] info: Method:GET URL:/api/user/64116afb12db633467e1e337 
2023-03-15 14:21:54 [development] info: Method:GET URL:/api/user/64116afb12db633467e1e337 
2023-03-15 14:22:06 [development] info: Method:PUT URL:/api/user/64116afb12db633467e1e337 
2023-03-15 14:22:13 [development] info: Method:POST URL:/api/job/getJobsByEmployer 
2023-03-15 14:22:13 [development] info: Method:POST URL:/api/job/getJobsByEmployer 
2023-03-15 14:22:41 [development] info: Method:POST URL:/api/job/getJobsByEmployer 
2023-03-15 14:22:52 [development] info: Method:POST URL:/api/job/getJobsByEmployer 
2023-03-15 14:23:08 [development] info: Method:GET URL:/api/job?page=1&limit=5 
2023-03-15 14:23:58 [development] info: Method:GET URL:/api/user/64116afb12db633467e1e337 
2023-03-15 14:23:58 [development] info: Method:GET URL:/api/job?page=1&limit=5 
2023-03-15 14:24:03 [development] info: Method:POST URL:/api/job/getJobsByEmployer 
2023-03-15 14:24:03 [development] info: Method:POST URL:/api/job/getJobsByEmployer 
2023-03-15 14:24:06 [development] info: Method:POST URL:/api/job/getJobsByEmployer 
2023-03-15 14:24:06 [development] info: Method:POST URL:/api/job/getJobsByEmployer 
2023-03-15 14:46:08 [development] info: Method:POST URL:/api/job/getJobsByEmployer 
2023-03-15 14:46:08 [development] info: Method:POST URL:/api/job/getJobsByEmployer 
2023-03-15 14:48:26 [development] info: Method:GET URL:/api/job?page=1&limit=5 
2023-03-15 14:49:12 [development] info: Method:GET URL:/api/job?page=1&limit=5 
2023-03-15 14:53:45 [development] info: Method:GET URL:/api/job?page=1&limit=5 
2023-03-15 14:54:44 [development] info: Method:GET URL:/api/job?page=1&limit=5 
2023-03-15 14:54:44 [development] info: Method:GET URL:/api/job?page=1&limit=5 
2023-03-15 14:54:44 [development] info: Method:GET URL:/api/job?page=1&limit=5 
2023-03-15 14:54:44 [development] info: Method:GET URL:/api/job?page=1&limit=5 
2023-03-15 14:56:00 [development] info: Method:GET URL:/api/job?page=1&limit=5 
2023-03-15 14:56:29 [development] info: Method:GET URL:/api/user/64116afb12db633467e1e337 
2023-03-15 14:56:29 [development] info: Method:GET URL:/api/job?page=1&limit=5 
2023-03-15 14:56:39 [development] info: Method:GET URL:/api/user/64116afb12db633467e1e337 
2023-03-15 14:56:39 [development] info: Method:GET URL:/api/user/64116afb12db633467e1e337 
2023-03-15 14:56:46 [development] info: Method:PUT URL:/api/user/64116afb12db633467e1e337 
2023-03-15 14:56:54 [development] info: Method:POST URL:/api/job/getJobsByEmployer 
2023-03-15 14:56:54 [development] info: Method:POST URL:/api/job/getJobsByEmployer 
2023-03-15 14:56:59 [development] info: Method:POST URL:/api/job/getJobsByEmployer 
2023-03-15 14:56:59 [development] info: Method:POST URL:/api/job/getJobsByEmployer 
2023-03-15 14:57:38 [development] info: Method:POST URL:/api/job/getJobsByEmployer 
2023-03-15 15:02:10 [development] info: Method:GET URL:/api/job?page=1&limit=5 
2023-03-15 15:02:23 [development] info: Method:GET URL:/api/user/64116afb12db633467e1e337 
2023-03-15 15:02:23 [development] info: Method:GET URL:/api/job?page=1&limit=5 
2023-03-15 15:02:30 [development] info: Method:POST URL:/api/job/getJobsByEmployer 
2023-03-15 15:02:30 [development] info: Method:POST URL:/api/job/getJobsByEmployer 
2023-03-15 15:03:07 [development] info: Method:POST URL:/api/job/getJobsByEmployer 
2023-03-15 15:03:13 [development] info: Method:GET URL:/api/user/64116afb12db633467e1e337 
2023-03-15 15:03:13 [development] info: Method:GET URL:/api/user/64116afb12db633467e1e337 
2023-03-15 15:03:28 [development] info: Method:POST URL:/api/job/getJobsByEmployer 
2023-03-15 15:03:28 [development] info: Method:POST URL:/api/job/getJobsByEmployer 
2023-03-15 15:03:30 [development] info: Method:GET URL:/api/user/64116afb12db633467e1e337 
2023-03-15 15:03:30 [development] info: Method:GET URL:/api/user/64116afb12db633467e1e337 
2023-03-15 15:03:40 [development] info: Method:PUT URL:/api/user/64116afb12db633467e1e337 
2023-03-15 15:03:46 [development] info: Method:GET URL:/api/user/64116afb12db633467e1e337 
2023-03-15 15:03:46 [development] info: Method:GET URL:/api/user/64116afb12db633467e1e337 
2023-03-15 15:04:05 [development] info: Method:POST URL:/api/job/getJobsByEmployer 
2023-03-15 15:04:05 [development] info: Method:POST URL:/api/job/getJobsByEmployer 
2023-03-15 15:22:07 [development] info: Method:GET URL:/api/job?page=1&limit=5 
2023-03-15 15:22:18 [development] info: Method:GET URL:/api/job?page=1&limit=5 
2023-03-15 15:24:16 [development] info: Method:GET URL:/api/user/640d00913c71c387f72724d0 
2023-03-15 15:24:16 [development] info: Method:GET URL:/api/job?page=1&limit=5 
2023-03-15 15:24:30 [development] info: Method:GET URL:/api/user/640d00913c71c387f72724d0 
2023-03-15 15:24:30 [development] info: Method:GET URL:/api/user/640d00913c71c387f72724d0 
2023-03-15 15:24:43 [development] info: Method:PUT URL:/api/user/640d00913c71c387f72724d0 
2023-03-15 15:24:50 [development] info: Method:GET URL:/api/user/640d00913c71c387f72724d0 
2023-03-15 15:24:51 [development] info: Method:GET URL:/api/user/640d00913c71c387f72724d0 
2023-03-15 15:25:01 [development] info: Method:GET URL:/api/user/640d00913c71c387f72724d0 
2023-03-15 15:25:01 [development] info: Method:GET URL:/api/job?page=1&limit=5 
2023-03-15 15:29:08 [development] info: Method:GET URL:/api/user/640d00913c71c387f72724d0 
2023-03-15 15:29:08 [development] info: Method:GET URL:/api/job?page=1&limit=5 
2023-03-15 15:29:42 [development] info: Method:PUT URL:/api/user/applySave/640d00913c71c387f72724d0 
2023-03-15 15:29:47 [development] info: Method:PUT URL:/api/user/applySave/640d00913c71c387f72724d0 
2023-03-15 17:13:33 [development] info: Method:POST URL:/api/job/getJobsByEmployer 
2023-03-15 17:13:33 [development] info: Method:POST URL:/api/job/getJobsByEmployer 
2023-03-15 17:13:33 [development] info: Method:POST URL:/api/job/getJobsByEmployer 
2023-03-15 17:13:35 [development] info: Method:POST URL:/api/job/getJobsByEmployer 
2023-03-15 17:33:00 [development] info: Method:GET URL:/api/job?page=1&limit=5 
2023-03-15 17:33:15 [development] info: Method:GET URL:/api/user/63f4e315b8d06f42a93d3ee8 
2023-03-15 17:33:16 [development] info: Method:GET URL:/api/job?page=1&limit=5 
2023-03-15 17:33:20 [development] info: Method:POST URL:/api/job/getJobsByEmployer 
2023-03-15 17:33:20 [development] info: Method:POST URL:/api/job/getJobsByEmployer 
2023-03-15 17:39:04 [development] info: Method:POST URL:/api/job/getJobsByEmployer 
2023-03-15 17:39:15 [development] info: Method:POST URL:/api/job/getJobsByEmployer 
2023-03-15 17:39:18 [development] info: Method:POST URL:/api/job/getJobsByEmployer 
2023-03-15 17:39:25 [development] info: Method:POST URL:/api/job/getJobsByEmployer 
2023-03-15 17:39:29 [development] info: Method:POST URL:/api/job/getJobsByEmployer 
2023-03-15 17:41:30 [development] info: Method:POST URL:/api/job/getJobsByEmployer 
2023-03-15 17:41:31 [development] info: Method:POST URL:/api/job/getJobsByEmployer 
2023-03-15 17:45:26 [development] info: Method:POST URL:/api/job/getJobsByEmployer 
2023-03-15 18:43:29 [development] info: Method:POST URL:/api/job/getJobsByEmployer 
2023-03-15 18:43:29 [development] info: Method:POST URL:/api/job/getJobsByEmployer 
2023-03-15 18:51:40 [development] info: Method:PUT URL:/api/job/6408a9a6c2675f6cc0210361 
2023-03-15 18:51:54 [development] info: Method:PUT URL:/api/job/6408ab40c2675f6cc0210364 
2023-03-15 18:53:13 [development] info: Method:PUT URL:/api/job/6408ab40c2675f6cc0210364 
2023-03-15 18:53:40 [development] info: Method:PUT URL:/api/job/6408fcdf4cebd1ce2e6e4eb5 
2023-03-15 18:53:45 [development] info: Method:POST URL:/api/job/getJobsByEmployer 
2023-03-15 18:53:45 [development] info: Method:POST URL:/api/job/getJobsByEmployer 
2023-03-15 18:57:09 [development] info: Method:POST URL:/api/cloudinary/signature 
2023-03-15 18:57:13 [development] info: Method:POST URL:/api/job 
2023-03-15 18:58:58 [development] info: Method:GET URL:/api/job?page=1&limit=5 
2023-03-15 18:58:58 [development] info: Method:GET URL:/api/job?page=1&limit=5 
2023-03-15 18:59:37 [development] info: Method:GET URL:/api/user/63f4e315b8d06f42a93d3ee8 
2023-03-15 18:59:38 [development] info: Method:GET URL:/api/job?page=1&limit=5 
2023-03-15 18:59:54 [development] info: Method:POST URL:/api/job/getJobsByEmployer 
2023-03-15 18:59:54 [development] info: Method:POST URL:/api/job/getJobsByEmployer 
2023-03-15 18:59:55 [development] info: Method:POST URL:/api/job/getJobsByEmployer 
2023-03-15 18:59:55 [development] info: Method:POST URL:/api/job/getJobsByEmployer 
2023-03-15 18:59:58 [development] info: Method:GET URL:/api/user/640d00913c71c387f72724d0 
2023-03-15 18:59:58 [development] info: Method:GET URL:/api/job?page=1&limit=5 
2023-03-15 19:02:47 [development] info: Method:POST URL:/api/cloudinary/signature 
2023-03-15 19:02:49 [development] info: Method:POST URL:/api/job 
2023-03-15 19:05:38 [development] info: Method:POST URL:/api/cloudinary/signature 
2023-03-15 19:05:39 [development] info: Method:POST URL:/api/job 
2023-03-15 19:06:29 [development] info: Method:PUT URL:/api/job/6411c2a3a5e7e696b5673466 
2023-03-15 19:06:37 [development] info: Method:POST URL:/api/job/getJobsByEmployer 
2023-03-15 19:06:37 [development] info: Method:POST URL:/api/job/getJobsByEmployer 
2023-03-15 19:07:17 [development] info: Method:PUT URL:/api/job/6411c1f9a5e7e696b5673460 
2023-03-15 19:07:26 [development] info: Method:POST URL:/api/job/getJobsByEmployer 
2023-03-15 19:07:27 [development] info: Method:POST URL:/api/job/getJobsByEmployer 
2023-03-15 19:07:44 [development] info: Method:PUT URL:/api/job/6411c1f9a5e7e696b5673460 
2023-03-15 19:10:29 [development] info: Method:POST URL:/api/job/getJobsByEmployer 
2023-03-15 19:10:31 [development] info: Method:GET URL:/api/user/640d00913c71c387f72724d0 
2023-03-15 19:10:32 [development] info: Method:GET URL:/api/job?page=1&limit=5 
2023-03-15 19:11:40 [development] info: Method:POST URL:/api/job/getJobsByEmployer 
2023-03-15 19:12:16 [development] info: Method:POST URL:/api/job/getJobsByEmployer 
2023-03-15 19:12:37 [development] info: Method:POST URL:/api/job/getJobsByEmployer 
2023-03-15 19:14:15 [development] info: Method:POST URL:/api/job/getJobsByEmployer 
2023-03-15 19:14:41 [development] info: Method:POST URL:/api/job/getJobsByEmployer 
2023-03-15 19:22:14 [development] info: Method:POST URL:/api/job/getJobsByEmployer 
2023-03-15 19:23:00 [development] info: Method:POST URL:/api/job/getJobsByEmployer 
2023-03-15 19:23:03 [development] info: Method:POST URL:/api/job/getJobsByEmployer 
2023-03-15 19:23:06 [development] info: Method:POST URL:/api/job/getJobsByEmployer 
2023-03-15 19:23:11 [development] info: Method:POST URL:/api/job/getJobsByEmployer 
2023-03-15 19:23:17 [development] info: Method:POST URL:/api/job/getJobsByEmployer 
2023-03-15 19:23:17 [development] info: Method:POST URL:/api/job/getJobsByEmployer 
2023-03-15 19:24:31 [development] info: Method:POST URL:/api/job/getJobsByEmployer 
2023-03-15 19:24:40 [development] info: Method:POST URL:/api/job/getJobsByEmployer 
2023-03-15 19:25:23 [development] info: Method:POST URL:/api/job/getJobsByEmployer 
2023-03-15 19:26:40 [development] info: Method:POST URL:/api/job/getJobsByEmployer 
2023-03-15 19:26:40 [development] info: Method:POST URL:/api/job/getJobsByEmployer 
2023-03-15 19:27:01 [development] info: Method:POST URL:/api/job/getJobsByEmployer 
2023-03-15 19:27:28 [development] info: Method:POST URL:/api/job/getJobsByEmployer 
2023-03-15 19:27:32 [development] info: Method:POST URL:/api/job/getJobsByEmployer 
2023-03-15 19:27:35 [development] info: Method:PUT URL:/api/job/6411c1f9a5e7e696b5673460 
2023-03-15 19:27:43 [development] info: Method:POST URL:/api/job/getJobsByEmployer 
2023-03-15 19:27:43 [development] info: Method:POST URL:/api/job/getJobsByEmployer 
2023-03-15 19:28:26 [development] info: Method:PUT URL:/api/job/6411c1f9a5e7e696b5673460 
2023-03-15 19:28:41 [development] info: Method:POST URL:/api/job/getJobsByEmployer 
2023-03-15 19:28:45 [development] info: Method:POST URL:/api/job/getJobsByEmployer 
2023-03-15 19:28:50 [development] info: Method:POST URL:/api/job/getJobsByEmployer 
2023-03-15 19:28:50 [development] info: Method:POST URL:/api/job/getJobsByEmployer 
2023-03-15 19:28:50 [development] info: Method:POST URL:/api/job/getJobsByEmployer 
2023-03-15 19:29:02 [development] info: Method:POST URL:/api/job/getJobsByEmployer 
2023-03-15 19:29:18 [development] info: Method:POST URL:/api/job/getJobsByEmployer 
2023-03-15 19:29:26 [development] info: Method:PUT URL:/api/job/6411c1f9a5e7e696b5673460 
2023-03-15 19:29:44 [development] info: Method:POST URL:/api/job/getJobsByEmployer 
2023-03-15 19:30:06 [development] info: Method:POST URL:/api/job/getJobsByEmployer 
2023-03-15 19:30:11 [development] info: Method:PUT URL:/api/job/6411c1f9a5e7e696b5673460 
2023-03-15 19:30:43 [development] info: Method:POST URL:/api/job/getJobsByEmployer 
2023-03-15 19:30:49 [development] info: Method:PUT URL:/api/job/6411c1f9a5e7e696b5673460 
2023-03-15 19:30:53 [development] info: Method:PUT URL:/api/job/6411c1f9a5e7e696b5673460 
2023-03-15 19:31:15 [development] info: Method:POST URL:/api/job/getJobsByEmployer 
2023-03-15 19:31:15 [development] info: Method:POST URL:/api/job/getJobsByEmployer 
2023-03-15 19:31:21 [development] info: Method:POST URL:/api/job/getJobsByEmployer 
2023-03-15 19:33:16 [development] info: Method:POST URL:/api/job/getJobsByEmployer 
2023-03-15 19:33:35 [development] info: Method:POST URL:/api/job/getJobsByEmployer 
2023-03-15 19:33:41 [development] info: Method:PUT URL:/api/job/6411c1f9a5e7e696b5673460 
2023-03-15 19:33:45 [development] info: Method:PUT URL:/api/job/6411c1f9a5e7e696b5673460 
2023-03-15 19:33:55 [development] info: Method:PUT URL:/api/job/6408a9a6c2675f6cc0210361 
2023-03-15 19:33:59 [development] info: Method:PUT URL:/api/job/6408a9a6c2675f6cc0210361 
2023-03-15 19:37:38 [development] info: Method:DELETE URL:/api/job/640a399ec48d272beb04ce54 
2023-03-15 19:37:45 [development] info: Method:POST URL:/api/job/getJobsByEmployer 
2023-03-15 19:37:45 [development] info: Method:POST URL:/api/job/getJobsByEmployer 
2023-03-15 19:38:06 [development] info: Method:POST URL:/api/job/getJobsByEmployer 
2023-03-15 19:38:35 [development] info: Method:DELETE URL:/api/job/6411c0a9305a6226cb29a9ee 
2023-03-15 19:39:01 [development] info: Method:POST URL:/api/job/getJobsByEmployer 
2023-03-15 19:41:54 [development] info: Method:POST URL:/api/job/getJobsByEmployer 
2023-03-15 19:41:55 [development] info: Method:POST URL:/api/job/getJobsByEmployer 
2023-03-15 19:42:21 [development] info: Method:POST URL:/api/job/getJobsByEmployer 
2023-03-15 19:42:21 [development] info: Method:POST URL:/api/job/getJobsByEmployer 
2023-03-15 19:43:36 [development] info: Method:POST URL:/api/job/getJobsByEmployer 
2023-03-15 19:43:36 [development] info: Method:POST URL:/api/job/getJobsByEmployer 
2023-03-15 19:44:33 [development] info: Method:POST URL:/api/job/getJobsByEmployer 
2023-03-15 19:44:36 [development] info: Method:POST URL:/api/job/getJobsByEmployer 
2023-03-15 19:44:54 [development] info: Method:POST URL:/api/job/getJobsByEmployer 
2023-03-15 19:44:59 [development] info: Method:POST URL:/api/job/getJobsByEmployer 
2023-03-15 19:45:15 [development] info: Method:POST URL:/api/job/getJobsByEmployer 
2023-03-15 19:45:40 [development] info: Method:DELETE URL:/api/job/6408fcdf4cebd1ce2e6e4eb5 
2023-03-15 19:45:47 [development] info: Method:POST URL:/api/job/getJobsByEmployer 
2023-03-15 19:45:47 [development] info: Method:POST URL:/api/job/getJobsByEmployer 
2023-03-15 19:46:19 [development] info: Method:GET URL:/api/user/63f4e315b8d06f42a93d3ee8 
2023-03-15 19:46:19 [development] info: Method:GET URL:/api/job?page=1&limit=5 
2023-03-15 19:46:27 [development] info: Method:GET URL:/api/job?page=2&limit=5 
2023-03-15 19:46:30 [development] info: Method:GET URL:/api/job?page=3&limit=5 
2023-03-15 19:48:46 [development] info: Method:POST URL:/api/job/getJobsByEmployer 
2023-03-15 19:48:46 [development] info: Method:POST URL:/api/job/getJobsByEmployer 
2023-03-15 19:48:53 [development] info: Method:GET URL:/api/user/63f4e315b8d06f42a93d3ee8 
2023-03-15 19:48:53 [development] info: Method:GET URL:/api/job?page=1&limit=5 
2023-03-15 19:49:17 [development] info: Method:GET URL:/api/user/63f4e315b8d06f42a93d3ee8 
2023-03-15 19:49:17 [development] info: Method:GET URL:/api/job?page=1&limit=5 
2023-03-15 19:49:28 [development] info: Method:GET URL:/api/job?page=2&limit=5 
2023-03-15 19:50:06 [development] info: Method:POST URL:/api/job/getJobsByEmployer 
2023-03-15 19:50:06 [development] info: Method:POST URL:/api/job/getJobsByEmployer 
2023-03-15 19:50:08 [development] info: Method:PUT URL:/api/job/6408a9a6c2675f6cc0210361 
2023-03-15 19:50:09 [development] info: Method:PUT URL:/api/job/6408a9a6c2675f6cc0210361 
2023-03-15 19:50:11 [development] info: Method:PUT URL:/api/job/6408ab40c2675f6cc0210364 
2023-03-15 19:50:13 [development] info: Method:PUT URL:/api/job/6408ab40c2675f6cc0210364 
2023-03-15 19:50:13 [development] info: Method:PUT URL:/api/job/6408ab40c2675f6cc0210364 
2023-03-15 19:50:20 [development] info: Method:PUT URL:/api/job/6409d8ff4cebd1ce2e6e4f5d 
2023-03-15 19:50:21 [development] info: Method:PUT URL:/api/job/6409d8ff4cebd1ce2e6e4f5d 
2023-03-15 19:50:23 [development] info: Method:PUT URL:/api/job/640a392ac48d272beb04ce4d 
2023-03-15 19:50:24 [development] info: Method:PUT URL:/api/job/640a392ac48d272beb04ce4d 
2023-03-15 19:50:26 [development] info: Method:PUT URL:/api/job/640a37a64cebd1ce2e6e4fe2 
2023-03-15 19:50:27 [development] info: Method:PUT URL:/api/job/640a37a64cebd1ce2e6e4fe2 
2023-03-15 19:50:28 [development] info: Method:PUT URL:/api/job/640a35f24cebd1ce2e6e4fdb 
2023-03-15 19:50:29 [development] info: Method:PUT URL:/api/job/640a35f24cebd1ce2e6e4fdb 
2023-03-15 19:50:31 [development] info: Method:PUT URL:/api/job/640a3a47c48d272beb04ce61 
2023-03-15 19:50:32 [development] info: Method:PUT URL:/api/job/640a3a47c48d272beb04ce61 
2023-03-15 19:50:33 [development] info: Method:PUT URL:/api/job/640a3aa6c48d272beb04ce64 
2023-03-15 19:50:34 [development] info: Method:PUT URL:/api/job/640a3aa6c48d272beb04ce64 
2023-03-15 19:50:37 [development] info: Method:PUT URL:/api/job/6410db5982a1867aa3f29010 
2023-03-15 19:50:38 [development] info: Method:PUT URL:/api/job/6410db5982a1867aa3f29010 
2023-03-15 19:50:41 [development] info: Method:PUT URL:/api/job/6411c2a3a5e7e696b5673466 
2023-03-15 19:50:41 [development] info: Method:PUT URL:/api/job/6411c2a3a5e7e696b5673466 
2023-03-15 19:50:42 [development] info: Method:PUT URL:/api/job/6411c2a3a5e7e696b5673466 
2023-03-15 19:50:54 [development] info: Method:GET URL:/api/user/63f4e315b8d06f42a93d3ee8 
2023-03-15 19:50:54 [development] info: Method:GET URL:/api/job?page=1&limit=5 
2023-03-15 19:50:58 [development] info: Method:GET URL:/api/job?page=2&limit=5 
2023-03-15 19:51:01 [development] info: Method:GET URL:/api/job?page=3&limit=5 
2023-03-15 19:51:34 [development] info: Method:GET URL:/api/user/63f4e315b8d06f42a93d3ee8 
2023-03-15 19:51:34 [development] info: Method:GET URL:/api/job?page=1&limit=5 
2023-03-15 19:51:38 [development] info: Method:GET URL:/api/job?page=2&limit=5 
2023-03-15 19:56:31 [development] info: Method:GET URL:/api/user/63f4e315b8d06f42a93d3ee8 
2023-03-15 19:56:31 [development] info: Method:GET URL:/api/job?page=1&limit=5 
2023-03-15 20:08:06 [development] info: Method:GET URL:/api/job?page=1&limit=5 
2023-03-15 20:09:10 [development] info: Method:GET URL:/api/job?page=1&limit=5 
2023-03-15 20:09:10 [development] info: Method:GET URL:/api/job?page=1&limit=5 
2023-03-15 20:09:10 [development] info: Method:GET URL:/api/job?page=1&limit=5 
2023-03-15 20:09:10 [development] info: Method:GET URL:/api/job?page=1&limit=5 
2023-03-15 20:09:10 [development] info: Method:GET URL:/api/job?page=1&limit=5 
2023-03-15 20:09:10 [development] info: Method:GET URL:/api/job?page=1&limit=5 
2023-03-15 20:09:10 [development] info: Method:GET URL:/api/job?page=1&limit=5 
2023-03-15 20:09:10 [development] info: Method:GET URL:/api/job?page=1&limit=5 
2023-03-15 20:09:10 [development] info: Method:GET URL:/api/job?page=1&limit=5 
2023-03-15 20:09:10 [development] info: Method:GET URL:/api/job?page=1&limit=5 
2023-03-15 20:14:15 [development] info: Method:GET URL:/api/user/640d00913c71c387f72724d0 
2023-03-15 20:14:15 [development] info: Method:GET URL:/api/job?page=1&limit=5 
2023-03-15 20:14:23 [development] info: Method:PUT URL:/api/user/applySave/640d00913c71c387f72724d0 
2023-03-15 20:14:35 [development] info: Method:PUT URL:/api/user/applySave/640d00913c71c387f72724d0 
2023-03-15 20:15:24 [development] info: Method:GET URL:/api/job?page=1&limit=5 
2023-03-15 20:15:54 [development] info: Method:GET URL:/api/user/6411d31a124aa00ed905a916 
2023-03-15 20:15:54 [development] info: Method:GET URL:/api/job?page=1&limit=5 
2023-03-15 20:16:07 [development] info: Method:PUT URL:/api/user/applySave/6411d31a124aa00ed905a916 
2023-03-15 20:16:09 [development] info: Method:PUT URL:/api/user/applySave/6411d31a124aa00ed905a916 
2023-03-15 20:16:21 [development] info: Method:PUT URL:/api/user/applySave/6411d31a124aa00ed905a916 
2023-03-15 20:16:34 [development] info: Method:GET URL:/api/user/6411d31a124aa00ed905a916 
2023-03-15 20:16:34 [development] info: Method:GET URL:/api/user/6411d31a124aa00ed905a916 
2023-03-15 20:16:51 [development] info: Method:PUT URL:/api/user/6411d31a124aa00ed905a916 
2023-03-15 20:17:01 [development] info: Method:GET URL:/api/user/6411d31a124aa00ed905a916 
2023-03-15 20:17:01 [development] info: Method:GET URL:/api/job?page=1&limit=5 
2023-03-15 20:17:06 [development] info: Method:PUT URL:/api/user/applySave/6411d31a124aa00ed905a916 
2023-03-15 20:17:32 [development] info: Method:GET URL:/api/user/getJobList/6411d31a124aa00ed905a916 
2023-03-15 20:17:32 [development] info: Method:GET URL:/api/user/getJobList/6411d31a124aa00ed905a916 
2023-03-15 20:17:42 [development] info: Method:PUT URL:/api/user/applySave/6411d31a124aa00ed905a916 
2023-03-15 20:17:48 [development] info: Method:PUT URL:/api/user/applySave/6411d31a124aa00ed905a916 
2023-03-15 20:17:52 [development] info: Method:PUT URL:/api/user/applySave/6411d31a124aa00ed905a916 
2023-03-15 20:17:54 [development] info: Method:PUT URL:/api/user/applySave/6411d31a124aa00ed905a916 
2023-03-15 20:18:49 [development] info: Method:GET URL:/api/user/6411d31a124aa00ed905a916 
2023-03-15 20:18:49 [development] info: Method:GET URL:/api/user/6411d31a124aa00ed905a916 
2023-03-15 20:18:57 [development] info: Method:POST URL:/api/cloudinary/signature 
2023-03-15 20:19:00 [development] info: Method:PUT URL:/api/user/6411d31a124aa00ed905a916 
2023-03-15 20:19:08 [development] info: Method:GET URL:/api/user/6411d31a124aa00ed905a916 
2023-03-15 20:19:08 [development] info: Method:GET URL:/api/user/6411d31a124aa00ed905a916 
2023-03-15 20:19:57 [development] info: Method:POST URL:/api/user/checkUser 
2023-03-15 20:20:15 [development] info: Method:POST URL:/api/user/register 
2023-03-15 20:20:32 [development] info: Method:GET URL:/api/user/6411d41f5ba1e6429a8ca2d8 
2023-03-15 20:20:32 [development] info: Method:GET URL:/api/job?page=1&limit=5 
2023-03-15 20:20:44 [development] info: Method:POST URL:/api/job/getJobsByEmployer 
2023-03-15 20:20:44 [development] info: Method:POST URL:/api/job/getJobsByEmployer 
2023-03-15 20:20:55 [development] info: Method:GET URL:/api/user/6411d41f5ba1e6429a8ca2d8 
2023-03-15 20:20:56 [development] info: Method:GET URL:/api/job?page=1&limit=5 
2023-03-15 20:21:24 [development] info: Method:GET URL:/api/search?searchCollection=jobs&searchTerm=manager&searchField=title 
2023-03-15 20:21:41 [development] info: Method:GET URL:/api/search?searchCollection=jobs&searchTerm=ireland&searchField=location 
2023-03-15 20:21:51 [development] info: Method:GET URL:/api/job?page=1&limit=5 
2023-03-15 20:22:03 [development] info: Method:GET URL:/api/user/6411d41f5ba1e6429a8ca2d8 
2023-03-15 20:22:03 [development] info: Method:GET URL:/api/user/6411d41f5ba1e6429a8ca2d8 
2023-03-15 20:22:09 [development] info: Method:POST URL:/api/job/getJobsByEmployer 
2023-03-15 20:22:09 [development] info: Method:POST URL:/api/job/getJobsByEmployer 
2023-03-15 20:22:27 [development] info: Method:GET URL:/api/user/6411d41f5ba1e6429a8ca2d8 
2023-03-15 20:22:27 [development] info: Method:GET URL:/api/user/6411d41f5ba1e6429a8ca2d8 
2023-03-15 20:22:43 [development] info: Method:PUT URL:/api/user/6411d41f5ba1e6429a8ca2d8 
2023-03-15 20:22:56 [development] info: Method:POST URL:/api/cloudinary/signature 
2023-03-15 20:22:59 [development] info: Method:PUT URL:/api/user/6411d41f5ba1e6429a8ca2d8 
2023-03-15 20:23:03 [development] info: Method:GET URL:/api/user/6411d41f5ba1e6429a8ca2d8 
2023-03-15 20:23:03 [development] info: Method:GET URL:/api/user/6411d41f5ba1e6429a8ca2d8 
2023-03-15 20:23:18 [development] info: Method:POST URL:/api/job/getJobsByEmployer 
2023-03-15 20:23:18 [development] info: Method:POST URL:/api/job/getJobsByEmployer 
2023-03-15 20:24:00 [development] info: Method:GET URL:/api/user/6411d41f5ba1e6429a8ca2d8 
2023-03-15 20:24:00 [development] info: Method:GET URL:/api/user/6411d41f5ba1e6429a8ca2d8 
2023-03-15 20:24:06 [development] info: Method:POST URL:/api/job/getJobsByEmployer 
2023-03-15 20:24:06 [development] info: Method:POST URL:/api/job/getJobsByEmployer 
2023-03-15 20:25:58 [development] info: Method:GET URL:/api/user/6411d41f5ba1e6429a8ca2d8 
2023-03-15 20:25:58 [development] info: Method:GET URL:/api/user/6411d41f5ba1e6429a8ca2d8 
2023-03-15 20:26:07 [development] info: Method:POST URL:/api/job/getJobsByEmployer 
2023-03-15 20:26:07 [development] info: Method:POST URL:/api/job/getJobsByEmployer 
2023-03-15 20:27:52 [development] info: Method:GET URL:/api/user/getJobList/6411d31a124aa00ed905a916 
2023-03-15 20:27:52 [development] info: Method:GET URL:/api/user/getJobList/6411d31a124aa00ed905a916 
2023-03-15 20:30:08 [development] info: Method:POST URL:/api/cloudinary/signature 
2023-03-15 20:30:11 [development] info: Method:POST URL:/api/job 
2023-03-15 20:30:34 [development] info: Method:GET URL:/api/user/6411d31a124aa00ed905a916 
2023-03-15 20:30:35 [development] info: Method:GET URL:/api/job?page=1&limit=5 
2023-03-15 20:30:40 [development] info: Method:PUT URL:/api/user/applySave/6411d31a124aa00ed905a916 
2023-03-15 20:30:51 [development] info: Method:POST URL:/api/job/getJobsByEmployer 
2023-03-15 20:30:51 [development] info: Method:POST URL:/api/job/getJobsByEmployer 
2023-03-15 20:30:57 [development] info: Method:GET URL:/api/user/6411d31a124aa00ed905a916 
2023-03-15 20:31:12 [development] info: Method:POST URL:/api/job/getJobsByEmployer 
2023-03-15 20:31:12 [development] info: Method:POST URL:/api/job/getJobsByEmployer 
2023-03-15 20:31:28 [development] info: Method:PUT URL:/api/job/6411d6735ba1e6429a8ca30e 
2023-03-15 20:31:33 [development] info: Method:POST URL:/api/job/getJobsByEmployer 
2023-03-15 20:31:33 [development] info: Method:POST URL:/api/job/getJobsByEmployer 
2023-03-15 20:31:42 [development] info: Method:PUT URL:/api/job/6411d6735ba1e6429a8ca30e 
2023-03-15 20:31:46 [development] info: Method:GET URL:/api/user/6411d31a124aa00ed905a916 
2023-03-15 20:31:46 [development] info: Method:GET URL:/api/job?page=1&limit=5 
2023-03-15 20:31:51 [development] info: Method:PUT URL:/api/job/6411d6735ba1e6429a8ca30e 
2023-03-15 20:31:54 [development] info: Method:GET URL:/api/user/6411d31a124aa00ed905a916 
2023-03-15 20:31:54 [development] info: Method:GET URL:/api/job?page=1&limit=5 
2023-03-15 20:34:19 [development] info: Method:GET URL:/api/user/6411d31a124aa00ed905a916 
2023-03-15 20:34:19 [development] info: Method:GET URL:/api/job?page=1&limit=5 
2023-03-15 20:34:34 [development] info: Method:POST URL:/api/cloudinary/signature 
2023-03-15 20:34:34 [development] info: Method:POST URL:/api/job 
2023-03-15 20:34:41 [development] info: Method:POST URL:/api/job/getJobsByEmployer 
2023-03-15 20:34:41 [development] info: Method:POST URL:/api/job/getJobsByEmployer 
2023-03-15 20:34:45 [development] info: Method:GET URL:/api/user/6411d31a124aa00ed905a916 
2023-03-15 20:34:45 [development] info: Method:GET URL:/api/job?page=1&limit=5 
2023-03-15 20:35:31 [development] info: Method:PUT URL:/api/job/6411d77a5ba1e6429a8ca34d 
2023-03-15 20:35:42 [development] info: Method:POST URL:/api/job/getJobsByEmployer 
2023-03-15 20:35:42 [development] info: Method:POST URL:/api/job/getJobsByEmployer 
2023-03-15 20:38:14 [development] info: Method:PUT URL:/api/job/6411d77a5ba1e6429a8ca34d 
2023-03-15 20:38:20 [development] info: Method:POST URL:/api/job/getJobsByEmployer 
2023-03-15 20:38:20 [development] info: Method:POST URL:/api/job/getJobsByEmployer 
2023-03-15 20:38:40 [development] info: Method:GET URL:/api/user/6411d31a124aa00ed905a916 
2023-03-15 20:38:41 [development] info: Method:GET URL:/api/job?page=1&limit=5 
2023-03-15 20:39:04 [development] info: Method:GET URL:/api/job?page=1&limit=5 
2023-03-15 20:43:40 [development] info: Method:GET URL:/api/user/6411d31a124aa00ed905a916 
2023-03-15 20:43:40 [development] info: Method:GET URL:/api/user/6411d31a124aa00ed905a916 
2023-03-15 20:43:43 [development] info: Method:GET URL:/api/user/getJobList/6411d31a124aa00ed905a916 
2023-03-15 20:43:44 [development] info: Method:GET URL:/api/user/getJobList/6411d31a124aa00ed905a916 
2023-03-15 20:43:50 [development] info: Method:PUT URL:/api/user/applySave/6411d31a124aa00ed905a916 
2023-03-15 20:43:58 [development] info: Method:PUT URL:/api/user/applySave/6411d31a124aa00ed905a916 
2023-03-15 20:44:00 [development] info: Method:PUT URL:/api/user/applySave/6411d31a124aa00ed905a916 
2023-03-15 20:44:13 [development] info: Method:GET URL:/api/user/getJobList/6411d31a124aa00ed905a916 
2023-03-15 20:44:13 [development] info: Method:GET URL:/api/user/getJobList/6411d31a124aa00ed905a916 
2023-03-15 20:50:44 [development] info: Method:GET URL:/api/job?page=1&limit=5 
2023-03-15 20:57:09 [development] info: Method:GET URL:/api/job?page=1&limit=5 
2023-03-15 20:57:15 [development] info: Method:GET URL:/api/job?page=1&limit=5 
2023-03-15 21:16:49 [development] info: Method:GET URL:/api/job?page=1&limit=5 
2023-03-15 21:17:49 [development] info: Method:GET URL:/api/search?searchCollection=jobs&searchTerm=New&searchField=title 
2023-03-15 21:18:18 [development] info: Method:GET URL:/api/search?searchCollection=jobs&searchTerm=ireland&searchField=location 
2023-03-15 21:18:36 [development] info: Method:GET URL:/api/job?page=1&limit=5 
2023-03-15 21:22:55 [development] info: Method:GET URL:/api/job?page=2&limit=5 
2023-03-15 21:23:08 [development] info: Method:GET URL:/api/job?page=3&limit=5 
2023-03-15 21:24:04 [development] info: Method:GET URL:/api/search?searchCollection=jobs&searchTerm=banana&searchField=location 
2023-03-15 21:24:25 [development] info: Method:GET URL:/api/search?searchCollection=jobs&searchTerm=banana&searchField=location 
2023-03-15 21:25:39 [development] info: Method:GET URL:/api/job?page=1&limit=5 
2023-03-15 21:26:26 [development] info: Method:GET URL:/api/user/6411e3a1124aa00ed905a918 
2023-03-15 21:26:26 [development] info: Method:GET URL:/api/job?page=1&limit=5 
2023-03-15 21:28:41 [development] info: Method:GET URL:/api/job?page=1&limit=5 
2023-03-15 21:32:14 [development] info: Method:GET URL:/api/job?page=1&limit=5 
2023-03-15 21:34:06 [development] info: Method:GET URL:/api/user/6411e56d124aa00ed905a91d 
2023-03-15 21:34:06 [development] info: Method:GET URL:/api/job?page=1&limit=5 
2023-03-15 21:35:33 [development] info: Method:GET URL:/api/user/6411e56d124aa00ed905a91d 
2023-03-15 21:35:33 [development] info: Method:GET URL:/api/user/6411e56d124aa00ed905a91d 
2023-03-15 21:35:58 [development] info: Method:GET URL:/api/user/6411e56d124aa00ed905a91d 
2023-03-15 21:35:58 [development] info: Method:GET URL:/api/job?page=1&limit=5 
2023-03-15 21:37:12 [development] info: Method:GET URL:/api/user/6411e56d124aa00ed905a91d 
2023-03-15 21:37:12 [development] info: Method:GET URL:/api/user/6411e56d124aa00ed905a91d 
2023-03-15 21:38:19 [development] info: Method:POST URL:/api/cloudinary/signature 
2023-03-15 21:38:25 [development] info: Method:PUT URL:/api/user/6411e56d124aa00ed905a91d 
2023-03-15 21:38:32 [development] info: Method:GET URL:/api/user/6411e56d124aa00ed905a91d 
2023-03-15 21:38:33 [development] info: Method:GET URL:/api/user/6411e56d124aa00ed905a91d 
2023-03-15 21:43:54 [development] info: Method:PUT URL:/api/user/6411e56d124aa00ed905a91d 
2023-03-15 21:44:05 [development] info: Method:GET URL:/api/user/6411e56d124aa00ed905a91d 
2023-03-15 21:44:05 [development] info: Method:GET URL:/api/user/6411e56d124aa00ed905a91d 
2023-03-15 21:45:07 [development] info: Method:PUT URL:/api/user/6411e56d124aa00ed905a91d 
2023-03-15 21:45:14 [development] info: Method:GET URL:/api/user/6411e56d124aa00ed905a91d 
2023-03-15 21:45:14 [development] info: Method:GET URL:/api/user/6411e56d124aa00ed905a91d 
2023-03-15 21:45:49 [development] info: Method:PUT URL:/api/user/6411e56d124aa00ed905a91d 
2023-03-15 21:45:57 [development] info: Method:GET URL:/api/user/6411e56d124aa00ed905a91d 
2023-03-15 21:45:58 [development] info: Method:GET URL:/api/user/6411e56d124aa00ed905a91d 
2023-03-15 21:46:14 [development] info: Method:GET URL:/api/user/6411e56d124aa00ed905a91d 
2023-03-15 21:46:14 [development] info: Method:GET URL:/api/job?page=1&limit=5 
2023-03-15 21:46:25 [development] info: Method:PUT URL:/api/user/applySave/6411e56d124aa00ed905a91d 
2023-03-15 21:47:48 [development] info: Method:PUT URL:/api/user/applySave/6411e56d124aa00ed905a91d 
2023-03-15 21:48:25 [development] info: Method:GET URL:/api/user/getJobList/6411e56d124aa00ed905a91d 
2023-03-15 21:48:26 [development] info: Method:GET URL:/api/user/getJobList/6411e56d124aa00ed905a91d 
2023-03-15 21:48:57 [development] info: Method:PUT URL:/api/user/applySave/6411e56d124aa00ed905a91d 
2023-03-15 21:49:28 [development] info: Method:PUT URL:/api/user/applySave/6411e56d124aa00ed905a91d 
2023-03-15 21:49:49 [development] info: Method:PUT URL:/api/user/applySave/6411e56d124aa00ed905a91d 
2023-03-15 21:50:35 [development] info: Method:PUT URL:/api/user/applySave/6411e56d124aa00ed905a91d 
2023-03-15 21:51:35 [development] info: Method:GET URL:/api/user/6411e56d124aa00ed905a91d 
2023-03-15 21:51:36 [development] info: Method:GET URL:/api/job?page=1&limit=5 
2023-03-15 21:51:57 [development] info: Method:GET URL:/api/user/getJobList/6411e56d124aa00ed905a91d 
2023-03-15 21:51:57 [development] info: Method:GET URL:/api/user/getJobList/6411e56d124aa00ed905a91d 
2023-03-15 21:54:29 [development] info: Method:GET URL:/api/user/6411e56d124aa00ed905a91d 
2023-03-15 21:54:30 [development] info: Method:GET URL:/api/job?page=1&limit=5 
2023-03-15 21:56:18 [development] info: Method:POST URL:/api/user/checkUser 
2023-03-15 21:56:45 [development] info: Method:POST URL:/api/user/register 
2023-03-15 21:57:02 [development] info: Method:GET URL:/api/user/6411eabd5ba1e6429a8ca41d 
2023-03-15 21:57:02 [development] info: Method:GET URL:/api/job?page=1&limit=5 
2023-03-15 21:57:36 [development] info: Method:GET URL:/api/user/6411eabd5ba1e6429a8ca41d 
2023-03-15 21:57:36 [development] info: Method:GET URL:/api/user/6411eabd5ba1e6429a8ca41d 
2023-03-15 21:58:16 [development] info: Method:POST URL:/api/cloudinary/signature 
2023-03-15 21:58:20 [development] info: Method:PUT URL:/api/user/6411eabd5ba1e6429a8ca41d 
2023-03-15 21:59:08 [development] info: Method:PUT URL:/api/user/6411eabd5ba1e6429a8ca41d 
2023-03-15 21:59:15 [development] info: Method:GET URL:/api/user/6411eabd5ba1e6429a8ca41d 
2023-03-15 21:59:15 [development] info: Method:GET URL:/api/user/6411eabd5ba1e6429a8ca41d 
2023-03-15 21:59:35 [development] info: Method:PUT URL:/api/user/6411eabd5ba1e6429a8ca41d 
2023-03-15 21:59:41 [development] info: Method:GET URL:/api/user/6411eabd5ba1e6429a8ca41d 
2023-03-15 21:59:41 [development] info: Method:GET URL:/api/user/6411eabd5ba1e6429a8ca41d 
2023-03-15 21:59:55 [development] info: Method:POST URL:/api/job/getJobsByEmployer 
2023-03-15 21:59:55 [development] info: Method:POST URL:/api/job/getJobsByEmployer 
2023-03-15 22:05:46 [development] info: Method:POST URL:/api/cloudinary/signature 
2023-03-15 22:05:50 [development] info: Method:POST URL:/api/job 
2023-03-15 22:06:08 [development] info: Method:GET URL:/api/user/6411eabd5ba1e6429a8ca41d 
2023-03-15 22:06:08 [development] info: Method:GET URL:/api/job?page=1&limit=5 
2023-03-15 22:07:28 [development] info: Method:POST URL:/api/job/getJobsByEmployer 
2023-03-15 22:07:28 [development] info: Method:POST URL:/api/job/getJobsByEmployer 
2023-03-15 22:09:20 [development] info: Method:GET URL:/api/user/6411eabd5ba1e6429a8ca41d 
2023-03-15 22:09:20 [development] info: Method:GET URL:/api/job?page=1&limit=5 
2023-03-15 22:09:31 [development] info: Method:POST URL:/api/job/getJobsByEmployer 
2023-03-15 22:09:31 [development] info: Method:POST URL:/api/job/getJobsByEmployer 
2023-03-15 22:09:38 [development] info: Method:PUT URL:/api/job/6411ecde5ba1e6429a8ca439 
2023-03-15 22:10:02 [development] info: Method:GET URL:/api/user/6411eabd5ba1e6429a8ca41d 
2023-03-15 22:10:02 [development] info: Method:GET URL:/api/job?page=1&limit=5 
2023-03-15 22:10:17 [development] info: Method:POST URL:/api/job/getJobsByEmployer 
2023-03-15 22:10:17 [development] info: Method:POST URL:/api/job/getJobsByEmployer 
2023-03-15 22:13:09 [development] info: Method:GET URL:/api/user/6411e56d124aa00ed905a91d 
2023-03-15 22:13:09 [development] info: Method:GET URL:/api/job?page=1&limit=5 
2023-03-15 22:13:29 [development] info: Method:PUT URL:/api/job/6411ecde5ba1e6429a8ca439 
2023-03-15 22:13:34 [development] info: Method:GET URL:/api/user/6411e56d124aa00ed905a91d 
2023-03-15 22:13:35 [development] info: Method:GET URL:/api/job?page=1&limit=5 
2023-03-15 22:14:01 [development] info: Method:PUT URL:/api/user/applySave/6411e56d124aa00ed905a91d 
2023-03-15 22:14:12 [development] info: Method:POST URL:/api/job/getJobsByEmployer 
2023-03-15 22:14:12 [development] info: Method:POST URL:/api/job/getJobsByEmployer 
2023-03-15 22:14:49 [development] info: Method:GET URL:/api/user/6411e56d124aa00ed905a91d 
2023-03-15 22:15:03 [development] info: Method:POST URL:/api/job/getJobsByEmployer 
2023-03-15 22:15:03 [development] info: Method:POST URL:/api/job/getJobsByEmployer 
2023-03-15 22:15:31 [development] info: Method:PUT URL:/api/job/6411ecde5ba1e6429a8ca439 
2023-03-15 22:15:38 [development] info: Method:POST URL:/api/job/getJobsByEmployer 
2023-03-15 22:15:38 [development] info: Method:POST URL:/api/job/getJobsByEmployer 
2023-03-15 22:16:53 [development] info: Method:POST URL:/api/cloudinary/signature 
2023-03-15 22:16:57 [development] info: Method:POST URL:/api/job 
2023-03-15 22:17:23 [development] info: Method:GET URL:/api/user/6411eabd5ba1e6429a8ca41d 
2023-03-15 22:17:23 [development] info: Method:GET URL:/api/job?page=1&limit=5 
2023-03-15 22:17:40 [development] info: Method:POST URL:/api/job/getJobsByEmployer 
2023-03-15 22:17:40 [development] info: Method:POST URL:/api/job/getJobsByEmployer 
2023-03-15 22:18:40 [development] info: Method:PUT URL:/api/job/6411ef795ba1e6429a8ca47c 
2023-03-15 22:18:49 [development] info: Method:POST URL:/api/job/getJobsByEmployer 
2023-03-15 22:18:49 [development] info: Method:POST URL:/api/job/getJobsByEmployer 
2023-03-15 22:19:16 [development] info: Method:PUT URL:/api/job/6411ef795ba1e6429a8ca47c 
2023-03-15 22:19:22 [development] info: Method:PUT URL:/api/job/6411ef795ba1e6429a8ca47c 
2023-03-15 22:19:33 [development] info: Method:GET URL:/api/user/6411eabd5ba1e6429a8ca41d 
2023-03-15 22:19:33 [development] info: Method:GET URL:/api/job?page=1&limit=5 
2023-03-15 22:19:58 [development] info: Method:GET URL:/api/job?page=1&limit=5 
2023-03-15 22:20:38 [development] info: Method:GET URL:/api/user/getJobList/6411e56d124aa00ed905a91d 
2023-03-15 22:20:38 [development] info: Method:GET URL:/api/user/getJobList/6411e56d124aa00ed905a91d 
